W0430 10:45:15.904000 135069 torch/distributed/run.py:803] 
W0430 10:45:15.904000 135069 torch/distributed/run.py:803] *****************************************
W0430 10:45:15.904000 135069 torch/distributed/run.py:803] Setting OMP_NUM_THREADS environment variable for each process to be 1 in default, to avoid your system being overloaded, please further tune the variable for optimal performance in your application as needed. 
W0430 10:45:15.904000 135069 torch/distributed/run.py:803] *****************************************
Hyperparameters:
  adam_eps: 1e-08
  adam_wd: 0.02
  artifact_dir: 
  attn_clip_sigmas: 13.0
  beta1: 0.9
  beta2: 0.95
  compressor: brotli
  data_dir: ./data/
  datasets_dir: ./data/datasets/fineweb10B_sp8192
  distributed: True
  ema_decay: 0.9965
  embed_bits: 7
  embed_clip_sigmas: 15.0
  embed_lr: 0.6
  embed_wd: 0.085
  enable_looping_at: 0.35
  eval_seq_len: 2048
  eval_stride: 64
  gate_attn_out: True
  gate_attn_width: 24
  global_ttt_batch_seqs: 32
  global_ttt_chunk_tokens: 32768
  global_ttt_epochs: 1
  global_ttt_grad_clip: 1.0
  global_ttt_lr: 0.001
  global_ttt_momentum: 0.9
  global_ttt_respect_doc_boundaries: True
  global_ttt_warmup_chunks: 0
  global_ttt_warmup_start_lr: 0.0
  gptq_calibration_batches: 16
  gptq_reserve_seconds: 0.5
  grad_accum_steps: 1
  grad_clip_norm: 0.3
  is_main_process: True
  iterations: 20000
  ln_scale: True
  local_rank: 0
  logfile: logs/12cf74e2-9623-41c7-8d75-1c6df8277d86.txt
  logit_softcap: 30.0
  loop_end: 5
  loop_start: 3
  lqer_asym_enabled: True
  lqer_asym_group: 64
  lqer_enabled: True
  lqer_factor_bits: 4
  lqer_rank: 4
  lqer_top_k: 3
  matrix_bits: 6
  matrix_clip_sigmas: 12.85
  matrix_lr: 0.026
  max_wallclock_seconds: 600.0
  min_lr: 0.1
  mlp_clip_sigmas: 12.0
  mlp_mult: 4.0
  model_dim: 512
  model_path: final_model.pt
  muon_backend_steps: 5
  muon_momentum: 0.97
  muon_momentum_warmup_start: 0.92
  muon_momentum_warmup_steps: 1500
  muon_row_normalize: True
  muon_wd: 0.095
  num_heads: 8
  num_kv_heads: 4
  num_layers: 11
  num_loops: 2
  parallel_final_lane: mean
  parallel_start_layer: 8
  phased_ttt_enabled: True
  phased_ttt_num_phases: 3
  phased_ttt_prefix_docs: 2000
  polar_express_ns: True
  qk_gain_init: 5.25
  quantized_model_path: final_model.int6.ptz
  rank: 0
  rope_base: 10000.0
  rope_dims: 16
  rope_train_seq_len: 2048
  rope_yarn: False
  run_id: 12cf74e2-9623-41c7-8d75-1c6df8277d86
  scalar_lr: 0.02
  seed: 2025
  skip_gates_enabled: True
  sliding_window_enabled: False
  smear_gate_enabled: True
  smear_gate_width: 12
  tie_embeddings: True
  tied_embed_init_std: 0.005
  tied_embed_lr: 0.03
  tokenizer_path: ./data/tokenizers/fineweb_8192_bpe.model
  train_batch_tokens: 786432
  train_files: ./data/datasets/fineweb10B_sp8192/fineweb_train_*.bin
  train_log_every: 500
  train_seq_len: 2048
  ttt_batch_size: 64
  ttt_beta1: 0.0
  ttt_beta2: 0.999
  ttt_chunk_size: 48
  ttt_enabled: True
  ttt_eval_batches: 
  ttt_eval_seq_len: 2048
  ttt_grad_steps: 1
  ttt_k_lora: True
  ttt_lora_lr: 0.0001
  ttt_lora_rank: 128
  ttt_mlp_lora: True
  ttt_o_lora: True
  ttt_optimizer: adam
  ttt_weight_decay: 1.0
  val_batch_tokens: 524288
  val_doc_fraction: 1.0
  val_files: ./data/datasets/fineweb10B_sp8192/fineweb_val_*.bin
  val_loss_every: 0
  vocab_size: 8192
  warmdown_frac: 0.75
  warmup_steps: 20
  world_size: 8
  xsa_last_n: 11
train_shards: 10
val_tokens: 40548352
model_params:35946727
gptq:reserving 0s, effective=599500ms
warmup_cu_buckets:64,128,192,256 iters_each:3
warmup_step: 1/20
warmup_step: 2/20
warmup_step: 3/20
warmup_step: 4/20
warmup_step: 5/20
warmup_step: 6/20
warmup_step: 10/20
warmup_step: 20/20
loop_warmup:enabled encoder:[0, 1, 2, 3, 4, 5, 3, 4] decoder:[5, 3, 4, 5, 6, 7, 8, 9, 10]
loop_warmup_step: 1/20
loop_warmup_step: 2/20
loop_warmup_step: 3/20
loop_warmup_step: 4/20
loop_warmup_step: 5/20
loop_warmup_step: 6/20
loop_warmup_step: 10/20
loop_warmup_step: 20/20
1/20000 train_loss: 9.0060 train_time: 0.0m tok/s: 12372579
2/20000 train_loss: 12.1709 train_time: 0.0m tok/s: 10389560
3/20000 train_loss: 11.2227 train_time: 0.0m tok/s: 9702428
4/20000 train_loss: 9.6120 train_time: 0.0m tok/s: 9324478
5/20000 train_loss: 8.1656 train_time: 0.0m tok/s: 9130527
500/20000 train_loss: 3.2450 train_time: 0.8m tok/s: 8114538
1000/20000 train_loss: 2.9176 train_time: 1.6m tok/s: 8095277
1500/20000 train_loss: 3.3913 train_time: 2.4m tok/s: 8092408
2000/20000 train_loss: 3.0258 train_time: 3.2m tok/s: 8095429
layer_loop:enabled step:2160 frac:0.350 encoder:[0, 1, 2, 3, 4, 5, 3, 4] decoder:[5, 3, 4, 5, 6, 7, 8, 9, 10]
2500/20000 train_loss: 2.9751 train_time: 4.3m tok/s: 7623241
3000/20000 train_loss: 2.9902 train_time: 5.5m tok/s: 7182414
3500/20000 train_loss: 2.9904 train_time: 6.7m tok/s: 6897656
4000/20000 train_loss: 2.8737 train_time: 7.9m tok/s: 6651234
4500/20000 train_loss: 2.9064 train_time: 9.1m tok/s: 6511466
4897/20000 val_loss: 2.8058 val_bpb: 1.0864
stopping_early: wallclock_cap train_time: 599552ms step: 4897/20000
peak memory allocated: 40144 MiB reserved: 44302 MiB
ema:applying EMA weights
diagnostic pre-quantization post-ema val_loss:2.77576231 val_bpb:1.07477117 eval_time:6776ms
Serialized model: 135422397 bytes
Code size (uncompressed): 129630 bytes
Code size (compressed): 32360 bytes
GPTQ:collecting Hessians from calibration data...
GPTQ:collected 67 Hessians in 3.4s
Quantized weights:
  gptq (int6): blocks.attn.c_k.weight, blocks.attn.c_q.weight, blocks.attn.c_v.weight, blocks.attn.proj.weight, blocks.mlp.fc.weight, blocks.mlp.proj.weight
  gptq (int6)+lqer_asym: blocks.mlp.fc.weight
  gptq (int7)+lqer_asym: tok_emb.weight
  passthrough (float16): blocks.attn.attn_gate_proj.weight, blocks.attn.q_gain, blocks.attn_scale, blocks.mlp_scale, blocks.resid_mix, parallel_post_lambdas, parallel_resid_lambdas, skip_gates, skip_weights, smear_gate.weight, smear_lambda
Serialized model quantized+brotli: 15919514 bytes
Total submission size quantized+brotli: 15951874 bytes
diagnostic quantized val_loss:2.80154159 val_bpb:1.08475286 eval_time:10565ms
ttt_lora:warming up compile (random tokens, no val data)
ttt_lora:compile warmup done (103.6s)

beginning TTT eval timer
ttt_phased: total_docs:50000 prefix_docs:2000 suffix_docs:48000 num_phases:3 boundaries:[666, 1333, 2000]
ttp: b776/782 bl:2.7219 bb:1.0895 rl:2.7219 rb:1.0895 dl:6365-7181 gd:0
ttp: b773/782 bl:2.6577 bb:1.0759 rl:2.6935 rb:1.0836 dl:5202-5549 gd:0
ttp: b768/782 bl:2.7133 bb:1.0925 rl:2.6986 rb:1.0859 dl:4126-4305 gd:0
ttpp: phase:1/3 pd:1104 gd:666 t:159.7s
tttg: c1/95 lr:0.001000 t:0.3s
tttg: c2/95 lr:0.001000 t:0.4s
tttg: c3/95 lr:0.000999 t:0.5s
tttg: c4/95 lr:0.000997 t:0.6s
tttg: c5/95 lr:0.000996 t:0.7s
tttg: c6/95 lr:0.000993 t:0.7s
tttg: c7/95 lr:0.000990 t:0.8s
tttg: c8/95 lr:0.000986 t:0.9s
tttg: c9/95 lr:0.000982 t:1.0s
tttg: c10/95 lr:0.000978 t:1.1s
tttg: c11/95 lr:0.000972 t:1.1s
tttg: c12/95 lr:0.000967 t:1.2s
tttg: c13/95 lr:0.000960 t:1.3s
tttg: c14/95 lr:0.000954 t:1.4s
tttg: c15/95 lr:0.000946 t:1.4s
tttg: c16/95 lr:0.000938 t:1.5s
tttg: c17/95 lr:0.000930 t:1.6s
tttg: c18/95 lr:0.000921 t:1.7s
tttg: c19/95 lr:0.000912 t:1.8s
tttg: c20/95 lr:0.000903 t:1.8s
tttg: c21/95 lr:0.000892 t:1.9s
tttg: c22/95 lr:0.000882 t:2.0s
tttg: c23/95 lr:0.000871 t:2.1s
tttg: c24/95 lr:0.000859 t:2.1s
tttg: c25/95 lr:0.000848 t:2.2s
tttg: c26/95 lr:0.000835 t:2.3s
tttg: c27/95 lr:0.000823 t:2.4s
tttg: c28/95 lr:0.000810 t:2.4s
tttg: c29/95 lr:0.000797 t:2.5s
tttg: c30/95 lr:0.000783 t:2.6s
tttg: c31/95 lr:0.000769 t:2.7s
tttg: c32/95 lr:0.000755 t:2.8s
tttg: c33/95 lr:0.000740 t:2.8s
tttg: c34/95 lr:0.000726 t:2.9s
tttg: c35/95 lr:0.000710 t:3.0s
tttg: c36/95 lr:0.000695 t:3.1s
tttg: c37/95 lr:0.000680 t:3.1s
tttg: c38/95 lr:0.000664 t:3.2s
tttg: c39/95 lr:0.000648 t:3.3s
tttg: c40/95 lr:0.000632 t:3.4s
tttg: c41/95 lr:0.000616 t:3.4s
tttg: c42/95 lr:0.000600 t:3.5s
tttg: c43/95 lr:0.000583 t:3.6s
tttg: c44/95 lr:0.000567 t:3.7s
tttg: c45/95 lr:0.000550 t:3.7s
tttg: c46/95 lr:0.000533 t:3.8s
tttg: c47/95 lr:0.000517 t:3.9s
tttg: c48/95 lr:0.000500 t:4.0s
tttg: c49/95 lr:0.000483 t:4.1s
tttg: c50/95 lr:0.000467 t:4.1s
tttg: c51/95 lr:0.000450 t:4.2s
tttg: c52/95 lr:0.000433 t:4.3s
tttg: c53/95 lr:0.000417 t:4.4s
tttg: c54/95 lr:0.000400 t:4.4s
tttg: c55/95 lr:0.000384 t:4.5s
tttg: c56/95 lr:0.000368 t:4.6s
tttg: c57/95 lr:0.000352 t:4.7s
tttg: c58/95 lr:0.000336 t:4.8s
tttg: c59/95 lr:0.000320 t:4.8s
tttg: c60/95 lr:0.000305 t:4.9s
tttg: c61/95 lr:0.000290 t:5.0s
tttg: c62/95 lr:0.000274 t:5.1s
tttg: c63/95 lr:0.000260 t:5.1s
tttg: c64/95 lr:0.000245 t:5.2s
tttg: c65/95 lr:0.000231 t:5.3s
tttg: c66/95 lr:0.000217 t:5.4s
tttg: c67/95 lr:0.000203 t:5.5s
tttg: c68/95 lr:0.000190 t:5.5s
tttg: c69/95 lr:0.000177 t:5.6s
tttg: c70/95 lr:0.000165 t:5.7s
tttg: c71/95 lr:0.000152 t:5.8s
tttg: c72/95 lr:0.000141 t:5.9s
tttg: c73/95 lr:0.000129 t:5.9s
tttg: c74/95 lr:0.000118 t:6.0s
tttg: c75/95 lr:0.000108 t:6.1s
tttg: c76/95 lr:0.000097 t:6.2s
tttg: c77/95 lr:0.000088 t:6.2s
tttg: c78/95 lr:0.000079 t:6.3s
tttg: c79/95 lr:0.000070 t:6.4s
tttg: c80/95 lr:0.000062 t:6.5s
tttg: c81/95 lr:0.000054 t:6.6s
tttg: c82/95 lr:0.000046 t:6.6s
tttg: c83/95 lr:0.000040 t:6.7s
tttg: c84/95 lr:0.000033 t:6.8s
tttg: c85/95 lr:0.000028 t:6.9s
tttg: c86/95 lr:0.000022 t:6.9s
tttg: c87/95 lr:0.000018 t:7.0s
tttg: c88/95 lr:0.000014 t:7.1s
tttg: c89/95 lr:0.000010 t:7.2s
tttg: c90/95 lr:0.000007 t:7.2s
tttg: c91/95 lr:0.000004 t:7.3s
tttg: c92/95 lr:0.000003 t:7.4s
tttg: c93/95 lr:0.000001 t:7.5s
tttg: c94/95 lr:0.000000 t:7.6s
ttpr: phase:1/3 t:170.0s
ttp: b762/782 bl:2.8205 bb:1.0745 rl:2.7201 rb:1.0838 dl:3433-3532 gd:0
ttpp: phase:2/3 pd:1808 gd:1333 t:237.5s
tttg: c1/158 lr:0.001000 t:0.1s
tttg: c2/158 lr:0.001000 t:0.2s
tttg: c3/158 lr:0.001000 t:0.2s
tttg: c4/158 lr:0.000999 t:0.3s
tttg: c5/158 lr:0.000998 t:0.4s
tttg: c6/158 lr:0.000997 t:0.5s
tttg: c7/158 lr:0.000996 t:0.5s
tttg: c8/158 lr:0.000995 t:0.6s
tttg: c9/158 lr:0.000994 t:0.7s
tttg: c10/158 lr:0.000992 t:0.8s
tttg: c11/158 lr:0.000990 t:0.9s
tttg: c12/158 lr:0.000988 t:0.9s
tttg: c13/158 lr:0.000986 t:1.0s
tttg: c14/158 lr:0.000983 t:1.1s
tttg: c15/158 lr:0.000981 t:1.2s
tttg: c16/158 lr:0.000978 t:1.2s
tttg: c17/158 lr:0.000975 t:1.3s
tttg: c18/158 lr:0.000971 t:1.4s
tttg: c19/158 lr:0.000968 t:1.5s
tttg: c20/158 lr:0.000964 t:1.5s
tttg: c21/158 lr:0.000960 t:1.6s
tttg: c22/158 lr:0.000957 t:1.7s
tttg: c23/158 lr:0.000952 t:1.8s
tttg: c24/158 lr:0.000948 t:1.9s
tttg: c25/158 lr:0.000943 t:1.9s
tttg: c26/158 lr:0.000939 t:2.0s
tttg: c27/158 lr:0.000934 t:2.1s
tttg: c28/158 lr:0.000929 t:2.2s
tttg: c29/158 lr:0.000924 t:2.2s
tttg: c30/158 lr:0.000918 t:2.3s
tttg: c31/158 lr:0.000913 t:2.4s
tttg: c32/158 lr:0.000907 t:2.5s
tttg: c33/158 lr:0.000901 t:2.6s
tttg: c34/158 lr:0.000895 t:2.6s
tttg: c35/158 lr:0.000889 t:2.7s
tttg: c36/158 lr:0.000882 t:2.8s
tttg: c37/158 lr:0.000876 t:2.9s
tttg: c38/158 lr:0.000869 t:2.9s
tttg: c39/158 lr:0.000862 t:3.0s
tttg: c40/158 lr:0.000855 t:3.1s
tttg: c41/158 lr:0.000848 t:3.2s
tttg: c42/158 lr:0.000841 t:3.2s
tttg: c43/158 lr:0.000834 t:3.3s
tttg: c44/158 lr:0.000826 t:3.4s
tttg: c45/158 lr:0.000818 t:3.5s
tttg: c46/158 lr:0.000811 t:3.6s
tttg: c47/158 lr:0.000803 t:3.6s
tttg: c48/158 lr:0.000795 t:3.7s
tttg: c49/158 lr:0.000787 t:3.8s
tttg: c50/158 lr:0.000778 t:3.9s
tttg: c51/158 lr:0.000770 t:3.9s
tttg: c52/158 lr:0.000761 t:4.0s
tttg: c53/158 lr:0.000753 t:4.1s
tttg: c54/158 lr:0.000744 t:4.2s
tttg: c55/158 lr:0.000735 t:4.3s
tttg: c56/158 lr:0.000727 t:4.3s
tttg: c57/158 lr:0.000718 t:4.4s
tttg: c58/158 lr:0.000709 t:4.5s
tttg: c59/158 lr:0.000699 t:4.6s
tttg: c60/158 lr:0.000690 t:4.6s
tttg: c61/158 lr:0.000681 t:4.7s
tttg: c62/158 lr:0.000672 t:4.8s
tttg: c63/158 lr:0.000662 t:4.9s
tttg: c64/158 lr:0.000653 t:4.9s
tttg: c65/158 lr:0.000643 t:5.0s
tttg: c66/158 lr:0.000633 t:5.1s
tttg: c67/158 lr:0.000624 t:5.2s
tttg: c68/158 lr:0.000614 t:5.2s
tttg: c69/158 lr:0.000604 t:5.3s
tttg: c70/158 lr:0.000594 t:5.4s
tttg: c71/158 lr:0.000585 t:5.5s
tttg: c72/158 lr:0.000575 t:5.5s
tttg: c73/158 lr:0.000565 t:5.6s
tttg: c74/158 lr:0.000555 t:5.7s
tttg: c75/158 lr:0.000545 t:5.8s
tttg: c76/158 lr:0.000535 t:5.8s
tttg: c77/158 lr:0.000525 t:5.9s
tttg: c78/158 lr:0.000515 t:6.0s
tttg: c79/158 lr:0.000505 t:6.1s
tttg: c80/158 lr:0.000495 t:6.2s
tttg: c81/158 lr:0.000485 t:6.2s
tttg: c82/158 lr:0.000475 t:6.3s
tttg: c83/158 lr:0.000465 t:6.4s
tttg: c84/158 lr:0.000455 t:6.5s
tttg: c85/158 lr:0.000445 t:6.5s
tttg: c86/158 lr:0.000435 t:6.6s
tttg: c87/158 lr:0.000425 t:6.7s
tttg: c88/158 lr:0.000415 t:6.8s
tttg: c89/158 lr:0.000406 t:6.8s
tttg: c90/158 lr:0.000396 t:6.9s
tttg: c91/158 lr:0.000386 t:7.0s
tttg: c92/158 lr:0.000376 t:7.1s
tttg: c93/158 lr:0.000367 t:7.1s
tttg: c94/158 lr:0.000357 t:7.2s
tttg: c95/158 lr:0.000347 t:7.3s
tttg: c96/158 lr:0.000338 t:7.4s
tttg: c97/158 lr:0.000328 t:7.5s
tttg: c98/158 lr:0.000319 t:7.5s
tttg: c99/158 lr:0.000310 t:7.6s
tttg: c100/158 lr:0.000301 t:7.7s
tttg: c101/158 lr:0.000291 t:7.8s
tttg: c102/158 lr:0.000282 t:7.8s
tttg: c103/158 lr:0.000273 t:7.9s
tttg: c104/158 lr:0.000265 t:8.0s
tttg: c105/158 lr:0.000256 t:8.1s
tttg: c106/158 lr:0.000247 t:8.1s
tttg: c107/158 lr:0.000239 t:8.2s
tttg: c108/158 lr:0.000230 t:8.3s
tttg: c109/158 lr:0.000222 t:8.4s
tttg: c110/158 lr:0.000213 t:8.5s
tttg: c111/158 lr:0.000205 t:8.5s
tttg: c112/158 lr:0.000197 t:8.6s
tttg: c113/158 lr:0.000189 t:8.7s
tttg: c114/158 lr:0.000182 t:8.8s
tttg: c115/158 lr:0.000174 t:8.9s
tttg: c116/158 lr:0.000166 t:8.9s
tttg: c117/158 lr:0.000159 t:9.0s
tttg: c118/158 lr:0.000152 t:9.1s
tttg: c119/158 lr:0.000145 t:9.2s
tttg: c120/158 lr:0.000138 t:9.2s
tttg: c121/158 lr:0.000131 t:9.3s
tttg: c122/158 lr:0.000124 t:9.4s
tttg: c123/158 lr:0.000118 t:9.5s
tttg: c124/158 lr:0.000111 t:9.6s
tttg: c125/158 lr:0.000105 t:9.6s
tttg: c126/158 lr:0.000099 t:9.7s
tttg: c127/158 lr:0.000093 t:9.8s
tttg: c128/158 lr:0.000087 t:9.9s
tttg: c129/158 lr:0.000082 t:10.0s
tttg: c130/158 lr:0.000076 t:10.0s
tttg: c131/158 lr:0.000071 t:10.1s
tttg: c132/158 lr:0.000066 t:10.2s
tttg: c133/158 lr:0.000061 t:10.3s
tttg: c134/158 lr:0.000057 t:10.4s
tttg: c135/158 lr:0.000052 t:10.4s
tttg: c136/158 lr:0.000048 t:10.5s
tttg: c137/158 lr:0.000043 t:10.6s
tttg: c138/158 lr:0.000040 t:10.7s
tttg: c139/158 lr:0.000036 t:10.8s
tttg: c140/158 lr:0.000032 t:10.8s
tttg: c141/158 lr:0.000029 t:10.9s
tttg: c142/158 lr:0.000025 t:11.0s
tttg: c143/158 lr:0.000022 t:11.1s
tttg: c144/158 lr:0.000019 t:11.1s
tttg: c145/158 lr:0.000017 t:11.2s
tttg: c146/158 lr:0.000014 t:11.3s
tttg: c147/158 lr:0.000012 t:11.4s
tttg: c148/158 lr:0.000010 t:11.5s
tttg: c149/158 lr:0.000008 t:11.5s
tttg: c150/158 lr:0.000006 t:11.6s
tttg: c151/158 lr:0.000005 t:11.7s
tttg: c152/158 lr:0.000004 t:11.8s
tttg: c153/158 lr:0.000003 t:11.9s
tttg: c154/158 lr:0.000002 t:11.9s
tttg: c155/158 lr:0.000001 t:12.0s
tttg: c156/158 lr:0.000000 t:12.1s
tttg: c157/158 lr:0.000000 t:12.2s
ttpr: phase:2/3 t:252.4s
ttp: b750/782 bl:2.8425 bb:1.0644 rl:2.7346 rb:1.0813 dl:2640-2689 gd:0
ttpp: phase:3/3 pd:2448 gd:2000 t:267.8s
tttg: c1/213 lr:0.001000 t:0.1s
tttg: c2/213 lr:0.001000 t:0.2s
tttg: c3/213 lr:0.001000 t:0.2s
tttg: c4/213 lr:0.001000 t:0.3s
tttg: c5/213 lr:0.000999 t:0.4s
tttg: c6/213 lr:0.000999 t:0.5s
tttg: c7/213 lr:0.000998 t:0.5s
tttg: c8/213 lr:0.000997 t:0.6s
tttg: c9/213 lr:0.000996 t:0.7s
tttg: c10/213 lr:0.000996 t:0.8s
tttg: c11/213 lr:0.000995 t:0.8s
tttg: c12/213 lr:0.000993 t:0.9s
tttg: c13/213 lr:0.000992 t:1.0s
tttg: c14/213 lr:0.000991 t:1.1s
tttg: c15/213 lr:0.000989 t:1.1s
tttg: c16/213 lr:0.000988 t:1.2s
tttg: c17/213 lr:0.000986 t:1.3s
tttg: c18/213 lr:0.000984 t:1.4s
tttg: c19/213 lr:0.000982 t:1.4s
tttg: c20/213 lr:0.000980 t:1.5s
tttg: c21/213 lr:0.000978 t:1.6s
tttg: c22/213 lr:0.000976 t:1.7s
tttg: c23/213 lr:0.000974 t:1.7s
tttg: c24/213 lr:0.000971 t:1.8s
tttg: c25/213 lr:0.000969 t:1.9s
tttg: c26/213 lr:0.000966 t:2.0s
tttg: c27/213 lr:0.000963 t:2.0s
tttg: c28/213 lr:0.000961 t:2.1s
tttg: c29/213 lr:0.000958 t:2.2s
tttg: c30/213 lr:0.000955 t:2.3s
tttg: c31/213 lr:0.000951 t:2.4s
tttg: c32/213 lr:0.000948 t:2.4s
tttg: c33/213 lr:0.000945 t:2.5s
tttg: c34/213 lr:0.000941 t:2.6s
tttg: c35/213 lr:0.000938 t:2.7s
tttg: c36/213 lr:0.000934 t:2.7s
tttg: c37/213 lr:0.000931 t:2.8s
tttg: c38/213 lr:0.000927 t:2.9s
tttg: c39/213 lr:0.000923 t:3.0s
tttg: c40/213 lr:0.000919 t:3.0s
tttg: c41/213 lr:0.000915 t:3.1s
tttg: c42/213 lr:0.000911 t:3.2s
tttg: c43/213 lr:0.000906 t:3.3s
tttg: c44/213 lr:0.000902 t:3.4s
tttg: c45/213 lr:0.000897 t:3.4s
tttg: c46/213 lr:0.000893 t:3.5s
tttg: c47/213 lr:0.000888 t:3.6s
tttg: c48/213 lr:0.000884 t:3.7s
tttg: c49/213 lr:0.000879 t:3.7s
tttg: c50/213 lr:0.000874 t:3.8s
tttg: c51/213 lr:0.000869 t:3.9s
tttg: c52/213 lr:0.000864 t:4.0s
tttg: c53/213 lr:0.000859 t:4.0s
tttg: c54/213 lr:0.000854 t:4.1s
tttg: c55/213 lr:0.000848 t:4.2s
tttg: c56/213 lr:0.000843 t:4.3s
tttg: c57/213 lr:0.000837 t:4.3s
tttg: c58/213 lr:0.000832 t:4.4s
tttg: c59/213 lr:0.000826 t:4.5s
tttg: c60/213 lr:0.000821 t:4.6s
tttg: c61/213 lr:0.000815 t:4.7s
tttg: c62/213 lr:0.000809 t:4.7s
tttg: c63/213 lr:0.000803 t:4.8s
tttg: c64/213 lr:0.000797 t:4.9s
tttg: c65/213 lr:0.000791 t:5.0s
tttg: c66/213 lr:0.000785 t:5.0s
tttg: c67/213 lr:0.000779 t:5.1s
tttg: c68/213 lr:0.000773 t:5.2s
tttg: c69/213 lr:0.000767 t:5.3s
tttg: c70/213 lr:0.000761 t:5.4s
tttg: c71/213 lr:0.000754 t:5.4s
tttg: c72/213 lr:0.000748 t:5.5s
tttg: c73/213 lr:0.000741 t:5.6s
tttg: c74/213 lr:0.000735 t:5.7s
tttg: c75/213 lr:0.000728 t:5.8s
tttg: c76/213 lr:0.000722 t:5.8s
tttg: c77/213 lr:0.000715 t:5.9s
tttg: c78/213 lr:0.000708 t:6.0s
tttg: c79/213 lr:0.000702 t:6.1s
tttg: c80/213 lr:0.000695 t:6.1s
tttg: c81/213 lr:0.000688 t:6.2s
tttg: c82/213 lr:0.000681 t:6.3s
tttg: c83/213 lr:0.000674 t:6.4s
tttg: c84/213 lr:0.000667 t:6.4s
tttg: c85/213 lr:0.000660 t:6.5s
tttg: c86/213 lr:0.000653 t:6.6s
tttg: c87/213 lr:0.000646 t:6.7s
tttg: c88/213 lr:0.000639 t:6.7s
tttg: c89/213 lr:0.000632 t:6.8s
tttg: c90/213 lr:0.000625 t:6.9s
tttg: c91/213 lr:0.000617 t:7.0s
tttg: c92/213 lr:0.000610 t:7.1s
tttg: c93/213 lr:0.000603 t:7.1s
tttg: c94/213 lr:0.000596 t:7.2s
tttg: c95/213 lr:0.000588 t:7.3s
tttg: c96/213 lr:0.000581 t:7.4s
tttg: c97/213 lr:0.000574 t:7.4s
tttg: c98/213 lr:0.000566 t:7.5s
tttg: c99/213 lr:0.000559 t:7.6s
tttg: c100/213 lr:0.000552 t:7.7s
tttg: c101/213 lr:0.000544 t:7.7s
tttg: c102/213 lr:0.000537 t:7.8s
tttg: c103/213 lr:0.000530 t:7.9s
tttg: c104/213 lr:0.000522 t:8.0s
tttg: c105/213 lr:0.000515 t:8.1s
tttg: c106/213 lr:0.000507 t:8.1s
tttg: c107/213 lr:0.000500 t:8.2s
tttg: c108/213 lr:0.000493 t:8.3s
tttg: c109/213 lr:0.000485 t:8.4s
tttg: c110/213 lr:0.000478 t:8.5s
tttg: c111/213 lr:0.000470 t:8.5s
tttg: c112/213 lr:0.000463 t:8.6s
tttg: c113/213 lr:0.000456 t:8.7s
tttg: c114/213 lr:0.000448 t:8.8s
tttg: c115/213 lr:0.000441 t:8.8s
tttg: c116/213 lr:0.000434 t:8.9s
tttg: c117/213 lr:0.000426 t:9.0s
tttg: c118/213 lr:0.000419 t:9.1s
tttg: c119/213 lr:0.000412 t:9.1s
tttg: c120/213 lr:0.000404 t:9.2s
tttg: c121/213 lr:0.000397 t:9.3s
tttg: c122/213 lr:0.000390 t:9.4s
tttg: c123/213 lr:0.000383 t:9.4s
tttg: c124/213 lr:0.000375 t:9.5s
tttg: c125/213 lr:0.000368 t:9.6s
tttg: c126/213 lr:0.000361 t:9.7s
tttg: c127/213 lr:0.000354 t:9.8s
tttg: c128/213 lr:0.000347 t:9.8s
tttg: c129/213 lr:0.000340 t:9.9s
tttg: c130/213 lr:0.000333 t:10.0s
tttg: c131/213 lr:0.000326 t:10.1s
tttg: c132/213 lr:0.000319 t:10.2s
tttg: c133/213 lr:0.000312 t:10.2s
tttg: c134/213 lr:0.000305 t:10.3s
tttg: c135/213 lr:0.000298 t:10.4s
tttg: c136/213 lr:0.000292 t:10.5s
tttg: c137/213 lr:0.000285 t:10.5s
tttg: c138/213 lr:0.000278 t:10.6s
tttg: c139/213 lr:0.000272 t:10.7s
tttg: c140/213 lr:0.000265 t:10.8s
tttg: c141/213 lr:0.000259 t:10.8s
tttg: c142/213 lr:0.000252 t:10.9s
tttg: c143/213 lr:0.000246 t:11.0s
tttg: c144/213 lr:0.000239 t:11.1s
tttg: c145/213 lr:0.000233 t:11.1s
tttg: c146/213 lr:0.000227 t:11.2s
tttg: c147/213 lr:0.000221 t:11.3s
tttg: c148/213 lr:0.000215 t:11.4s
tttg: c149/213 lr:0.000209 t:11.5s
tttg: c150/213 lr:0.000203 t:11.5s
tttg: c151/213 lr:0.000197 t:11.6s
tttg: c152/213 lr:0.000191 t:11.7s
tttg: c153/213 lr:0.000185 t:11.8s
tttg: c154/213 lr:0.000179 t:11.8s
tttg: c155/213 lr:0.000174 t:11.9s
tttg: c156/213 lr:0.000168 t:12.0s
tttg: c157/213 lr:0.000163 t:12.1s
tttg: c158/213 lr:0.000157 t:12.1s
tttg: c159/213 lr:0.000152 t:12.2s
tttg: c160/213 lr:0.000146 t:12.3s
tttg: c161/213 lr:0.000141 t:12.4s
tttg: c162/213 lr:0.000136 t:12.5s
tttg: c163/213 lr:0.000131 t:12.5s
tttg: c164/213 lr:0.000126 t:12.6s
tttg: c165/213 lr:0.000121 t:12.7s
tttg: c166/213 lr:0.000116 t:12.8s
tttg: c167/213 lr:0.000112 t:12.8s
tttg: c168/213 lr:0.000107 t:12.9s
tttg: c169/213 lr:0.000103 t:13.0s
tttg: c170/213 lr:0.000098 t:13.1s
tttg: c171/213 lr:0.000094 t:13.1s
tttg: c172/213 lr:0.000089 t:13.2s
tttg: c173/213 lr:0.000085 t:13.3s
tttg: c174/213 lr:0.000081 t:13.4s
tttg: c175/213 lr:0.000077 t:13.5s
tttg: c176/213 lr:0.000073 t:13.5s
tttg: c177/213 lr:0.000069 t:13.6s
tttg: c178/213 lr:0.000066 t:13.7s
tttg: c179/213 lr:0.000062 t:13.8s
tttg: c180/213 lr:0.000059 t:13.8s
tttg: c181/213 lr:0.000055 t:13.9s
tttg: c182/213 lr:0.000052 t:14.0s
tttg: c183/213 lr:0.000049 t:14.1s
tttg: c184/213 lr:0.000045 t:14.2s
tttg: c185/213 lr:0.000042 t:14.2s
tttg: c186/213 lr:0.000039 t:14.3s
tttg: c187/213 lr:0.000037 t:14.4s
tttg: c188/213 lr:0.000034 t:14.5s
tttg: c189/213 lr:0.000031 t:14.5s
tttg: c190/213 lr:0.000029 t:14.6s
tttg: c191/213 lr:0.000026 t:14.7s
tttg: c192/213 lr:0.000024 t:14.8s
tttg: c193/213 lr:0.000022 t:14.9s
tttg: c194/213 lr:0.000020 t:14.9s
tttg: c195/213 lr:0.000018 t:15.0s
tttg: c196/213 lr:0.000016 t:15.1s
tttg: c197/213 lr:0.000014 t:15.2s
tttg: c198/213 lr:0.000012 t:15.3s
tttg: c199/213 lr:0.000011 t:15.3s
tttg: c200/213 lr:0.000009 t:15.4s
tttg: c201/213 lr:0.000008 t:15.5s
tttg: c202/213 lr:0.000007 t:15.6s
tttg: c203/213 lr:0.000005 t:15.6s
tttg: c204/213 lr:0.000004 t:15.7s
tttg: c205/213 lr:0.000004 t:15.8s
tttg: c206/213 lr:0.000003 t:15.9s
tttg: c207/213 lr:0.000002 t:15.9s
tttg: c208/213 lr:0.000001 t:16.0s
tttg: c209/213 lr:0.000001 t:16.1s
tttg: c210/213 lr:0.000000 t:16.2s
tttg: c211/213 lr:0.000000 t:16.2s
tttg: c212/213 lr:0.000000 t:16.3s
ttpr: phase:3/3 t:287.0s
ttp: b739/782 bl:2.8371 bb:1.0789 rl:2.7439 rb:1.0811 dl:2226-2254 gd:1
ttp: b733/782 bl:2.7902 bb:1.0719 rl:2.7475 rb:1.0804 dl:2063-2092 gd:1
ttp: b724/782 bl:2.7600 bb:1.0542 rl:2.7484 rb:1.0786 dl:1884-1899 gd:1
ttp: b718/782 bl:2.8098 bb:1.0765 rl:2.7520 rb:1.0785 dl:1773-1794 gd:1
ttp: b705/782 bl:2.7663 bb:1.0679 rl:2.7527 rb:1.0779 dl:1606-1617 gd:1
ttp: b701/782 bl:2.7447 bb:1.0505 rl:2.7523 rb:1.0766 dl:1562-1573 gd:1
ttp: b693/782 bl:2.7699 bb:1.0939 rl:2.7530 rb:1.0774 dl:1486-1494 gd:1
ttp: b681/782 bl:2.8321 bb:1.0839 rl:2.7561 rb:1.0776 dl:1384-1393 gd:1
ttp: b679/782 bl:2.8637 bb:1.0739 rl:2.7600 rb:1.0775 dl:1368-1375 gd:1
ttp: b670/782 bl:2.8786 bb:1.0977 rl:2.7639 rb:1.0782 dl:1309-1315 gd:1
ttp: b659/782 bl:2.7543 bb:1.0346 rl:2.7636 rb:1.0768 dl:1239-1244 gd:1
ttp: b655/782 bl:2.7095 bb:1.0263 rl:2.7621 rb:1.0753 dl:1215-1220 gd:1
ttp: b644/782 bl:2.8159 bb:1.0691 rl:2.7635 rb:1.0751 dl:1156-1161 gd:1
ttp: b634/782 bl:2.7287 bb:1.0364 rl:2.7626 rb:1.0741 dl:1105-1111 gd:1
ttp: b625/782 bl:2.6703 bb:0.9913 rl:2.7604 rb:1.0720 dl:1064-1068 gd:1
ttp: b617/782 bl:2.7216 bb:1.0250 rl:2.7596 rb:1.0709 dl:1028-1032 gd:1
ttp: b610/782 bl:2.8378 bb:1.0821 rl:2.7612 rb:1.0712 dl:1000-1004 gd:1
ttp: b607/782 bl:2.7682 bb:1.0419 rl:2.7614 rb:1.0706 dl:986-990 gd:1
ttp: b599/782 bl:2.7448 bb:1.0616 rl:2.7611 rb:1.0704 dl:954-958 gd:1
ttp: b591/782 bl:2.7343 bb:1.0357 rl:2.7606 rb:1.0697 dl:927-930 gd:1
ttp: b582/782 bl:2.8230 bb:1.0772 rl:2.7617 rb:1.0699 dl:897-901 gd:1
ttp: b575/782 bl:2.8323 bb:1.0502 rl:2.7629 rb:1.0695 dl:873-877 gd:1
ttp: b565/782 bl:2.8202 bb:1.0586 rl:2.7638 rb:1.0693 dl:843-845 gd:1
ttp: b557/782 bl:2.7828 bb:1.0446 rl:2.7641 rb:1.0689 dl:819-821 gd:1
ttp: b546/782 bl:2.7625 bb:1.0455 rl:2.7641 rb:1.0686 dl:788-790 gd:1
ttp: b538/782 bl:2.7069 bb:1.0477 rl:2.7633 rb:1.0683 dl:767-770 gd:1
ttp: b528/782 bl:2.7646 bb:1.0275 rl:2.7633 rb:1.0677 dl:742-745 gd:1
ttp: b520/782 bl:2.6769 bb:1.0247 rl:2.7622 rb:1.0672 dl:723-725 gd:1
ttp: b512/782 bl:2.8014 bb:1.0371 rl:2.7626 rb:1.0668 dl:703-705 gd:1
ttp: b505/782 bl:2.7697 bb:1.0554 rl:2.7627 rb:1.0667 dl:687-689 gd:1
ttp: b497/782 bl:2.8533 bb:1.0843 rl:2.7638 rb:1.0669 dl:668-670 gd:1
ttp: b495/782 bl:2.7074 bb:1.0308 rl:2.7631 rb:1.0664 dl:663-666 gd:1
ttp: b487/782 bl:2.8081 bb:1.0413 rl:2.7636 rb:1.0662 dl:647-649 gd:1
ttp: b479/782 bl:2.7973 bb:1.0529 rl:2.7640 rb:1.0660 dl:630-632 gd:1
ttp: b467/782 bl:2.8650 bb:1.0963 rl:2.7650 rb:1.0663 dl:606-608 gd:1
ttp: b460/782 bl:2.8351 bb:1.0594 rl:2.7657 rb:1.0663 dl:593-595 gd:1
ttp: b452/782 bl:2.7533 bb:1.0623 rl:2.7655 rb:1.0662 dl:579-580 gd:1
ttp: b441/782 bl:2.7208 bb:1.0239 rl:2.7651 rb:1.0658 dl:558-560 gd:1
ttp: b433/782 bl:2.7887 bb:1.0605 rl:2.7653 rb:1.0658 dl:544-546 gd:1
ttp: b425/782 bl:2.7300 bb:1.0494 rl:2.7650 rb:1.0656 dl:530-532 gd:1
ttp: b417/782 bl:2.6902 bb:1.0016 rl:2.7644 rb:1.0651 dl:516-518 gd:1
ttp: b410/782 bl:2.7963 bb:1.0312 rl:2.7647 rb:1.0648 dl:505-506 gd:1
ttp: b403/782 bl:2.7010 bb:1.0326 rl:2.7642 rb:1.0646 dl:493-495 gd:1
ttp: b398/782 bl:2.8757 bb:1.0927 rl:2.7650 rb:1.0648 dl:486-487 gd:1
ttp: b389/782 bl:2.8721 bb:1.1140 rl:2.7658 rb:1.0652 dl:471-473 gd:1
ttp: b381/782 bl:2.9894 bb:1.1328 rl:2.7673 rb:1.0656 dl:460-461 gd:1
ttp: b373/782 bl:2.7663 bb:1.0788 rl:2.7673 rb:1.0657 dl:449-450 gd:1
ttp: b365/782 bl:2.8442 bb:1.0906 rl:2.7678 rb:1.0659 dl:437-439 gd:1
ttp: b357/782 bl:2.8083 bb:1.0933 rl:2.7681 rb:1.0660 dl:426-427 gd:1
ttp: b349/782 bl:2.8138 bb:1.0850 rl:2.7684 rb:1.0662 dl:415-417 gd:1
ttp: b341/782 bl:2.8869 bb:1.1023 rl:2.7691 rb:1.0664 dl:404-406 gd:1
ttp: b334/782 bl:2.8753 bb:1.1222 rl:2.7697 rb:1.0667 dl:395-396 gd:1
ttp: b326/782 bl:2.8849 bb:1.1165 rl:2.7703 rb:1.0670 dl:385-386 gd:1
ttp: b315/782 bl:2.7773 bb:1.1036 rl:2.7703 rb:1.0671 dl:370-371 gd:1
ttp: b307/782 bl:2.8301 bb:1.0873 rl:2.7706 rb:1.0673 dl:361-362 gd:1
ttp: b300/782 bl:2.8454 bb:1.0951 rl:2.7710 rb:1.0674 dl:352-353 gd:1
ttp: b292/782 bl:2.7358 bb:1.0633 rl:2.7709 rb:1.0674 dl:342-343 gd:1
ttp: b284/782 bl:2.9124 bb:1.1262 rl:2.7715 rb:1.0676 dl:333-334 gd:1
ttp: b279/782 bl:2.9783 bb:1.1581 rl:2.7725 rb:1.0681 dl:327-329 gd:1
ttp: b271/782 bl:2.8031 bb:1.0620 rl:2.7726 rb:1.0680 dl:319-320 gd:1
ttp: b263/782 bl:2.8715 bb:1.1305 rl:2.7730 rb:1.0683 dl:310-311 gd:1
ttp: b255/782 bl:2.9875 bb:1.1649 rl:2.7739 rb:1.0687 dl:300-302 gd:1
ttp: b247/782 bl:2.8109 bb:1.0745 rl:2.7740 rb:1.0687 dl:292-293 gd:1
ttp: b239/782 bl:2.8292 bb:1.1449 rl:2.7743 rb:1.0690 dl:284-285 gd:1
ttp: b231/782 bl:2.8235 bb:1.0976 rl:2.7744 rb:1.0691 dl:276-277 gd:1
ttp: b223/782 bl:2.8108 bb:1.1154 rl:2.7746 rb:1.0693 dl:268-269 gd:1
ttp: b215/782 bl:2.9334 bb:1.1309 rl:2.7751 rb:1.0695 dl:260-261 gd:1
ttp: b208/782 bl:2.9053 bb:1.1574 rl:2.7756 rb:1.0698 dl:254-254 gd:1
ttp: b199/782 bl:2.9184 bb:1.1395 rl:2.7761 rb:1.0700 dl:246-247 gd:1
ttp: b193/782 bl:2.9635 bb:1.1855 rl:2.7767 rb:1.0704 dl:240-241 gd:1
ttp: b187/782 bl:2.8212 bb:1.0927 rl:2.7768 rb:1.0704 dl:235-236 gd:1
ttp: b180/782 bl:2.8732 bb:1.1195 rl:2.7771 rb:1.0706 dl:229-229 gd:1
ttp: b172/782 bl:2.9567 bb:1.1601 rl:2.7776 rb:1.0708 dl:222-223 gd:1
ttp: b165/782 bl:2.9829 bb:1.1607 rl:2.7782 rb:1.0711 dl:216-217 gd:1
ttp: b157/782 bl:2.8841 bb:1.1152 rl:2.7785 rb:1.0712 dl:209-210 gd:1
ttp: b150/782 bl:2.8556 bb:1.1221 rl:2.7787 rb:1.0713 dl:204-204 gd:1
ttp: b141/782 bl:2.9503 bb:1.1844 rl:2.7791 rb:1.0716 dl:196-197 gd:1
ttp: b135/782 bl:2.9836 bb:1.1654 rl:2.7796 rb:1.0718 dl:191-192 gd:1
ttp: b129/782 bl:3.0079 bb:1.2080 rl:2.7802 rb:1.0722 dl:187-187 gd:1
ttp: b120/782 bl:2.9662 bb:1.1567 rl:2.7806 rb:1.0724 dl:180-181 gd:1
ttp: b78/782 bl:2.8751 bb:1.1610 rl:2.7808 rb:1.0725 dl:148-149 gd:1
ttp: b69/782 bl:3.0841 bb:1.2151 rl:2.7814 rb:1.0728 dl:142-142 gd:1
ttp: b61/782 bl:2.9911 bb:1.1709 rl:2.7817 rb:1.0729 dl:135-136 gd:1
ttp: b53/782 bl:3.0742 bb:1.2351 rl:2.7822 rb:1.0732 dl:129-130 gd:1
ttp: b48/782 bl:3.0267 bb:1.1846 rl:2.7826 rb:1.0734 dl:125-126 gd:1
ttp: b39/782 bl:3.0951 bb:1.2584 rl:2.7831 rb:1.0736 dl:118-119 gd:1
ttp: b32/782 bl:3.0663 bb:1.2157 rl:2.7835 rb:1.0738 dl:112-113 gd:1
ttp: b24/782 bl:3.0812 bb:1.2206 rl:2.7839 rb:1.0740 dl:105-106 gd:1
ttp: b18/782 bl:3.1593 bb:1.2718 rl:2.7844 rb:1.0743 dl:99-100 gd:1
ttp: b10/782 bl:3.1305 bb:1.2256 rl:2.7848 rb:1.0744 dl:89-90 gd:1
ttp: b2/782 bl:3.1573 bb:1.1833 rl:2.7851 rb:1.0745 dl:71-75 gd:1
quantized_ttt_phased val_loss:2.77219763 val_bpb:1.07342419 eval_time:375118ms
total_eval_time:375.1s
