W0425 06:04:55.188000 9247 site-packages/torch/distributed/run.py:851] 
W0425 06:04:55.188000 9247 site-packages/torch/distributed/run.py:851] *****************************************
W0425 06:04:55.188000 9247 site-packages/torch/distributed/run.py:851] Setting OMP_NUM_THREADS environment variable for each process to be 1 in default, to avoid your system being overloaded, please further tune the variable for optimal performance in your application as needed. 
W0425 06:04:55.188000 9247 site-packages/torch/distributed/run.py:851] *****************************************
Hyperparameters:
  adam_eps: 1e-08
  adam_wd: 0.02
  artifact_dir: 
  attn_clip_sigmas: 13.0
  beta1: 0.9
  beta2: 0.95
  compressor: brotli
  data_dir: ./data/
  datasets_dir: ./data/datasets/fineweb10B_sp8192
  distributed: True
  ema_decay: 0.9965
  embed_bits: 7
  embed_clip_sigmas: 15.0
  embed_lr: 0.6
  embed_wd: 0.085
  enable_looping_at: 0.35
  eval_seq_len: 2048
  eval_stride: 64
  gate_attn_out: True
  gate_attn_width: 24
  global_ttt_batch_seqs: 32
  global_ttt_chunk_tokens: 32768
  global_ttt_epochs: 1
  global_ttt_grad_clip: 1.0
  global_ttt_lr: 0.001
  global_ttt_momentum: 0.9
  global_ttt_respect_doc_boundaries: True
  global_ttt_warmup_chunks: 0
  global_ttt_warmup_start_lr: 0.0
  gptq_calibration_batches: 16
  gptq_reserve_seconds: 4.0
  grad_accum_steps: 1
  grad_clip_norm: 0.3
  is_main_process: True
  iterations: 20000
  ln_scale: True
  local_rank: 0
  logfile: logs/9122ed3f-feee-4ee5-aaf9-4e9b470d766e.txt
  logit_softcap: 30.0
  loop_end: 5
  loop_start: 3
  lqer_asym_enabled: True
  lqer_asym_group: 64
  lqer_enabled: True
  lqer_factor_bits: 4
  lqer_rank: 4
  lqer_top_k: 3
  matrix_bits: 6
  matrix_clip_sigmas: 12.85
  matrix_lr: 0.026
  max_wallclock_seconds: 600.0
  min_lr: 0.1
  mlp_clip_sigmas: 12.0
  mlp_mult: 4.0
  model_dim: 512
  model_path: final_model.pt
  muon_backend_steps: 5
  muon_momentum: 0.97
  muon_momentum_warmup_start: 0.92
  muon_momentum_warmup_steps: 1500
  muon_row_normalize: True
  muon_wd: 0.095
  num_heads: 8
  num_kv_heads: 4
  num_layers: 11
  num_loops: 2
  parallel_final_lane: mean
  parallel_start_layer: 8
  phased_ttt_enabled: True
  phased_ttt_num_phases: 3
  phased_ttt_prefix_docs: 2000
  polar_express_ns: True
  qk_gain_init: 5.25
  quantized_model_path: final_model.int6.ptz
  rank: 0
  rope_base: 10000.0
  rope_dims: 16
  rope_train_seq_len: 2048
  rope_yarn: False
  run_id: 9122ed3f-feee-4ee5-aaf9-4e9b470d766e
  scalar_lr: 0.02
  seed: 42
  skip_gates_enabled: True
  sliding_window_enabled: False
  smear_gate_enabled: True
  smear_gate_width: 12
  tie_embeddings: True
  tied_embed_init_std: 0.005
  tied_embed_lr: 0.03
  tokenizer_path: ./data/tokenizers/fineweb_8192_bpe.model
  train_batch_tokens: 786432
  train_files: ./data/datasets/fineweb10B_sp8192/fineweb_train_*.bin
  train_log_every: 500
  train_seq_len: 2048
  ttt_batch_size: 64
  ttt_beta1: 0.0
  ttt_beta2: 0.999
  ttt_chunk_size: 48
  ttt_enabled: True
  ttt_eval_batches: 
  ttt_eval_seq_len: 2048
  ttt_grad_steps: 1
  ttt_k_lora: True
  ttt_lora_lr: 0.0001
  ttt_lora_rank: 128
  ttt_mlp_lora: True
  ttt_o_lora: True
  ttt_optimizer: adam
  ttt_weight_decay: 1.0
  val_batch_tokens: 524288
  val_doc_fraction: 1.0
  val_files: ./data/datasets/fineweb10B_sp8192/fineweb_val_*.bin
  val_loss_every: 4000
  vocab_size: 8192
  warmdown_frac: 0.75
  warmup_steps: 20
  world_size: 8
  xsa_last_n: 11
train_shards: 80
val_tokens: 40540160
model_params:35946727
gptq:reserving 4s, effective=596000ms
warmup_cu_buckets:64,128,192,256 iters_each:3
warmup_step: 1/20
warmup_step: 2/20
warmup_step: 3/20
warmup_step: 4/20
warmup_step: 5/20
warmup_step: 6/20
warmup_step: 10/20
warmup_step: 20/20
loop_warmup:enabled encoder:[0, 1, 2, 3, 4, 5, 3, 4] decoder:[5, 3, 4, 5, 6, 7, 8, 9, 10]
loop_warmup_step: 1/20
loop_warmup_step: 2/20
loop_warmup_step: 3/20
loop_warmup_step: 4/20
loop_warmup_step: 5/20
loop_warmup_step: 6/20
loop_warmup_step: 10/20
loop_warmup_step: 20/20
0/20000 val_loss: 9.0076 val_bpb: 3.4870
1/20000 train_loss: 9.0080 train_time: 0.0m tok/s: 11950807
2/20000 train_loss: 12.2454 train_time: 0.0m tok/s: 11275420
3/20000 train_loss: 11.2842 train_time: 0.0m tok/s: 10181361
4/20000 train_loss: 9.6311 train_time: 0.0m tok/s: 9607719
5/20000 train_loss: 8.2278 train_time: 0.0m tok/s: 9357296
500/20000 train_loss: 3.2518 train_time: 0.8m tok/s: 8276210
1000/20000 train_loss: 3.0113 train_time: 1.6m tok/s: 8252395
1500/20000 train_loss: 3.0238 train_time: 2.4m tok/s: 8243541
2000/20000 train_loss: 2.9713 train_time: 3.2m tok/s: 8239569
layer_loop:enabled step:2184 frac:0.350 encoder:[0, 1, 2, 3, 4, 5, 3, 4] decoder:[5, 3, 4, 5, 6, 7, 8, 9, 10]
2500/20000 train_loss: 3.0645 train_time: 4.2m tok/s: 7777183
3000/20000 train_loss: 2.9099 train_time: 5.4m tok/s: 7308574
3500/20000 train_loss: 2.9733 train_time: 6.5m tok/s: 7007895
4000/20000 train_loss: 2.9043 train_time: 7.7m tok/s: 6798254
4000/20000 val_loss: 2.8806 val_bpb: 1.1151
4500/20000 train_loss: 2.8606 train_time: 8.9m tok/s: 6644930
4954/20000 val_loss: 2.7890 val_bpb: 1.0797
stopping_early: wallclock_cap train_time: 596116ms step: 4954/20000
peak memory allocated: 40158 MiB reserved: 44270 MiB
ema:applying EMA weights
diagnostic pre-quantization post-ema val_loss:2.76149501 val_bpb:1.06902632 eval_time:6402ms
Serialized model: 135422397 bytes
Code size (uncompressed): 129630 bytes
Code size (compressed): 32360 bytes
GPTQ:collecting Hessians from calibration data...
GPTQ:collected 67 Hessians in 3.4s
Quantized weights:
  gptq (int6): blocks.attn.c_k.weight, blocks.attn.c_q.weight, blocks.attn.c_v.weight, blocks.attn.proj.weight, blocks.mlp.fc.weight, blocks.mlp.proj.weight
  gptq (int6)+lqer_asym: blocks.mlp.fc.weight
  gptq (int7)+lqer_asym: tok_emb.weight
  passthrough (float16): blocks.attn.attn_gate_proj.weight, blocks.attn.q_gain, blocks.attn_scale, blocks.mlp_scale, blocks.resid_mix, parallel_post_lambdas, parallel_resid_lambdas, skip_gates, skip_weights, smear_gate.weight, smear_lambda
Serialized model quantized+brotli: 15918541 bytes
Total submission size quantized+brotli: 15950901 bytes
diagnostic quantized val_loss:2.78611494 val_bpb:1.07855716 eval_time:66206ms
ttt_lora:warming up compile (random tokens, no val data)
ttt_lora:compile warmup done (163.4s)

beginning TTT eval timer
ttt_phased: total_docs:50000 prefix_docs:2000 suffix_docs:48000 num_phases:3 boundaries:[666, 1333, 2000]
ttp: b779/782 bl:2.6361 bb:1.0737 rl:2.6361 rb:1.0737 dl:9037-11049 gd:0
ttp: b768/782 bl:2.6895 bb:1.0793 rl:2.6520 rb:1.0754 dl:4128-4306 gd:0
ttpp: phase:1/3 pd:1104 gd:666 t:198.7s
tttg: c1/95 lr:0.001000 t:1.2s
tttg: c2/95 lr:0.001000 t:1.3s
tttg: c3/95 lr:0.000999 t:1.4s
tttg: c4/95 lr:0.000997 t:1.4s
tttg: c5/95 lr:0.000996 t:1.5s
tttg: c6/95 lr:0.000993 t:1.6s
tttg: c7/95 lr:0.000990 t:1.7s
tttg: c8/95 lr:0.000986 t:1.8s
tttg: c9/95 lr:0.000982 t:1.8s
tttg: c10/95 lr:0.000978 t:1.9s
tttg: c11/95 lr:0.000972 t:2.0s
tttg: c12/95 lr:0.000967 t:2.1s
tttg: c13/95 lr:0.000960 t:2.2s
tttg: c14/95 lr:0.000954 t:2.2s
tttg: c15/95 lr:0.000946 t:2.3s
tttg: c16/95 lr:0.000938 t:2.4s
tttg: c17/95 lr:0.000930 t:2.5s
tttg: c18/95 lr:0.000921 t:2.6s
tttg: c19/95 lr:0.000912 t:2.7s
tttg: c20/95 lr:0.000903 t:2.7s
tttg: c21/95 lr:0.000892 t:2.8s
tttg: c22/95 lr:0.000882 t:2.9s
tttg: c23/95 lr:0.000871 t:3.0s
tttg: c24/95 lr:0.000859 t:3.1s
tttg: c25/95 lr:0.000848 t:3.1s
tttg: c26/95 lr:0.000835 t:3.2s
tttg: c27/95 lr:0.000823 t:3.3s
tttg: c28/95 lr:0.000810 t:3.4s
tttg: c29/95 lr:0.000797 t:3.5s
tttg: c30/95 lr:0.000783 t:3.6s
tttg: c31/95 lr:0.000769 t:3.6s
tttg: c32/95 lr:0.000755 t:3.7s
tttg: c33/95 lr:0.000740 t:3.8s
tttg: c34/95 lr:0.000726 t:3.9s
tttg: c35/95 lr:0.000710 t:4.0s
tttg: c36/95 lr:0.000695 t:4.0s
tttg: c37/95 lr:0.000680 t:4.1s
tttg: c38/95 lr:0.000664 t:4.2s
tttg: c39/95 lr:0.000648 t:4.3s
tttg: c40/95 lr:0.000632 t:4.4s
tttg: c41/95 lr:0.000616 t:4.5s
tttg: c42/95 lr:0.000600 t:4.5s
tttg: c43/95 lr:0.000583 t:4.6s
tttg: c44/95 lr:0.000567 t:4.7s
tttg: c45/95 lr:0.000550 t:4.8s
tttg: c46/95 lr:0.000533 t:4.9s
tttg: c47/95 lr:0.000517 t:4.9s
tttg: c48/95 lr:0.000500 t:5.0s
tttg: c49/95 lr:0.000483 t:5.1s
tttg: c50/95 lr:0.000467 t:5.2s
tttg: c51/95 lr:0.000450 t:5.3s
tttg: c52/95 lr:0.000433 t:5.4s
tttg: c53/95 lr:0.000417 t:5.4s
tttg: c54/95 lr:0.000400 t:5.5s
tttg: c55/95 lr:0.000384 t:5.6s
tttg: c56/95 lr:0.000368 t:5.7s
tttg: c57/95 lr:0.000352 t:5.7s
tttg: c58/95 lr:0.000336 t:5.8s
tttg: c59/95 lr:0.000320 t:5.9s
tttg: c60/95 lr:0.000305 t:6.0s
tttg: c61/95 lr:0.000290 t:6.1s
tttg: c62/95 lr:0.000274 t:6.2s
tttg: c63/95 lr:0.000260 t:6.2s
tttg: c64/95 lr:0.000245 t:6.3s
tttg: c65/95 lr:0.000231 t:6.4s
tttg: c66/95 lr:0.000217 t:6.5s
tttg: c67/95 lr:0.000203 t:6.6s
tttg: c68/95 lr:0.000190 t:6.6s
tttg: c69/95 lr:0.000177 t:6.7s
tttg: c70/95 lr:0.000165 t:6.8s
tttg: c71/95 lr:0.000152 t:6.9s
tttg: c72/95 lr:0.000141 t:7.0s
tttg: c73/95 lr:0.000129 t:7.1s
tttg: c74/95 lr:0.000118 t:7.1s
tttg: c75/95 lr:0.000108 t:7.2s
tttg: c76/95 lr:0.000097 t:7.3s
tttg: c77/95 lr:0.000088 t:7.4s
tttg: c78/95 lr:0.000079 t:7.5s
tttg: c79/95 lr:0.000070 t:7.6s
tttg: c80/95 lr:0.000062 t:7.6s
tttg: c81/95 lr:0.000054 t:7.7s
tttg: c82/95 lr:0.000046 t:7.8s
tttg: c83/95 lr:0.000040 t:7.9s
tttg: c84/95 lr:0.000033 t:8.0s
tttg: c85/95 lr:0.000028 t:8.1s
tttg: c86/95 lr:0.000022 t:8.1s
tttg: c87/95 lr:0.000018 t:8.2s
tttg: c88/95 lr:0.000014 t:8.3s
tttg: c89/95 lr:0.000010 t:8.4s
tttg: c90/95 lr:0.000007 t:8.5s
tttg: c91/95 lr:0.000004 t:8.5s
tttg: c92/95 lr:0.000003 t:8.6s
tttg: c93/95 lr:0.000001 t:8.7s
tttg: c94/95 lr:0.000000 t:8.8s
ttpr: phase:1/3 t:209.8s
ttp: b760/782 bl:2.8286 bb:1.1109 rl:2.6854 rb:1.0823 dl:3255-3334 gd:0
ttp: b755/782 bl:2.6797 bb:1.0383 rl:2.6846 rb:1.0757 dl:2899-2972 gd:0
ttpp: phase:2/3 pd:1808 gd:1333 t:317.8s
tttg: c1/158 lr:0.001000 t:0.1s
tttg: c2/158 lr:0.001000 t:0.2s
tttg: c3/158 lr:0.001000 t:0.3s
tttg: c4/158 lr:0.000999 t:0.3s
tttg: c5/158 lr:0.000998 t:0.4s
tttg: c6/158 lr:0.000997 t:0.5s
tttg: c7/158 lr:0.000996 t:0.6s
tttg: c8/158 lr:0.000995 t:0.7s
tttg: c9/158 lr:0.000994 t:0.7s
tttg: c10/158 lr:0.000992 t:0.8s
tttg: c11/158 lr:0.000990 t:0.9s
tttg: c12/158 lr:0.000988 t:1.0s
tttg: c13/158 lr:0.000986 t:1.1s
tttg: c14/158 lr:0.000983 t:1.1s
tttg: c15/158 lr:0.000981 t:1.2s
tttg: c16/158 lr:0.000978 t:1.3s
tttg: c17/158 lr:0.000975 t:1.4s
tttg: c18/158 lr:0.000971 t:1.5s
tttg: c19/158 lr:0.000968 t:1.5s
tttg: c20/158 lr:0.000964 t:1.6s
tttg: c21/158 lr:0.000960 t:1.7s
tttg: c22/158 lr:0.000957 t:1.8s
tttg: c23/158 lr:0.000952 t:1.9s
tttg: c24/158 lr:0.000948 t:2.0s
tttg: c25/158 lr:0.000943 t:2.0s
tttg: c26/158 lr:0.000939 t:2.1s
tttg: c27/158 lr:0.000934 t:2.2s
tttg: c28/158 lr:0.000929 t:2.3s
tttg: c29/158 lr:0.000924 t:2.4s
tttg: c30/158 lr:0.000918 t:2.5s
tttg: c31/158 lr:0.000913 t:2.5s
tttg: c32/158 lr:0.000907 t:2.6s
tttg: c33/158 lr:0.000901 t:2.7s
tttg: c34/158 lr:0.000895 t:2.8s
tttg: c35/158 lr:0.000889 t:2.9s
tttg: c36/158 lr:0.000882 t:2.9s
tttg: c37/158 lr:0.000876 t:3.0s
tttg: c38/158 lr:0.000869 t:3.1s
tttg: c39/158 lr:0.000862 t:3.2s
tttg: c40/158 lr:0.000855 t:3.3s
tttg: c41/158 lr:0.000848 t:3.3s
tttg: c42/158 lr:0.000841 t:3.4s
tttg: c43/158 lr:0.000834 t:3.5s
tttg: c44/158 lr:0.000826 t:3.6s
tttg: c45/158 lr:0.000818 t:3.7s
tttg: c46/158 lr:0.000811 t:3.7s
tttg: c47/158 lr:0.000803 t:3.8s
tttg: c48/158 lr:0.000795 t:3.9s
tttg: c49/158 lr:0.000787 t:4.0s
tttg: c50/158 lr:0.000778 t:4.1s
tttg: c51/158 lr:0.000770 t:4.2s
tttg: c52/158 lr:0.000761 t:4.2s
tttg: c53/158 lr:0.000753 t:4.3s
tttg: c54/158 lr:0.000744 t:4.4s
tttg: c55/158 lr:0.000735 t:4.5s
tttg: c56/158 lr:0.000727 t:4.6s
tttg: c57/158 lr:0.000718 t:4.6s
tttg: c58/158 lr:0.000709 t:4.7s
tttg: c59/158 lr:0.000699 t:4.8s
tttg: c60/158 lr:0.000690 t:4.9s
tttg: c61/158 lr:0.000681 t:5.0s
tttg: c62/158 lr:0.000672 t:5.1s
tttg: c63/158 lr:0.000662 t:5.1s
tttg: c64/158 lr:0.000653 t:5.2s
tttg: c65/158 lr:0.000643 t:5.3s
tttg: c66/158 lr:0.000633 t:5.4s
tttg: c67/158 lr:0.000624 t:5.5s
tttg: c68/158 lr:0.000614 t:5.5s
tttg: c69/158 lr:0.000604 t:5.6s
tttg: c70/158 lr:0.000594 t:5.7s
tttg: c71/158 lr:0.000585 t:5.8s
tttg: c72/158 lr:0.000575 t:5.9s
tttg: c73/158 lr:0.000565 t:6.0s
tttg: c74/158 lr:0.000555 t:6.0s
tttg: c75/158 lr:0.000545 t:6.1s
tttg: c76/158 lr:0.000535 t:6.2s
tttg: c77/158 lr:0.000525 t:6.3s
tttg: c78/158 lr:0.000515 t:6.4s
tttg: c79/158 lr:0.000505 t:6.4s
tttg: c80/158 lr:0.000495 t:6.5s
tttg: c81/158 lr:0.000485 t:6.6s
tttg: c82/158 lr:0.000475 t:6.7s
tttg: c83/158 lr:0.000465 t:6.8s
tttg: c84/158 lr:0.000455 t:6.9s
tttg: c85/158 lr:0.000445 t:6.9s
tttg: c86/158 lr:0.000435 t:7.0s
tttg: c87/158 lr:0.000425 t:7.1s
tttg: c88/158 lr:0.000415 t:7.2s
tttg: c89/158 lr:0.000406 t:7.3s
tttg: c90/158 lr:0.000396 t:7.3s
tttg: c91/158 lr:0.000386 t:7.4s
tttg: c92/158 lr:0.000376 t:7.5s
tttg: c93/158 lr:0.000367 t:7.6s
tttg: c94/158 lr:0.000357 t:7.7s
tttg: c95/158 lr:0.000347 t:7.7s
tttg: c96/158 lr:0.000338 t:7.8s
tttg: c97/158 lr:0.000328 t:7.9s
tttg: c98/158 lr:0.000319 t:8.0s
tttg: c99/158 lr:0.000310 t:8.1s
tttg: c100/158 lr:0.000301 t:8.1s
tttg: c101/158 lr:0.000291 t:8.2s
tttg: c102/158 lr:0.000282 t:8.3s
tttg: c103/158 lr:0.000273 t:8.4s
tttg: c104/158 lr:0.000265 t:8.5s
tttg: c105/158 lr:0.000256 t:8.5s
tttg: c106/158 lr:0.000247 t:8.6s
tttg: c107/158 lr:0.000239 t:8.7s
tttg: c108/158 lr:0.000230 t:8.8s
tttg: c109/158 lr:0.000222 t:8.9s
tttg: c110/158 lr:0.000213 t:8.9s
tttg: c111/158 lr:0.000205 t:9.0s
tttg: c112/158 lr:0.000197 t:9.1s
tttg: c113/158 lr:0.000189 t:9.2s
tttg: c114/158 lr:0.000182 t:9.3s
tttg: c115/158 lr:0.000174 t:9.4s
tttg: c116/158 lr:0.000166 t:9.4s
tttg: c117/158 lr:0.000159 t:9.5s
tttg: c118/158 lr:0.000152 t:9.6s
tttg: c119/158 lr:0.000145 t:9.7s
tttg: c120/158 lr:0.000138 t:9.8s
tttg: c121/158 lr:0.000131 t:9.8s
tttg: c122/158 lr:0.000124 t:9.9s
tttg: c123/158 lr:0.000118 t:10.0s
tttg: c124/158 lr:0.000111 t:10.1s
tttg: c125/158 lr:0.000105 t:10.2s
tttg: c126/158 lr:0.000099 t:10.2s
tttg: c127/158 lr:0.000093 t:10.3s
tttg: c128/158 lr:0.000087 t:10.4s
tttg: c129/158 lr:0.000082 t:10.5s
tttg: c130/158 lr:0.000076 t:10.6s
tttg: c131/158 lr:0.000071 t:10.6s
tttg: c132/158 lr:0.000066 t:10.7s
tttg: c133/158 lr:0.000061 t:10.8s
tttg: c134/158 lr:0.000057 t:10.9s
tttg: c135/158 lr:0.000052 t:11.0s
tttg: c136/158 lr:0.000048 t:11.0s
tttg: c137/158 lr:0.000043 t:11.1s
tttg: c138/158 lr:0.000040 t:11.2s
tttg: c139/158 lr:0.000036 t:11.3s
tttg: c140/158 lr:0.000032 t:11.4s
tttg: c141/158 lr:0.000029 t:11.4s
tttg: c142/158 lr:0.000025 t:11.5s
tttg: c143/158 lr:0.000022 t:11.6s
tttg: c144/158 lr:0.000019 t:11.7s
tttg: c145/158 lr:0.000017 t:11.8s
tttg: c146/158 lr:0.000014 t:11.8s
tttg: c147/158 lr:0.000012 t:11.9s
tttg: c148/158 lr:0.000010 t:12.0s
tttg: c149/158 lr:0.000008 t:12.1s
tttg: c150/158 lr:0.000006 t:12.2s
tttg: c151/158 lr:0.000005 t:12.2s
tttg: c152/158 lr:0.000004 t:12.3s
tttg: c153/158 lr:0.000003 t:12.4s
tttg: c154/158 lr:0.000002 t:12.5s
tttg: c155/158 lr:0.000001 t:12.6s
tttg: c156/158 lr:0.000000 t:12.7s
tttg: c157/158 lr:0.000000 t:12.7s
ttpr: phase:2/3 t:332.8s
ttp: b751/782 bl:2.7798 bb:1.0671 rl:2.6958 rb:1.0747 dl:2689-2740 gd:0
ttpp: phase:3/3 pd:2448 gd:2000 t:347.1s
tttg: c1/213 lr:0.001000 t:0.1s
tttg: c2/213 lr:0.001000 t:0.2s
tttg: c3/213 lr:0.001000 t:0.2s
tttg: c4/213 lr:0.001000 t:0.3s
tttg: c5/213 lr:0.000999 t:0.4s
tttg: c6/213 lr:0.000999 t:0.5s
tttg: c7/213 lr:0.000998 t:0.6s
tttg: c8/213 lr:0.000997 t:0.7s
tttg: c9/213 lr:0.000996 t:0.7s
tttg: c10/213 lr:0.000996 t:0.8s
tttg: c11/213 lr:0.000995 t:0.9s
tttg: c12/213 lr:0.000993 t:1.0s
tttg: c13/213 lr:0.000992 t:1.1s
tttg: c14/213 lr:0.000991 t:1.1s
tttg: c15/213 lr:0.000989 t:1.2s
tttg: c16/213 lr:0.000988 t:1.3s
tttg: c17/213 lr:0.000986 t:1.4s
tttg: c18/213 lr:0.000984 t:1.5s
tttg: c19/213 lr:0.000982 t:1.5s
tttg: c20/213 lr:0.000980 t:1.6s
tttg: c21/213 lr:0.000978 t:1.7s
tttg: c22/213 lr:0.000976 t:1.8s
tttg: c23/213 lr:0.000974 t:1.9s
tttg: c24/213 lr:0.000971 t:1.9s
tttg: c25/213 lr:0.000969 t:2.0s
tttg: c26/213 lr:0.000966 t:2.1s
tttg: c27/213 lr:0.000963 t:2.2s
tttg: c28/213 lr:0.000961 t:2.3s
tttg: c29/213 lr:0.000958 t:2.4s
tttg: c30/213 lr:0.000955 t:2.4s
tttg: c31/213 lr:0.000951 t:2.5s
tttg: c32/213 lr:0.000948 t:2.6s
tttg: c33/213 lr:0.000945 t:2.7s
tttg: c34/213 lr:0.000941 t:2.8s
tttg: c35/213 lr:0.000938 t:2.9s
tttg: c36/213 lr:0.000934 t:2.9s
tttg: c37/213 lr:0.000931 t:3.0s
tttg: c38/213 lr:0.000927 t:3.1s
tttg: c39/213 lr:0.000923 t:3.2s
tttg: c40/213 lr:0.000919 t:3.3s
tttg: c41/213 lr:0.000915 t:3.3s
tttg: c42/213 lr:0.000911 t:3.4s
tttg: c43/213 lr:0.000906 t:3.5s
tttg: c44/213 lr:0.000902 t:3.6s
tttg: c45/213 lr:0.000897 t:3.7s
tttg: c46/213 lr:0.000893 t:3.7s
tttg: c47/213 lr:0.000888 t:3.8s
tttg: c48/213 lr:0.000884 t:3.9s
tttg: c49/213 lr:0.000879 t:4.0s
tttg: c50/213 lr:0.000874 t:4.1s
tttg: c51/213 lr:0.000869 t:4.2s
tttg: c52/213 lr:0.000864 t:4.2s
tttg: c53/213 lr:0.000859 t:4.3s
tttg: c54/213 lr:0.000854 t:4.4s
tttg: c55/213 lr:0.000848 t:4.5s
tttg: c56/213 lr:0.000843 t:4.6s
tttg: c57/213 lr:0.000837 t:4.6s
tttg: c58/213 lr:0.000832 t:4.7s
tttg: c59/213 lr:0.000826 t:4.8s
tttg: c60/213 lr:0.000821 t:4.9s
tttg: c61/213 lr:0.000815 t:5.0s
tttg: c62/213 lr:0.000809 t:5.0s
tttg: c63/213 lr:0.000803 t:5.1s
tttg: c64/213 lr:0.000797 t:5.2s
tttg: c65/213 lr:0.000791 t:5.3s
tttg: c66/213 lr:0.000785 t:5.4s
tttg: c67/213 lr:0.000779 t:5.4s
tttg: c68/213 lr:0.000773 t:5.5s
tttg: c69/213 lr:0.000767 t:5.6s
tttg: c70/213 lr:0.000761 t:5.7s
tttg: c71/213 lr:0.000754 t:5.8s
tttg: c72/213 lr:0.000748 t:5.9s
tttg: c73/213 lr:0.000741 t:6.0s
tttg: c74/213 lr:0.000735 t:6.0s
tttg: c75/213 lr:0.000728 t:6.1s
tttg: c76/213 lr:0.000722 t:6.2s
tttg: c77/213 lr:0.000715 t:6.3s
tttg: c78/213 lr:0.000708 t:6.4s
tttg: c79/213 lr:0.000702 t:6.5s
tttg: c80/213 lr:0.000695 t:6.5s
tttg: c81/213 lr:0.000688 t:6.6s
tttg: c82/213 lr:0.000681 t:6.7s
tttg: c83/213 lr:0.000674 t:6.8s
tttg: c84/213 lr:0.000667 t:6.9s
tttg: c85/213 lr:0.000660 t:6.9s
tttg: c86/213 lr:0.000653 t:7.0s
tttg: c87/213 lr:0.000646 t:7.1s
tttg: c88/213 lr:0.000639 t:7.2s
tttg: c89/213 lr:0.000632 t:7.3s
tttg: c90/213 lr:0.000625 t:7.3s
tttg: c91/213 lr:0.000617 t:7.4s
tttg: c92/213 lr:0.000610 t:7.5s
tttg: c93/213 lr:0.000603 t:7.6s
tttg: c94/213 lr:0.000596 t:7.7s
tttg: c95/213 lr:0.000588 t:7.8s
tttg: c96/213 lr:0.000581 t:7.8s
tttg: c97/213 lr:0.000574 t:7.9s
tttg: c98/213 lr:0.000566 t:8.0s
tttg: c99/213 lr:0.000559 t:8.1s
tttg: c100/213 lr:0.000552 t:8.2s
tttg: c101/213 lr:0.000544 t:8.3s
tttg: c102/213 lr:0.000537 t:8.3s
tttg: c103/213 lr:0.000530 t:8.4s
tttg: c104/213 lr:0.000522 t:8.5s
tttg: c105/213 lr:0.000515 t:8.6s
tttg: c106/213 lr:0.000507 t:8.7s
tttg: c107/213 lr:0.000500 t:8.8s
tttg: c108/213 lr:0.000493 t:8.8s
tttg: c109/213 lr:0.000485 t:8.9s
tttg: c110/213 lr:0.000478 t:9.0s
tttg: c111/213 lr:0.000470 t:9.1s
tttg: c112/213 lr:0.000463 t:9.2s
tttg: c113/213 lr:0.000456 t:9.2s
tttg: c114/213 lr:0.000448 t:9.3s
tttg: c115/213 lr:0.000441 t:9.4s
tttg: c116/213 lr:0.000434 t:9.5s
tttg: c117/213 lr:0.000426 t:9.6s
tttg: c118/213 lr:0.000419 t:9.7s
tttg: c119/213 lr:0.000412 t:9.7s
tttg: c120/213 lr:0.000404 t:9.8s
tttg: c121/213 lr:0.000397 t:9.9s
tttg: c122/213 lr:0.000390 t:10.0s
tttg: c123/213 lr:0.000383 t:10.1s
tttg: c124/213 lr:0.000375 t:10.2s
tttg: c125/213 lr:0.000368 t:10.2s
tttg: c126/213 lr:0.000361 t:10.3s
tttg: c127/213 lr:0.000354 t:10.4s
tttg: c128/213 lr:0.000347 t:10.5s
tttg: c129/213 lr:0.000340 t:10.6s
tttg: c130/213 lr:0.000333 t:10.7s
tttg: c131/213 lr:0.000326 t:10.7s
tttg: c132/213 lr:0.000319 t:10.8s
tttg: c133/213 lr:0.000312 t:10.9s
tttg: c134/213 lr:0.000305 t:11.0s
tttg: c135/213 lr:0.000298 t:11.1s
tttg: c136/213 lr:0.000292 t:11.1s
tttg: c137/213 lr:0.000285 t:11.2s
tttg: c138/213 lr:0.000278 t:11.3s
tttg: c139/213 lr:0.000272 t:11.4s
tttg: c140/213 lr:0.000265 t:11.5s
tttg: c141/213 lr:0.000259 t:11.6s
tttg: c142/213 lr:0.000252 t:11.6s
tttg: c143/213 lr:0.000246 t:11.7s
tttg: c144/213 lr:0.000239 t:11.8s
tttg: c145/213 lr:0.000233 t:11.9s
tttg: c146/213 lr:0.000227 t:12.0s
tttg: c147/213 lr:0.000221 t:12.0s
tttg: c148/213 lr:0.000215 t:12.1s
tttg: c149/213 lr:0.000209 t:12.2s
tttg: c150/213 lr:0.000203 t:12.3s
tttg: c151/213 lr:0.000197 t:12.4s
tttg: c152/213 lr:0.000191 t:12.4s
tttg: c153/213 lr:0.000185 t:12.5s
tttg: c154/213 lr:0.000179 t:12.6s
tttg: c155/213 lr:0.000174 t:12.7s
tttg: c156/213 lr:0.000168 t:12.8s
tttg: c157/213 lr:0.000163 t:12.8s
tttg: c158/213 lr:0.000157 t:12.9s
tttg: c159/213 lr:0.000152 t:13.0s
tttg: c160/213 lr:0.000146 t:13.1s
tttg: c161/213 lr:0.000141 t:13.2s
tttg: c162/213 lr:0.000136 t:13.3s
tttg: c163/213 lr:0.000131 t:13.3s
tttg: c164/213 lr:0.000126 t:13.4s
tttg: c165/213 lr:0.000121 t:13.5s
tttg: c166/213 lr:0.000116 t:13.6s
tttg: c167/213 lr:0.000112 t:13.7s
tttg: c168/213 lr:0.000107 t:13.8s
tttg: c169/213 lr:0.000103 t:13.8s
tttg: c170/213 lr:0.000098 t:13.9s
tttg: c171/213 lr:0.000094 t:14.0s
tttg: c172/213 lr:0.000089 t:14.1s
tttg: c173/213 lr:0.000085 t:14.2s
tttg: c174/213 lr:0.000081 t:14.2s
tttg: c175/213 lr:0.000077 t:14.3s
tttg: c176/213 lr:0.000073 t:14.4s
tttg: c177/213 lr:0.000069 t:14.5s
tttg: c178/213 lr:0.000066 t:14.6s
tttg: c179/213 lr:0.000062 t:14.6s
tttg: c180/213 lr:0.000059 t:14.7s
tttg: c181/213 lr:0.000055 t:14.8s
tttg: c182/213 lr:0.000052 t:14.9s
tttg: c183/213 lr:0.000049 t:15.0s
tttg: c184/213 lr:0.000045 t:15.0s
tttg: c185/213 lr:0.000042 t:15.1s
tttg: c186/213 lr:0.000039 t:15.2s
tttg: c187/213 lr:0.000037 t:15.3s
tttg: c188/213 lr:0.000034 t:15.4s
tttg: c189/213 lr:0.000031 t:15.5s
tttg: c190/213 lr:0.000029 t:15.5s
tttg: c191/213 lr:0.000026 t:15.6s
tttg: c192/213 lr:0.000024 t:15.7s
tttg: c193/213 lr:0.000022 t:15.8s
tttg: c194/213 lr:0.000020 t:15.9s
tttg: c195/213 lr:0.000018 t:15.9s
tttg: c196/213 lr:0.000016 t:16.0s
tttg: c197/213 lr:0.000014 t:16.1s
tttg: c198/213 lr:0.000012 t:16.2s
tttg: c199/213 lr:0.000011 t:16.3s
tttg: c200/213 lr:0.000009 t:16.3s
tttg: c201/213 lr:0.000008 t:16.4s
tttg: c202/213 lr:0.000007 t:16.5s
tttg: c203/213 lr:0.000005 t:16.6s
tttg: c204/213 lr:0.000004 t:16.7s
tttg: c205/213 lr:0.000004 t:16.7s
tttg: c206/213 lr:0.000003 t:16.8s
tttg: c207/213 lr:0.000002 t:16.9s
tttg: c208/213 lr:0.000001 t:17.0s
tttg: c209/213 lr:0.000001 t:17.1s
tttg: c210/213 lr:0.000000 t:17.2s
tttg: c211/213 lr:0.000000 t:17.2s
tttg: c212/213 lr:0.000000 t:17.3s
ttpr: phase:3/3 t:366.7s
ttp: b743/782 bl:2.6995 bb:1.0393 rl:2.6962 rb:1.0713 dl:2355-2388 gd:1
ttp: b728/782 bl:2.7463 bb:1.0636 rl:2.6998 rb:1.0707 dl:1960-1977 gd:1
ttp: b720/782 bl:2.8073 bb:1.0723 rl:2.7065 rb:1.0708 dl:1816-1832 gd:1
ttp: b712/782 bl:2.8160 bb:1.0721 rl:2.7125 rb:1.0709 dl:1684-1697 gd:1
ttp: b704/782 bl:2.7285 bb:1.0176 rl:2.7132 rb:1.0681 dl:1595-1606 gd:1
ttp: b696/782 bl:2.7988 bb:1.0698 rl:2.7171 rb:1.0682 dl:1513-1522 gd:1
ttp: b688/782 bl:2.7330 bb:1.0426 rl:2.7177 rb:1.0671 dl:1441-1450 gd:1
ttp: b680/782 bl:2.7895 bb:1.0494 rl:2.7204 rb:1.0664 dl:1375-1383 gd:1
ttp: b672/782 bl:2.8882 bb:1.1019 rl:2.7262 rb:1.0677 dl:1321-1327 gd:1
ttp: b664/782 bl:2.6870 bb:1.0360 rl:2.7249 rb:1.0667 dl:1270-1275 gd:1
ttp: b656/782 bl:2.7328 bb:1.0317 rl:2.7252 rb:1.0656 dl:1220-1227 gd:1
ttp: b648/782 bl:2.7321 bb:1.0356 rl:2.7254 rb:1.0647 dl:1177-1182 gd:1
ttp: b640/782 bl:2.7702 bb:1.0782 rl:2.7266 rb:1.0651 dl:1134-1140 gd:1
ttp: b632/782 bl:2.7178 bb:1.0208 rl:2.7263 rb:1.0639 dl:1096-1101 gd:1
ttp: b621/782 bl:2.8222 bb:1.0809 rl:2.7286 rb:1.0643 dl:1046-1050 gd:1
ttp: b609/782 bl:2.7719 bb:1.0522 rl:2.7295 rb:1.0640 dl:994-999 gd:1
ttp: b601/782 bl:2.7450 bb:1.0549 rl:2.7298 rb:1.0639 dl:963-966 gd:1
ttp: b593/782 bl:2.7789 bb:1.0392 rl:2.7308 rb:1.0634 dl:933-937 gd:1
ttp: b585/782 bl:2.7490 bb:1.0599 rl:2.7311 rb:1.0633 dl:908-911 gd:1
ttp: b577/782 bl:2.7384 bb:1.0357 rl:2.7312 rb:1.0628 dl:880-884 gd:1
ttp: b569/782 bl:2.7493 bb:1.0504 rl:2.7315 rb:1.0626 dl:855-858 gd:1
ttp: b561/782 bl:2.6904 bb:1.0551 rl:2.7309 rb:1.0625 dl:831-834 gd:1
ttp: b553/782 bl:2.7497 bb:1.0535 rl:2.7312 rb:1.0623 dl:806-809 gd:1
ttp: b545/782 bl:2.7625 bb:1.0446 rl:2.7316 rb:1.0620 dl:785-788 gd:1
ttp: b537/782 bl:2.6971 bb:1.0198 rl:2.7311 rb:1.0614 dl:764-767 gd:1
ttp: b529/782 bl:2.7544 bb:1.0491 rl:2.7315 rb:1.0613 dl:745-747 gd:1
ttp: b521/782 bl:2.7550 bb:1.0453 rl:2.7318 rb:1.0610 dl:725-727 gd:1
ttp: b513/782 bl:2.7215 bb:1.0073 rl:2.7316 rb:1.0603 dl:705-707 gd:1
ttp: b505/782 bl:2.7591 bb:1.0542 rl:2.7320 rb:1.0603 dl:686-688 gd:1
ttp: b498/782 bl:2.6615 bb:1.0304 rl:2.7312 rb:1.0599 dl:671-673 gd:1
ttp: b491/782 bl:2.7217 bb:1.0255 rl:2.7310 rb:1.0595 dl:655-657 gd:1
ttp: b484/782 bl:2.7817 bb:1.0616 rl:2.7316 rb:1.0595 dl:641-643 gd:1
ttp: b477/782 bl:2.7605 bb:1.0488 rl:2.7319 rb:1.0594 dl:626-628 gd:1
ttp: b469/782 bl:2.7768 bb:1.1042 rl:2.7324 rb:1.0599 dl:610-611 gd:1
ttp: b461/782 bl:2.7579 bb:1.0518 rl:2.7326 rb:1.0598 dl:595-597 gd:1
ttp: b453/782 bl:2.7468 bb:1.0540 rl:2.7327 rb:1.0597 dl:580-582 gd:1
ttp: b444/782 bl:2.6602 bb:1.0079 rl:2.7321 rb:1.0592 dl:564-566 gd:1
ttp: b435/782 bl:2.7131 bb:1.0447 rl:2.7319 rb:1.0591 dl:547-549 gd:1
ttp: b427/782 bl:2.7319 bb:1.0555 rl:2.7319 rb:1.0591 dl:533-535 gd:1
ttp: b420/782 bl:2.7686 bb:1.0544 rl:2.7322 rb:1.0590 dl:521-522 gd:1
ttp: b413/782 bl:2.6297 bb:0.9915 rl:2.7314 rb:1.0585 dl:510-511 gd:1
ttp: b406/782 bl:2.8164 bb:1.0966 rl:2.7321 rb:1.0588 dl:498-500 gd:1
ttp: b399/782 bl:2.7327 bb:1.0351 rl:2.7321 rb:1.0586 dl:487-489 gd:1
ttp: b392/782 bl:2.7791 bb:1.0731 rl:2.7324 rb:1.0587 dl:476-478 gd:1
ttp: b385/782 bl:2.8631 bb:1.0910 rl:2.7333 rb:1.0589 dl:466-467 gd:1
ttp: b378/782 bl:2.7970 bb:1.0882 rl:2.7338 rb:1.0591 dl:456-457 gd:1
ttp: b371/782 bl:2.7873 bb:1.0654 rl:2.7341 rb:1.0592 dl:446-447 gd:1
ttp: b364/782 bl:2.7197 bb:1.0609 rl:2.7340 rb:1.0592 dl:436-437 gd:1
ttp: b358/782 bl:2.8058 bb:1.0846 rl:2.7345 rb:1.0594 dl:427-429 gd:1
ttp: b352/782 bl:2.7371 bb:1.0881 rl:2.7345 rb:1.0595 dl:419-420 gd:1
ttp: b345/782 bl:2.8468 bb:1.1040 rl:2.7352 rb:1.0598 dl:410-412 gd:1
ttp: b337/782 bl:2.8152 bb:1.0719 rl:2.7356 rb:1.0599 dl:399-400 gd:1
ttp: b329/782 bl:2.8106 bb:1.0963 rl:2.7361 rb:1.0601 dl:389-390 gd:1
ttp: b322/782 bl:2.7479 bb:1.0737 rl:2.7361 rb:1.0601 dl:380-381 gd:1
ttp: b315/782 bl:2.7044 bb:1.0633 rl:2.7360 rb:1.0602 dl:370-371 gd:1
ttp: b308/782 bl:2.7737 bb:1.0776 rl:2.7362 rb:1.0602 dl:362-363 gd:1
ttp: b301/782 bl:2.7707 bb:1.0774 rl:2.7363 rb:1.0603 dl:353-354 gd:1
ttp: b293/782 bl:2.7503 bb:1.0625 rl:2.7364 rb:1.0603 dl:343-345 gd:1
ttp: b287/782 bl:2.8456 bb:1.1100 rl:2.7369 rb:1.0606 dl:336-337 gd:1
ttp: b279/782 bl:2.8381 bb:1.0848 rl:2.7374 rb:1.0607 dl:327-329 gd:1
ttp: b272/782 bl:2.8572 bb:1.1084 rl:2.7379 rb:1.0609 dl:320-321 gd:1
ttp: b264/782 bl:2.8784 bb:1.1393 rl:2.7385 rb:1.0612 dl:311-312 gd:1
ttp: b256/782 bl:2.8746 bb:1.1269 rl:2.7391 rb:1.0615 dl:301-302 gd:1
ttp: b249/782 bl:2.8785 bb:1.1465 rl:2.7396 rb:1.0618 dl:294-295 gd:1
ttp: b241/782 bl:2.8856 bb:1.1178 rl:2.7402 rb:1.0621 dl:286-287 gd:1
quantized_ttt_phased val_loss:2.75749452 val_bpb:1.06751206 eval_time:455150ms
total_eval_time:455.2s
