W0425 02:52:06.635000 9062 site-packages/torch/distributed/run.py:851] 
W0425 02:52:06.635000 9062 site-packages/torch/distributed/run.py:851] *****************************************
W0425 02:52:06.635000 9062 site-packages/torch/distributed/run.py:851] Setting OMP_NUM_THREADS environment variable for each process to be 1 in default, to avoid your system being overloaded, please further tune the variable for optimal performance in your application as needed. 
W0425 02:52:06.635000 9062 site-packages/torch/distributed/run.py:851] *****************************************
Hyperparameters:
  adam_eps: 1e-08
  adam_wd: 0.02
  artifact_dir: 
  attn_clip_sigmas: 13.0
  beta1: 0.9
  beta2: 0.95
  compressor: brotli
  data_dir: ./data/
  datasets_dir: ./data/datasets/fineweb10B_sp8192
  distributed: True
  ema_decay: 0.9965
  embed_bits: 7
  embed_clip_sigmas: 15.0
  embed_lr: 0.6
  embed_wd: 0.085
  enable_looping_at: 0.35
  eval_seq_len: 2048
  eval_stride: 64
  gate_attn_out: True
  gate_attn_width: 24
  global_ttt_batch_seqs: 32
  global_ttt_chunk_tokens: 32768
  global_ttt_epochs: 1
  global_ttt_grad_clip: 1.0
  global_ttt_lr: 0.001
  global_ttt_momentum: 0.9
  global_ttt_respect_doc_boundaries: True
  global_ttt_warmup_chunks: 0
  global_ttt_warmup_start_lr: 0.0
  gptq_calibration_batches: 16
  gptq_reserve_seconds: 4.0
  grad_accum_steps: 1
  grad_clip_norm: 0.3
  is_main_process: True
  iterations: 20000
  ln_scale: True
  local_rank: 0
  logfile: logs/d9e2470a-b322-475a-9814-44bbb6c4db80.txt
  logit_softcap: 30.0
  loop_end: 5
  loop_start: 3
  lqer_asym_enabled: True
  lqer_asym_group: 64
  lqer_enabled: True
  lqer_factor_bits: 4
  lqer_rank: 4
  lqer_top_k: 3
  matrix_bits: 6
  matrix_clip_sigmas: 12.85
  matrix_lr: 0.026
  max_wallclock_seconds: 600.0
  min_lr: 0.1
  mlp_clip_sigmas: 12.0
  mlp_mult: 4.0
  model_dim: 512
  model_path: final_model.pt
  muon_backend_steps: 5
  muon_momentum: 0.97
  muon_momentum_warmup_start: 0.92
  muon_momentum_warmup_steps: 1500
  muon_row_normalize: True
  muon_wd: 0.095
  num_heads: 8
  num_kv_heads: 4
  num_layers: 11
  num_loops: 2
  parallel_final_lane: mean
  parallel_start_layer: 8
  phased_ttt_enabled: True
  phased_ttt_num_phases: 3
  phased_ttt_prefix_docs: 2000
  polar_express_ns: True
  qk_gain_init: 5.25
  quantized_model_path: final_model.int6.ptz
  rank: 0
  rope_base: 10000.0
  rope_dims: 16
  rope_train_seq_len: 2048
  rope_yarn: False
  run_id: d9e2470a-b322-475a-9814-44bbb6c4db80
  scalar_lr: 0.02
  seed: 1337
  skip_gates_enabled: True
  sliding_window_enabled: False
  smear_gate_enabled: True
  smear_gate_width: 12
  tie_embeddings: True
  tied_embed_init_std: 0.005
  tied_embed_lr: 0.03
  tokenizer_path: ./data/tokenizers/fineweb_8192_bpe.model
  train_batch_tokens: 786432
  train_files: ./data/datasets/fineweb10B_sp8192/fineweb_train_*.bin
  train_log_every: 500
  train_seq_len: 2048
  ttt_batch_size: 64
  ttt_beta1: 0.0
  ttt_beta2: 0.999
  ttt_chunk_size: 48
  ttt_enabled: True
  ttt_eval_batches: 
  ttt_eval_seq_len: 2048
  ttt_grad_steps: 1
  ttt_k_lora: True
  ttt_lora_lr: 0.0001
  ttt_lora_rank: 128
  ttt_mlp_lora: True
  ttt_o_lora: True
  ttt_optimizer: adam
  ttt_weight_decay: 1.0
  val_batch_tokens: 524288
  val_doc_fraction: 1.0
  val_files: ./data/datasets/fineweb10B_sp8192/fineweb_val_*.bin
  val_loss_every: 4000
  vocab_size: 8192
  warmdown_frac: 0.75
  warmup_steps: 20
  world_size: 8
  xsa_last_n: 11
train_shards: 80
val_tokens: 40540160
model_params:35946727
gptq:reserving 4s, effective=596000ms
warmup_cu_buckets:64,128,192,256 iters_each:3
warmup_step: 1/20
warmup_step: 2/20
warmup_step: 3/20
warmup_step: 4/20
warmup_step: 5/20
warmup_step: 6/20
warmup_step: 10/20
warmup_step: 20/20
loop_warmup:enabled encoder:[0, 1, 2, 3, 4, 5, 3, 4] decoder:[5, 3, 4, 5, 6, 7, 8, 9, 10]
loop_warmup_step: 1/20
loop_warmup_step: 2/20
loop_warmup_step: 3/20
loop_warmup_step: 4/20
loop_warmup_step: 5/20
loop_warmup_step: 6/20
loop_warmup_step: 10/20
loop_warmup_step: 20/20
0/20000 val_loss: 9.0076 val_bpb: 3.4870
1/20000 train_loss: 9.0083 train_time: 0.0m tok/s: 12066431
2/20000 train_loss: 12.2300 train_time: 0.0m tok/s: 11255995
3/20000 train_loss: 11.2642 train_time: 0.0m tok/s: 10154291
4/20000 train_loss: 9.6123 train_time: 0.0m tok/s: 9625131
5/20000 train_loss: 8.1547 train_time: 0.0m tok/s: 9393623
500/20000 train_loss: 3.2547 train_time: 0.8m tok/s: 8276759
1000/20000 train_loss: 3.0093 train_time: 1.6m tok/s: 8257347
1500/20000 train_loss: 3.0159 train_time: 2.4m tok/s: 8248773
2000/20000 train_loss: 2.9705 train_time: 3.2m tok/s: 8244438
layer_loop:enabled step:2185 frac:0.350 encoder:[0, 1, 2, 3, 4, 5, 3, 4] decoder:[5, 3, 4, 5, 6, 7, 8, 9, 10]
2500/20000 train_loss: 3.0647 train_time: 4.2m tok/s: 7782936
3000/20000 train_loss: 2.9060 train_time: 5.4m tok/s: 7311822
3500/20000 train_loss: 2.9687 train_time: 6.5m tok/s: 7009952
4000/20000 train_loss: 2.9051 train_time: 7.7m tok/s: 6799114
4000/20000 val_loss: 2.8790 val_bpb: 1.1145
4500/20000 train_loss: 2.8587 train_time: 8.9m tok/s: 6645278
4954/20000 val_loss: 2.7876 val_bpb: 1.0791
stopping_early: wallclock_cap train_time: 596153ms step: 4954/20000
peak memory allocated: 40154 MiB reserved: 44170 MiB
ema:applying EMA weights
diagnostic pre-quantization post-ema val_loss:2.75992129 val_bpb:1.06841711 eval_time:6303ms
Serialized model: 135422397 bytes
Code size (uncompressed): 129630 bytes
Code size (compressed): 32360 bytes
GPTQ:collecting Hessians from calibration data...
GPTQ:collected 67 Hessians in 3.4s
Quantized weights:
  gptq (int6): blocks.attn.c_k.weight, blocks.attn.c_q.weight, blocks.attn.c_v.weight, blocks.attn.proj.weight, blocks.mlp.fc.weight, blocks.mlp.proj.weight
  gptq (int6)+lqer_asym: blocks.mlp.fc.weight
  gptq (int7)+lqer_asym: tok_emb.weight
  passthrough (float16): blocks.attn.attn_gate_proj.weight, blocks.attn.q_gain, blocks.attn_scale, blocks.mlp_scale, blocks.resid_mix, parallel_post_lambdas, parallel_resid_lambdas, skip_gates, skip_weights, smear_gate.weight, smear_lambda
Serialized model quantized+brotli: 15921471 bytes
Total submission size quantized+brotli: 15953831 bytes
diagnostic quantized val_loss:2.78500478 val_bpb:1.07812739 eval_time:68061ms
ttt_lora:warming up compile (random tokens, no val data)
ttt_lora:compile warmup done (167.0s)

beginning TTT eval timer
ttt_phased: total_docs:50000 prefix_docs:2000 suffix_docs:48000 num_phases:3 boundaries:[666, 1333, 2000]
ttp: b777/782 bl:2.7133 bb:1.0852 rl:2.7133 rb:1.0852 dl:7190-7938 gd:0
ttp: b772/782 bl:2.7537 bb:1.1014 rl:2.7295 rb:1.0917 dl:4937-5193 gd:0
ttp: b767/782 bl:2.7417 bb:1.0947 rl:2.7325 rb:1.0924 dl:3963-4123 gd:0
ttpp: phase:1/3 pd:1104 gd:666 t:205.3s
tttg: c1/95 lr:0.001000 t:1.1s
tttg: c2/95 lr:0.001000 t:1.2s
tttg: c3/95 lr:0.000999 t:1.3s
tttg: c4/95 lr:0.000997 t:1.4s
tttg: c5/95 lr:0.000996 t:1.5s
tttg: c6/95 lr:0.000993 t:1.5s
tttg: c7/95 lr:0.000990 t:1.6s
tttg: c8/95 lr:0.000986 t:1.7s
tttg: c9/95 lr:0.000982 t:1.8s
tttg: c10/95 lr:0.000978 t:1.8s
tttg: c11/95 lr:0.000972 t:1.9s
tttg: c12/95 lr:0.000967 t:2.0s
tttg: c13/95 lr:0.000960 t:2.1s
tttg: c14/95 lr:0.000954 t:2.1s
tttg: c15/95 lr:0.000946 t:2.2s
tttg: c16/95 lr:0.000938 t:2.3s
tttg: c17/95 lr:0.000930 t:2.4s
tttg: c18/95 lr:0.000921 t:2.4s
tttg: c19/95 lr:0.000912 t:2.5s
tttg: c20/95 lr:0.000903 t:2.6s
tttg: c21/95 lr:0.000892 t:2.7s
tttg: c22/95 lr:0.000882 t:2.7s
tttg: c23/95 lr:0.000871 t:2.8s
tttg: c24/95 lr:0.000859 t:2.9s
tttg: c25/95 lr:0.000848 t:3.0s
tttg: c26/95 lr:0.000835 t:3.1s
tttg: c27/95 lr:0.000823 t:3.1s
tttg: c28/95 lr:0.000810 t:3.2s
tttg: c29/95 lr:0.000797 t:3.3s
tttg: c30/95 lr:0.000783 t:3.4s
tttg: c31/95 lr:0.000769 t:3.4s
tttg: c32/95 lr:0.000755 t:3.5s
tttg: c33/95 lr:0.000740 t:3.6s
tttg: c34/95 lr:0.000726 t:3.7s
tttg: c35/95 lr:0.000710 t:3.7s
tttg: c36/95 lr:0.000695 t:3.8s
tttg: c37/95 lr:0.000680 t:3.9s
tttg: c38/95 lr:0.000664 t:4.0s
tttg: c39/95 lr:0.000648 t:4.1s
tttg: c40/95 lr:0.000632 t:4.1s
tttg: c41/95 lr:0.000616 t:4.2s
tttg: c42/95 lr:0.000600 t:4.3s
tttg: c43/95 lr:0.000583 t:4.4s
tttg: c44/95 lr:0.000567 t:4.4s
tttg: c45/95 lr:0.000550 t:4.5s
tttg: c46/95 lr:0.000533 t:4.6s
tttg: c47/95 lr:0.000517 t:4.7s
tttg: c48/95 lr:0.000500 t:4.7s
tttg: c49/95 lr:0.000483 t:4.8s
tttg: c50/95 lr:0.000467 t:4.9s
tttg: c51/95 lr:0.000450 t:5.0s
tttg: c52/95 lr:0.000433 t:5.0s
tttg: c53/95 lr:0.000417 t:5.1s
tttg: c54/95 lr:0.000400 t:5.2s
tttg: c55/95 lr:0.000384 t:5.3s
tttg: c56/95 lr:0.000368 t:5.4s
tttg: c57/95 lr:0.000352 t:5.4s
tttg: c58/95 lr:0.000336 t:5.5s
tttg: c59/95 lr:0.000320 t:5.6s
tttg: c60/95 lr:0.000305 t:5.7s
tttg: c61/95 lr:0.000290 t:5.7s
tttg: c62/95 lr:0.000274 t:5.8s
tttg: c63/95 lr:0.000260 t:5.9s
tttg: c64/95 lr:0.000245 t:6.0s
tttg: c65/95 lr:0.000231 t:6.0s
tttg: c66/95 lr:0.000217 t:6.1s
tttg: c67/95 lr:0.000203 t:6.2s
tttg: c68/95 lr:0.000190 t:6.3s
tttg: c69/95 lr:0.000177 t:6.3s
tttg: c70/95 lr:0.000165 t:6.4s
tttg: c71/95 lr:0.000152 t:6.5s
tttg: c72/95 lr:0.000141 t:6.6s
tttg: c73/95 lr:0.000129 t:6.6s
tttg: c74/95 lr:0.000118 t:6.7s
tttg: c75/95 lr:0.000108 t:6.8s
tttg: c76/95 lr:0.000097 t:6.9s
tttg: c77/95 lr:0.000088 t:6.9s
tttg: c78/95 lr:0.000079 t:7.0s
tttg: c79/95 lr:0.000070 t:7.1s
tttg: c80/95 lr:0.000062 t:7.2s
tttg: c81/95 lr:0.000054 t:7.2s
tttg: c82/95 lr:0.000046 t:7.3s
tttg: c83/95 lr:0.000040 t:7.4s
tttg: c84/95 lr:0.000033 t:7.5s
tttg: c85/95 lr:0.000028 t:7.5s
tttg: c86/95 lr:0.000022 t:7.6s
tttg: c87/95 lr:0.000018 t:7.7s
tttg: c88/95 lr:0.000014 t:7.8s
tttg: c89/95 lr:0.000010 t:7.8s
tttg: c90/95 lr:0.000007 t:7.9s
tttg: c91/95 lr:0.000004 t:8.0s
tttg: c92/95 lr:0.000003 t:8.1s
tttg: c93/95 lr:0.000001 t:8.2s
tttg: c94/95 lr:0.000000 t:8.2s
ttpr: phase:1/3 t:215.9s
ttp: b759/782 bl:2.7093 bb:1.0935 rl:2.7287 rb:1.0926 dl:3188-3253 gd:0
ttp: b755/782 bl:2.6799 bb:1.0383 rl:2.7224 rb:1.0854 dl:2899-2972 gd:0
ttpp: phase:2/3 pd:1808 gd:1333 t:324.8s
tttg: c1/158 lr:0.001000 t:0.1s
tttg: c2/158 lr:0.001000 t:0.2s
tttg: c3/158 lr:0.001000 t:0.2s
tttg: c4/158 lr:0.000999 t:0.3s
tttg: c5/158 lr:0.000998 t:0.4s
tttg: c6/158 lr:0.000997 t:0.5s
tttg: c7/158 lr:0.000996 t:0.5s
tttg: c8/158 lr:0.000995 t:0.6s
tttg: c9/158 lr:0.000994 t:0.7s
tttg: c10/158 lr:0.000992 t:0.8s
tttg: c11/158 lr:0.000990 t:0.9s
tttg: c12/158 lr:0.000988 t:0.9s
tttg: c13/158 lr:0.000986 t:1.0s
tttg: c14/158 lr:0.000983 t:1.1s
tttg: c15/158 lr:0.000981 t:1.2s
tttg: c16/158 lr:0.000978 t:1.2s
tttg: c17/158 lr:0.000975 t:1.3s
tttg: c18/158 lr:0.000971 t:1.4s
tttg: c19/158 lr:0.000968 t:1.5s
tttg: c20/158 lr:0.000964 t:1.5s
tttg: c21/158 lr:0.000960 t:1.6s
tttg: c22/158 lr:0.000957 t:1.7s
tttg: c23/158 lr:0.000952 t:1.8s
tttg: c24/158 lr:0.000948 t:1.8s
tttg: c25/158 lr:0.000943 t:1.9s
tttg: c26/158 lr:0.000939 t:2.0s
tttg: c27/158 lr:0.000934 t:2.1s
tttg: c28/158 lr:0.000929 t:2.1s
tttg: c29/158 lr:0.000924 t:2.2s
tttg: c30/158 lr:0.000918 t:2.3s
tttg: c31/158 lr:0.000913 t:2.4s
tttg: c32/158 lr:0.000907 t:2.4s
tttg: c33/158 lr:0.000901 t:2.5s
tttg: c34/158 lr:0.000895 t:2.6s
tttg: c35/158 lr:0.000889 t:2.7s
tttg: c36/158 lr:0.000882 t:2.8s
tttg: c37/158 lr:0.000876 t:2.8s
tttg: c38/158 lr:0.000869 t:2.9s
tttg: c39/158 lr:0.000862 t:3.0s
tttg: c40/158 lr:0.000855 t:3.1s
tttg: c41/158 lr:0.000848 t:3.1s
tttg: c42/158 lr:0.000841 t:3.2s
tttg: c43/158 lr:0.000834 t:3.3s
tttg: c44/158 lr:0.000826 t:3.4s
tttg: c45/158 lr:0.000818 t:3.4s
tttg: c46/158 lr:0.000811 t:3.5s
tttg: c47/158 lr:0.000803 t:3.6s
tttg: c48/158 lr:0.000795 t:3.7s
tttg: c49/158 lr:0.000787 t:3.7s
tttg: c50/158 lr:0.000778 t:3.8s
tttg: c51/158 lr:0.000770 t:3.9s
tttg: c52/158 lr:0.000761 t:4.0s
tttg: c53/158 lr:0.000753 t:4.0s
tttg: c54/158 lr:0.000744 t:4.1s
tttg: c55/158 lr:0.000735 t:4.2s
tttg: c56/158 lr:0.000727 t:4.3s
tttg: c57/158 lr:0.000718 t:4.3s
tttg: c58/158 lr:0.000709 t:4.4s
tttg: c59/158 lr:0.000699 t:4.5s
tttg: c60/158 lr:0.000690 t:4.6s
tttg: c61/158 lr:0.000681 t:4.6s
tttg: c62/158 lr:0.000672 t:4.7s
tttg: c63/158 lr:0.000662 t:4.8s
tttg: c64/158 lr:0.000653 t:4.9s
tttg: c65/158 lr:0.000643 t:5.0s
tttg: c66/158 lr:0.000633 t:5.0s
tttg: c67/158 lr:0.000624 t:5.1s
tttg: c68/158 lr:0.000614 t:5.2s
tttg: c69/158 lr:0.000604 t:5.3s
tttg: c70/158 lr:0.000594 t:5.3s
tttg: c71/158 lr:0.000585 t:5.4s
tttg: c72/158 lr:0.000575 t:5.5s
tttg: c73/158 lr:0.000565 t:5.6s
tttg: c74/158 lr:0.000555 t:5.6s
tttg: c75/158 lr:0.000545 t:5.7s
tttg: c76/158 lr:0.000535 t:5.8s
tttg: c77/158 lr:0.000525 t:5.9s
tttg: c78/158 lr:0.000515 t:5.9s
tttg: c79/158 lr:0.000505 t:6.0s
tttg: c80/158 lr:0.000495 t:6.1s
tttg: c81/158 lr:0.000485 t:6.2s
tttg: c82/158 lr:0.000475 t:6.2s
tttg: c83/158 lr:0.000465 t:6.3s
tttg: c84/158 lr:0.000455 t:6.4s
tttg: c85/158 lr:0.000445 t:6.5s
tttg: c86/158 lr:0.000435 t:6.6s
tttg: c87/158 lr:0.000425 t:6.6s
tttg: c88/158 lr:0.000415 t:6.7s
tttg: c89/158 lr:0.000406 t:6.8s
tttg: c90/158 lr:0.000396 t:6.9s
tttg: c91/158 lr:0.000386 t:6.9s
tttg: c92/158 lr:0.000376 t:7.0s
tttg: c93/158 lr:0.000367 t:7.1s
tttg: c94/158 lr:0.000357 t:7.2s
tttg: c95/158 lr:0.000347 t:7.2s
tttg: c96/158 lr:0.000338 t:7.3s
tttg: c97/158 lr:0.000328 t:7.4s
tttg: c98/158 lr:0.000319 t:7.5s
tttg: c99/158 lr:0.000310 t:7.5s
tttg: c100/158 lr:0.000301 t:7.6s
tttg: c101/158 lr:0.000291 t:7.7s
tttg: c102/158 lr:0.000282 t:7.8s
tttg: c103/158 lr:0.000273 t:7.8s
tttg: c104/158 lr:0.000265 t:7.9s
tttg: c105/158 lr:0.000256 t:8.0s
tttg: c106/158 lr:0.000247 t:8.1s
tttg: c107/158 lr:0.000239 t:8.1s
tttg: c108/158 lr:0.000230 t:8.2s
tttg: c109/158 lr:0.000222 t:8.3s
tttg: c110/158 lr:0.000213 t:8.4s
tttg: c111/158 lr:0.000205 t:8.5s
tttg: c112/158 lr:0.000197 t:8.5s
tttg: c113/158 lr:0.000189 t:8.6s
tttg: c114/158 lr:0.000182 t:8.7s
tttg: c115/158 lr:0.000174 t:8.8s
tttg: c116/158 lr:0.000166 t:8.8s
tttg: c117/158 lr:0.000159 t:8.9s
tttg: c118/158 lr:0.000152 t:9.0s
tttg: c119/158 lr:0.000145 t:9.1s
tttg: c120/158 lr:0.000138 t:9.1s
tttg: c121/158 lr:0.000131 t:9.2s
tttg: c122/158 lr:0.000124 t:9.3s
tttg: c123/158 lr:0.000118 t:9.4s
tttg: c124/158 lr:0.000111 t:9.4s
tttg: c125/158 lr:0.000105 t:9.5s
tttg: c126/158 lr:0.000099 t:9.6s
tttg: c127/158 lr:0.000093 t:9.7s
tttg: c128/158 lr:0.000087 t:9.7s
tttg: c129/158 lr:0.000082 t:9.8s
tttg: c130/158 lr:0.000076 t:9.9s
tttg: c131/158 lr:0.000071 t:10.0s
tttg: c132/158 lr:0.000066 t:10.0s
tttg: c133/158 lr:0.000061 t:10.1s
tttg: c134/158 lr:0.000057 t:10.2s
tttg: c135/158 lr:0.000052 t:10.3s
tttg: c136/158 lr:0.000048 t:10.4s
tttg: c137/158 lr:0.000043 t:10.4s
tttg: c138/158 lr:0.000040 t:10.5s
tttg: c139/158 lr:0.000036 t:10.6s
tttg: c140/158 lr:0.000032 t:10.7s
tttg: c141/158 lr:0.000029 t:10.7s
tttg: c142/158 lr:0.000025 t:10.8s
tttg: c143/158 lr:0.000022 t:10.9s
tttg: c144/158 lr:0.000019 t:11.0s
tttg: c145/158 lr:0.000017 t:11.0s
tttg: c146/158 lr:0.000014 t:11.1s
tttg: c147/158 lr:0.000012 t:11.2s
tttg: c148/158 lr:0.000010 t:11.3s
tttg: c149/158 lr:0.000008 t:11.3s
tttg: c150/158 lr:0.000006 t:11.4s
tttg: c151/158 lr:0.000005 t:11.5s
tttg: c152/158 lr:0.000004 t:11.6s
tttg: c153/158 lr:0.000003 t:11.6s
tttg: c154/158 lr:0.000002 t:11.7s
tttg: c155/158 lr:0.000001 t:11.8s
tttg: c156/158 lr:0.000000 t:11.9s
tttg: c157/158 lr:0.000000 t:11.9s
ttpr: phase:2/3 t:339.0s
ttp: b750/782 bl:2.8125 bb:1.0611 rl:2.7318 rb:1.0827 dl:2638-2688 gd:0
ttpp: phase:3/3 pd:2448 gd:2000 t:353.1s
tttg: c1/213 lr:0.001000 t:0.1s
tttg: c2/213 lr:0.001000 t:0.2s
tttg: c3/213 lr:0.001000 t:0.2s
tttg: c4/213 lr:0.001000 t:0.3s
tttg: c5/213 lr:0.000999 t:0.4s
tttg: c6/213 lr:0.000999 t:0.5s
tttg: c7/213 lr:0.000998 t:0.5s
tttg: c8/213 lr:0.000997 t:0.6s
tttg: c9/213 lr:0.000996 t:0.7s
tttg: c10/213 lr:0.000996 t:0.8s
tttg: c11/213 lr:0.000995 t:0.8s
tttg: c12/213 lr:0.000993 t:0.9s
tttg: c13/213 lr:0.000992 t:1.0s
tttg: c14/213 lr:0.000991 t:1.1s
tttg: c15/213 lr:0.000989 t:1.1s
tttg: c16/213 lr:0.000988 t:1.2s
tttg: c17/213 lr:0.000986 t:1.3s
tttg: c18/213 lr:0.000984 t:1.4s
tttg: c19/213 lr:0.000982 t:1.4s
tttg: c20/213 lr:0.000980 t:1.5s
tttg: c21/213 lr:0.000978 t:1.6s
tttg: c22/213 lr:0.000976 t:1.7s
tttg: c23/213 lr:0.000974 t:1.7s
tttg: c24/213 lr:0.000971 t:1.8s
tttg: c25/213 lr:0.000969 t:1.9s
tttg: c26/213 lr:0.000966 t:2.0s
tttg: c27/213 lr:0.000963 t:2.1s
tttg: c28/213 lr:0.000961 t:2.1s
tttg: c29/213 lr:0.000958 t:2.2s
tttg: c30/213 lr:0.000955 t:2.3s
tttg: c31/213 lr:0.000951 t:2.4s
tttg: c32/213 lr:0.000948 t:2.4s
tttg: c33/213 lr:0.000945 t:2.5s
tttg: c34/213 lr:0.000941 t:2.6s
tttg: c35/213 lr:0.000938 t:2.7s
tttg: c36/213 lr:0.000934 t:2.7s
tttg: c37/213 lr:0.000931 t:2.8s
tttg: c38/213 lr:0.000927 t:2.9s
tttg: c39/213 lr:0.000923 t:3.0s
tttg: c40/213 lr:0.000919 t:3.0s
tttg: c41/213 lr:0.000915 t:3.1s
tttg: c42/213 lr:0.000911 t:3.2s
tttg: c43/213 lr:0.000906 t:3.3s
tttg: c44/213 lr:0.000902 t:3.3s
tttg: c45/213 lr:0.000897 t:3.4s
tttg: c46/213 lr:0.000893 t:3.5s
tttg: c47/213 lr:0.000888 t:3.6s
tttg: c48/213 lr:0.000884 t:3.6s
tttg: c49/213 lr:0.000879 t:3.7s
tttg: c50/213 lr:0.000874 t:3.8s
tttg: c51/213 lr:0.000869 t:3.9s
tttg: c52/213 lr:0.000864 t:4.0s
tttg: c53/213 lr:0.000859 t:4.0s
tttg: c54/213 lr:0.000854 t:4.1s
tttg: c55/213 lr:0.000848 t:4.2s
tttg: c56/213 lr:0.000843 t:4.3s
tttg: c57/213 lr:0.000837 t:4.3s
tttg: c58/213 lr:0.000832 t:4.4s
tttg: c59/213 lr:0.000826 t:4.5s
tttg: c60/213 lr:0.000821 t:4.6s
tttg: c61/213 lr:0.000815 t:4.6s
tttg: c62/213 lr:0.000809 t:4.7s
tttg: c63/213 lr:0.000803 t:4.8s
tttg: c64/213 lr:0.000797 t:4.9s
tttg: c65/213 lr:0.000791 t:4.9s
tttg: c66/213 lr:0.000785 t:5.0s
tttg: c67/213 lr:0.000779 t:5.1s
tttg: c68/213 lr:0.000773 t:5.2s
tttg: c69/213 lr:0.000767 t:5.3s
tttg: c70/213 lr:0.000761 t:5.3s
tttg: c71/213 lr:0.000754 t:5.4s
tttg: c72/213 lr:0.000748 t:5.5s
tttg: c73/213 lr:0.000741 t:5.6s
tttg: c74/213 lr:0.000735 t:5.6s
tttg: c75/213 lr:0.000728 t:5.7s
tttg: c76/213 lr:0.000722 t:5.8s
tttg: c77/213 lr:0.000715 t:5.9s
tttg: c78/213 lr:0.000708 t:6.0s
tttg: c79/213 lr:0.000702 t:6.0s
tttg: c80/213 lr:0.000695 t:6.1s
tttg: c81/213 lr:0.000688 t:6.2s
tttg: c82/213 lr:0.000681 t:6.3s
tttg: c83/213 lr:0.000674 t:6.3s
tttg: c84/213 lr:0.000667 t:6.4s
tttg: c85/213 lr:0.000660 t:6.5s
tttg: c86/213 lr:0.000653 t:6.6s
tttg: c87/213 lr:0.000646 t:6.6s
tttg: c88/213 lr:0.000639 t:6.7s
tttg: c89/213 lr:0.000632 t:6.8s
tttg: c90/213 lr:0.000625 t:6.9s
tttg: c91/213 lr:0.000617 t:6.9s
tttg: c92/213 lr:0.000610 t:7.0s
tttg: c93/213 lr:0.000603 t:7.1s
tttg: c94/213 lr:0.000596 t:7.2s
tttg: c95/213 lr:0.000588 t:7.2s
tttg: c96/213 lr:0.000581 t:7.3s
tttg: c97/213 lr:0.000574 t:7.4s
tttg: c98/213 lr:0.000566 t:7.5s
tttg: c99/213 lr:0.000559 t:7.6s
tttg: c100/213 lr:0.000552 t:7.6s
tttg: c101/213 lr:0.000544 t:7.7s
tttg: c102/213 lr:0.000537 t:7.8s
tttg: c103/213 lr:0.000530 t:7.9s
tttg: c104/213 lr:0.000522 t:7.9s
tttg: c105/213 lr:0.000515 t:8.0s
tttg: c106/213 lr:0.000507 t:8.1s
tttg: c107/213 lr:0.000500 t:8.2s
tttg: c108/213 lr:0.000493 t:8.3s
tttg: c109/213 lr:0.000485 t:8.3s
tttg: c110/213 lr:0.000478 t:8.4s
tttg: c111/213 lr:0.000470 t:8.5s
tttg: c112/213 lr:0.000463 t:8.6s
tttg: c113/213 lr:0.000456 t:8.6s
tttg: c114/213 lr:0.000448 t:8.7s
tttg: c115/213 lr:0.000441 t:8.8s
tttg: c116/213 lr:0.000434 t:8.9s
tttg: c117/213 lr:0.000426 t:8.9s
tttg: c118/213 lr:0.000419 t:9.0s
tttg: c119/213 lr:0.000412 t:9.1s
tttg: c120/213 lr:0.000404 t:9.2s
tttg: c121/213 lr:0.000397 t:9.3s
tttg: c122/213 lr:0.000390 t:9.4s
tttg: c123/213 lr:0.000383 t:9.4s
tttg: c124/213 lr:0.000375 t:9.5s
tttg: c125/213 lr:0.000368 t:9.6s
tttg: c126/213 lr:0.000361 t:9.7s
tttg: c127/213 lr:0.000354 t:9.7s
tttg: c128/213 lr:0.000347 t:9.8s
tttg: c129/213 lr:0.000340 t:9.9s
tttg: c130/213 lr:0.000333 t:10.0s
tttg: c131/213 lr:0.000326 t:10.1s
tttg: c132/213 lr:0.000319 t:10.1s
tttg: c133/213 lr:0.000312 t:10.2s
tttg: c134/213 lr:0.000305 t:10.3s
tttg: c135/213 lr:0.000298 t:10.4s
tttg: c136/213 lr:0.000292 t:10.4s
tttg: c137/213 lr:0.000285 t:10.5s
tttg: c138/213 lr:0.000278 t:10.6s
tttg: c139/213 lr:0.000272 t:10.7s
tttg: c140/213 lr:0.000265 t:10.7s
tttg: c141/213 lr:0.000259 t:10.8s
tttg: c142/213 lr:0.000252 t:10.9s
tttg: c143/213 lr:0.000246 t:11.0s
tttg: c144/213 lr:0.000239 t:11.1s
tttg: c145/213 lr:0.000233 t:11.1s
tttg: c146/213 lr:0.000227 t:11.2s
tttg: c147/213 lr:0.000221 t:11.3s
tttg: c148/213 lr:0.000215 t:11.4s
tttg: c149/213 lr:0.000209 t:11.4s
tttg: c150/213 lr:0.000203 t:11.5s
tttg: c151/213 lr:0.000197 t:11.6s
tttg: c152/213 lr:0.000191 t:11.7s
tttg: c153/213 lr:0.000185 t:11.7s
tttg: c154/213 lr:0.000179 t:11.8s
tttg: c155/213 lr:0.000174 t:11.9s
tttg: c156/213 lr:0.000168 t:12.0s
tttg: c157/213 lr:0.000163 t:12.0s
tttg: c158/213 lr:0.000157 t:12.1s
tttg: c159/213 lr:0.000152 t:12.2s
tttg: c160/213 lr:0.000146 t:12.3s
tttg: c161/213 lr:0.000141 t:12.4s
tttg: c162/213 lr:0.000136 t:12.4s
tttg: c163/213 lr:0.000131 t:12.5s
tttg: c164/213 lr:0.000126 t:12.6s
tttg: c165/213 lr:0.000121 t:12.7s
tttg: c166/213 lr:0.000116 t:12.7s
tttg: c167/213 lr:0.000112 t:12.8s
tttg: c168/213 lr:0.000107 t:12.9s
tttg: c169/213 lr:0.000103 t:13.0s
tttg: c170/213 lr:0.000098 t:13.0s
tttg: c171/213 lr:0.000094 t:13.1s
tttg: c172/213 lr:0.000089 t:13.2s
tttg: c173/213 lr:0.000085 t:13.3s
tttg: c174/213 lr:0.000081 t:13.3s
tttg: c175/213 lr:0.000077 t:13.4s
tttg: c176/213 lr:0.000073 t:13.5s
tttg: c177/213 lr:0.000069 t:13.6s
tttg: c178/213 lr:0.000066 t:13.7s
tttg: c179/213 lr:0.000062 t:13.7s
tttg: c180/213 lr:0.000059 t:13.8s
tttg: c181/213 lr:0.000055 t:13.9s
tttg: c182/213 lr:0.000052 t:14.0s
tttg: c183/213 lr:0.000049 t:14.0s
tttg: c184/213 lr:0.000045 t:14.1s
tttg: c185/213 lr:0.000042 t:14.2s
tttg: c186/213 lr:0.000039 t:14.3s
tttg: c187/213 lr:0.000037 t:14.3s
tttg: c188/213 lr:0.000034 t:14.4s
tttg: c189/213 lr:0.000031 t:14.5s
tttg: c190/213 lr:0.000029 t:14.6s
tttg: c191/213 lr:0.000026 t:14.7s
tttg: c192/213 lr:0.000024 t:14.7s
tttg: c193/213 lr:0.000022 t:14.8s
tttg: c194/213 lr:0.000020 t:14.9s
tttg: c195/213 lr:0.000018 t:15.0s
tttg: c196/213 lr:0.000016 t:15.0s
tttg: c197/213 lr:0.000014 t:15.1s
tttg: c198/213 lr:0.000012 t:15.2s
tttg: c199/213 lr:0.000011 t:15.3s
tttg: c200/213 lr:0.000009 t:15.3s
tttg: c201/213 lr:0.000008 t:15.4s
tttg: c202/213 lr:0.000007 t:15.5s
tttg: c203/213 lr:0.000005 t:15.6s
tttg: c204/213 lr:0.000004 t:15.6s
tttg: c205/213 lr:0.000004 t:15.7s
tttg: c206/213 lr:0.000003 t:15.8s
tttg: c207/213 lr:0.000002 t:15.9s
tttg: c208/213 lr:0.000001 t:15.9s
tttg: c209/213 lr:0.000001 t:16.0s
tttg: c210/213 lr:0.000000 t:16.1s
tttg: c211/213 lr:0.000000 t:16.2s
tttg: c212/213 lr:0.000000 t:16.3s
ttpr: phase:3/3 t:371.7s
ttp: b743/782 bl:2.6968 bb:1.0383 rl:2.7289 rb:1.0789 dl:2355-2388 gd:1
ttp: b728/782 bl:2.7436 bb:1.0626 rl:2.7298 rb:1.0778 dl:1960-1977 gd:1
ttp: b724/782 bl:2.7329 bb:1.0447 rl:2.7300 rb:1.0757 dl:1885-1900 gd:1
ttp: b717/782 bl:2.7760 bb:1.0455 rl:2.7324 rb:1.0741 dl:1754-1773 gd:1
ttp: b711/782 bl:2.7575 bb:1.0383 rl:2.7336 rb:1.0723 dl:1673-1683 gd:1
ttp: b699/782 bl:2.8060 bb:1.0384 rl:2.7367 rb:1.0708 dl:1543-1552 gd:1
ttp: b694/782 bl:2.7457 bb:1.0598 rl:2.7370 rb:1.0703 dl:1494-1504 gd:1
ttp: b684/782 bl:2.7800 bb:1.0688 rl:2.7386 rb:1.0703 dl:1407-1414 gd:1
ttp: b676/782 bl:2.7766 bb:1.0609 rl:2.7398 rb:1.0700 dl:1347-1353 gd:1
ttp: b669/782 bl:2.7627 bb:1.0476 rl:2.7405 rb:1.0693 dl:1301-1308 gd:1
ttp: b660/782 bl:2.8325 bb:1.0838 rl:2.7432 rb:1.0697 dl:1245-1250 gd:1
ttp: b651/782 bl:2.7042 bb:1.0386 rl:2.7421 rb:1.0688 dl:1193-1198 gd:1
ttp: b647/782 bl:2.7311 bb:1.0397 rl:2.7418 rb:1.0681 dl:1171-1177 gd:1
ttp: b639/782 bl:2.8355 bb:1.0741 rl:2.7441 rb:1.0682 dl:1129-1134 gd:1
ttp: b631/782 bl:2.7473 bb:1.0548 rl:2.7442 rb:1.0679 dl:1092-1096 gd:1
ttp: b623/782 bl:2.7700 bb:1.0662 rl:2.7447 rb:1.0679 dl:1055-1060 gd:1
ttp: b612/782 bl:2.8082 bb:1.0373 rl:2.7460 rb:1.0672 dl:1007-1012 gd:1
ttp: b603/782 bl:2.8157 bb:1.0785 rl:2.7473 rb:1.0675 dl:971-974 gd:1
ttp: b597/782 bl:2.7544 bb:1.0342 rl:2.7475 rb:1.0668 dl:947-950 gd:1
ttp: b589/782 bl:2.7275 bb:1.0441 rl:2.7471 rb:1.0664 dl:921-924 gd:1
ttp: b581/782 bl:2.7058 bb:1.0094 rl:2.7464 rb:1.0654 dl:894-897 gd:1
ttp: b573/782 bl:2.9122 bb:1.0658 rl:2.7491 rb:1.0654 dl:868-871 gd:1
ttp: b565/782 bl:2.7520 bb:1.0545 rl:2.7491 rb:1.0653 dl:843-846 gd:1
ttp: b557/782 bl:2.7791 bb:1.0362 rl:2.7495 rb:1.0648 dl:818-821 gd:1
ttp: b548/782 bl:2.7416 bb:1.0396 rl:2.7494 rb:1.0645 dl:793-795 gd:1
ttp: b541/782 bl:2.7782 bb:1.0515 rl:2.7498 rb:1.0643 dl:774-776 gd:1
ttp: b533/782 bl:2.7485 bb:1.0266 rl:2.7498 rb:1.0638 dl:754-757 gd:1
ttp: b525/782 bl:2.7698 bb:1.0656 rl:2.7500 rb:1.0638 dl:735-737 gd:1
ttp: b517/782 bl:2.7570 bb:1.0436 rl:2.7501 rb:1.0636 dl:715-717 gd:1
ttp: b510/782 bl:2.7395 bb:1.0132 rl:2.7500 rb:1.0630 dl:698-700 gd:1
ttp: b502/782 bl:2.8122 bb:1.0560 rl:2.7507 rb:1.0629 dl:680-682 gd:1
ttp: b494/782 bl:2.7763 bb:1.0466 rl:2.7510 rb:1.0627 dl:661-664 gd:1
ttp: b486/782 bl:2.7799 bb:1.0551 rl:2.7513 rb:1.0626 dl:645-646 gd:1
ttp: b478/782 bl:2.7756 bb:1.0453 rl:2.7515 rb:1.0625 dl:628-630 gd:1
ttp: b470/782 bl:2.8481 bb:1.0880 rl:2.7524 rb:1.0627 dl:611-613 gd:1
ttp: b462/782 bl:2.8501 bb:1.0619 rl:2.7533 rb:1.0627 dl:597-599 gd:1
ttp: b454/782 bl:2.8208 bb:1.0681 rl:2.7539 rb:1.0628 dl:582-584 gd:1
ttp: b446/782 bl:2.8083 bb:1.0839 rl:2.7544 rb:1.0629 dl:568-569 gd:1
ttp: b438/782 bl:2.7008 bb:1.0508 rl:2.7539 rb:1.0628 dl:553-555 gd:1
ttp: b430/782 bl:2.7447 bb:1.0420 rl:2.7539 rb:1.0627 dl:539-540 gd:1
ttp: b423/782 bl:2.7232 bb:1.0228 rl:2.7536 rb:1.0623 dl:526-528 gd:1
ttp: b417/782 bl:2.7980 bb:1.0492 rl:2.7540 rb:1.0622 dl:516-517 gd:1
ttp: b410/782 bl:2.7598 bb:1.0479 rl:2.7540 rb:1.0621 dl:505-507 gd:1
ttp: b403/782 bl:2.7948 bb:1.0444 rl:2.7543 rb:1.0620 dl:493-495 gd:1
ttp: b396/782 bl:2.7381 bb:1.0478 rl:2.7542 rb:1.0619 dl:482-484 gd:1
ttp: b388/782 bl:2.7600 bb:1.0590 rl:2.7542 rb:1.0619 dl:470-471 gd:1
ttp: b381/782 bl:2.8802 bb:1.0815 rl:2.7551 rb:1.0620 dl:460-461 gd:1
ttp: b374/782 bl:2.7360 bb:1.0631 rl:2.7549 rb:1.0620 dl:450-452 gd:1
ttp: b367/782 bl:2.8166 bb:1.0579 rl:2.7553 rb:1.0620 dl:440-441 gd:1
ttp: b361/782 bl:2.7807 bb:1.0632 rl:2.7555 rb:1.0620 dl:432-433 gd:1
ttp: b355/782 bl:2.6910 bb:1.0603 rl:2.7551 rb:1.0620 dl:423-424 gd:1
ttp: b348/782 bl:2.7912 bb:1.0607 rl:2.7553 rb:1.0620 dl:414-415 gd:1
ttp: b340/782 bl:2.7988 bb:1.0826 rl:2.7555 rb:1.0621 dl:403-404 gd:1
ttp: b332/782 bl:2.8044 bb:1.0890 rl:2.7558 rb:1.0622 dl:393-394 gd:1
ttp: b186/782 bl:2.9223 bb:1.1676 rl:2.7563 rb:1.0626 dl:234-235 gd:1
ttp: b179/782 bl:2.9214 bb:1.1412 rl:2.7568 rb:1.0628 dl:228-229 gd:1
ttp: b173/782 bl:2.9497 bb:1.1467 rl:2.7574 rb:1.0631 dl:223-224 gd:1
ttp: b166/782 bl:2.9556 bb:1.1395 rl:2.7580 rb:1.0633 dl:217-218 gd:1
ttp: b159/782 bl:2.9765 bb:1.1726 rl:2.7586 rb:1.0636 dl:211-212 gd:1
ttp: b154/782 bl:2.9706 bb:1.1498 rl:2.7592 rb:1.0638 dl:207-207 gd:1
ttp: b146/782 bl:2.8848 bb:1.1452 rl:2.7595 rb:1.0640 dl:200-201 gd:1
ttp: b138/782 bl:2.8832 bb:1.1477 rl:2.7598 rb:1.0642 dl:194-195 gd:1
ttp: b130/782 bl:3.1097 bb:1.2224 rl:2.7607 rb:1.0646 dl:187-188 gd:1
ttp: b124/782 bl:2.8507 bb:1.1403 rl:2.7609 rb:1.0648 dl:183-184 gd:1
ttp: b117/782 bl:2.8342 bb:1.1360 rl:2.7611 rb:1.0650 dl:178-178 gd:1
ttp: b110/782 bl:3.0101 bb:1.1687 rl:2.7617 rb:1.0652 dl:173-173 gd:1
ttp: b101/782 bl:2.9500 bb:1.1579 rl:2.7621 rb:1.0654 dl:166-167 gd:1
ttp: b94/782 bl:2.9683 bb:1.1707 rl:2.7625 rb:1.0656 dl:160-161 gd:1
ttp: b86/782 bl:3.0211 bb:1.2574 rl:2.7630 rb:1.0660 dl:154-155 gd:1
ttp: b78/782 bl:2.9059 bb:1.1274 rl:2.7633 rb:1.0661 dl:148-149 gd:1
ttp: b70/782 bl:3.0434 bb:1.1565 rl:2.7638 rb:1.0663 dl:142-143 gd:1
ttp: b62/782 bl:2.9677 bb:1.2005 rl:2.7642 rb:1.0665 dl:136-137 gd:1
ttp: b53/782 bl:3.1054 bb:1.2243 rl:2.7648 rb:1.0667 dl:129-130 gd:1
ttp: b46/782 bl:3.1196 bb:1.2198 rl:2.7653 rb:1.0670 dl:123-124 gd:1
ttp: b38/782 bl:3.0100 bb:1.2014 rl:2.7657 rb:1.0672 dl:117-118 gd:1
ttp: b30/782 bl:3.1203 bb:1.2499 rl:2.7662 rb:1.0674 dl:110-111 gd:1
ttp: b22/782 bl:3.1563 bb:1.2304 rl:2.7667 rb:1.0676 dl:103-104 gd:1
ttp: b14/782 bl:3.1174 bb:1.2260 rl:2.7671 rb:1.0678 dl:94-95 gd:1
ttp: b9/782 bl:3.1858 bb:1.2625 rl:2.7676 rb:1.0680 dl:87-89 gd:1
ttp: b1/782 bl:3.3379 bb:1.2388 rl:2.7681 rb:1.0682 dl:45-70 gd:1
quantized_ttt_phased val_loss:2.75615675 val_bpb:1.06699417 eval_time:456618ms
total_eval_time:456.6s
