W0425 06:43:58.261000 32251 site-packages/torch/distributed/run.py:851] 
W0425 06:43:58.261000 32251 site-packages/torch/distributed/run.py:851] *****************************************
W0425 06:43:58.261000 32251 site-packages/torch/distributed/run.py:851] Setting OMP_NUM_THREADS environment variable for each process to be 1 in default, to avoid your system being overloaded, please further tune the variable for optimal performance in your application as needed. 
W0425 06:43:58.261000 32251 site-packages/torch/distributed/run.py:851] *****************************************
Hyperparameters:
  adam_eps: 1e-08
  adam_wd: 0.02
  artifact_dir: 
  attn_clip_sigmas: 13.0
  beta1: 0.9
  beta2: 0.95
  compressor: brotli
  data_dir: ./data/
  datasets_dir: ./data/datasets/fineweb10B_sp8192
  distributed: True
  ema_decay: 0.9965
  embed_bits: 7
  embed_clip_sigmas: 15.0
  embed_lr: 0.6
  embed_wd: 0.085
  enable_looping_at: 0.35
  eval_seq_len: 2048
  eval_stride: 64
  gate_attn_out: True
  gate_attn_width: 24
  global_ttt_batch_seqs: 32
  global_ttt_chunk_tokens: 32768
  global_ttt_epochs: 1
  global_ttt_grad_clip: 1.0
  global_ttt_lr: 0.001
  global_ttt_momentum: 0.9
  global_ttt_respect_doc_boundaries: True
  global_ttt_warmup_chunks: 0
  global_ttt_warmup_start_lr: 0.0
  gptq_calibration_batches: 16
  gptq_reserve_seconds: 4.0
  grad_accum_steps: 1
  grad_clip_norm: 0.3
  is_main_process: True
  iterations: 20000
  ln_scale: True
  local_rank: 0
  logfile: logs/7f705502-76db-4eeb-b405-77375a6dfd61.txt
  logit_softcap: 30.0
  loop_end: 5
  loop_start: 3
  lqer_asym_enabled: True
  lqer_asym_group: 64
  lqer_enabled: True
  lqer_factor_bits: 4
  lqer_rank: 4
  lqer_top_k: 3
  matrix_bits: 6
  matrix_clip_sigmas: 12.85
  matrix_lr: 0.026
  max_wallclock_seconds: 600.0
  min_lr: 0.1
  mlp_clip_sigmas: 12.0
  mlp_mult: 4.0
  model_dim: 512
  model_path: final_model.pt
  muon_backend_steps: 5
  muon_momentum: 0.97
  muon_momentum_warmup_start: 0.92
  muon_momentum_warmup_steps: 1500
  muon_row_normalize: True
  muon_wd: 0.095
  num_heads: 8
  num_kv_heads: 4
  num_layers: 11
  num_loops: 2
  parallel_final_lane: mean
  parallel_start_layer: 8
  phased_ttt_enabled: True
  phased_ttt_num_phases: 3
  phased_ttt_prefix_docs: 2000
  polar_express_ns: True
  qk_gain_init: 5.25
  quantized_model_path: final_model.int6.ptz
  rank: 0
  rope_base: 10000.0
  rope_dims: 16
  rope_train_seq_len: 2048
  rope_yarn: False
  run_id: 7f705502-76db-4eeb-b405-77375a6dfd61
  scalar_lr: 0.02
  seed: 2025
  skip_gates_enabled: True
  sliding_window_enabled: False
  smear_gate_enabled: True
  smear_gate_width: 12
  tie_embeddings: True
  tied_embed_init_std: 0.005
  tied_embed_lr: 0.03
  tokenizer_path: ./data/tokenizers/fineweb_8192_bpe.model
  train_batch_tokens: 786432
  train_files: ./data/datasets/fineweb10B_sp8192/fineweb_train_*.bin
  train_log_every: 500
  train_seq_len: 2048
  ttt_batch_size: 64
  ttt_beta1: 0.0
  ttt_beta2: 0.999
  ttt_chunk_size: 48
  ttt_enabled: True
  ttt_eval_batches: 
  ttt_eval_seq_len: 2048
  ttt_grad_steps: 1
  ttt_k_lora: True
  ttt_lora_lr: 0.0001
  ttt_lora_rank: 128
  ttt_mlp_lora: True
  ttt_o_lora: True
  ttt_optimizer: adam
  ttt_weight_decay: 1.0
  val_batch_tokens: 524288
  val_doc_fraction: 1.0
  val_files: ./data/datasets/fineweb10B_sp8192/fineweb_val_*.bin
  val_loss_every: 4000
  vocab_size: 8192
  warmdown_frac: 0.75
  warmup_steps: 20
  world_size: 8
  xsa_last_n: 11
train_shards: 80
val_tokens: 40540160
model_params:35946727
gptq:reserving 4s, effective=596000ms
warmup_cu_buckets:64,128,192,256 iters_each:3
warmup_step: 1/20
warmup_step: 2/20
warmup_step: 3/20
warmup_step: 4/20
warmup_step: 5/20
warmup_step: 6/20
warmup_step: 10/20
warmup_step: 20/20
loop_warmup:enabled encoder:[0, 1, 2, 3, 4, 5, 3, 4] decoder:[5, 3, 4, 5, 6, 7, 8, 9, 10]
loop_warmup_step: 1/20
loop_warmup_step: 2/20
loop_warmup_step: 3/20
loop_warmup_step: 4/20
loop_warmup_step: 5/20
loop_warmup_step: 6/20
loop_warmup_step: 10/20
loop_warmup_step: 20/20
0/20000 val_loss: 9.0062 val_bpb: 3.4865
1/20000 train_loss: 9.0057 train_time: 0.0m tok/s: 12359009
2/20000 train_loss: 12.1630 train_time: 0.0m tok/s: 11371815
3/20000 train_loss: 11.2464 train_time: 0.0m tok/s: 10220233
4/20000 train_loss: 9.6327 train_time: 0.0m tok/s: 9704933
5/20000 train_loss: 8.1886 train_time: 0.0m tok/s: 9439342
500/20000 train_loss: 3.2481 train_time: 0.8m tok/s: 8273603
1000/20000 train_loss: 3.0111 train_time: 1.6m tok/s: 8247806
1500/20000 train_loss: 3.0198 train_time: 2.4m tok/s: 8239728
2000/20000 train_loss: 2.9757 train_time: 3.2m tok/s: 8237998
layer_loop:enabled step:2183 frac:0.350 encoder:[0, 1, 2, 3, 4, 5, 3, 4] decoder:[5, 3, 4, 5, 6, 7, 8, 9, 10]
2500/20000 train_loss: 3.0641 train_time: 4.2m tok/s: 7773837
3000/20000 train_loss: 2.9037 train_time: 5.4m tok/s: 7306535
3500/20000 train_loss: 2.9728 train_time: 6.5m tok/s: 7006463
4000/20000 train_loss: 2.9041 train_time: 7.7m tok/s: 6796168
4000/20000 val_loss: 2.8825 val_bpb: 1.1159
4500/20000 train_loss: 2.8637 train_time: 8.9m tok/s: 6641760
4953/20000 val_loss: 2.7916 val_bpb: 1.0807
stopping_early: wallclock_cap train_time: 596125ms step: 4953/20000
peak memory allocated: 40146 MiB reserved: 44208 MiB
ema:applying EMA weights
diagnostic pre-quantization post-ema val_loss:2.76386277 val_bpb:1.06994293 eval_time:7913ms
Serialized model: 135422397 bytes
Code size (uncompressed): 129630 bytes
Code size (compressed): 32360 bytes
GPTQ:collecting Hessians from calibration data...
GPTQ:collected 67 Hessians in 3.4s
Quantized weights:
  gptq (int6): blocks.attn.c_k.weight, blocks.attn.c_q.weight, blocks.attn.c_v.weight, blocks.attn.proj.weight, blocks.mlp.fc.weight, blocks.mlp.proj.weight
  gptq (int6)+lqer_asym: blocks.mlp.fc.weight
  gptq (int7)+lqer_asym: tok_emb.weight
  passthrough (float16): blocks.attn.attn_gate_proj.weight, blocks.attn.q_gain, blocks.attn_scale, blocks.mlp_scale, blocks.resid_mix, parallel_post_lambdas, parallel_resid_lambdas, skip_gates, skip_weights, smear_gate.weight, smear_lambda
Serialized model quantized+brotli: 15916267 bytes
Total submission size quantized+brotli: 15948627 bytes
diagnostic quantized val_loss:2.78868727 val_bpb:1.07955295 eval_time:8906ms
ttt_lora:warming up compile (random tokens, no val data)
ttt_lora:compile warmup done (97.1s)

beginning TTT eval timer
ttt_phased: total_docs:50000 prefix_docs:2000 suffix_docs:48000 num_phases:3 boundaries:[666, 1333, 2000]
ttp: b781/782 bl:2.5560 bb:1.0552 rl:2.5560 rb:1.0552 dl:14510-25988 gd:0
ttpp: phase:1/3 pd:1104 gd:666 t:187.2s
tttg: c1/95 lr:0.001000 t:0.3s
tttg: c2/95 lr:0.001000 t:0.4s
tttg: c3/95 lr:0.000999 t:0.4s
tttg: c4/95 lr:0.000997 t:0.5s
tttg: c5/95 lr:0.000996 t:0.6s
tttg: c6/95 lr:0.000993 t:0.7s
tttg: c7/95 lr:0.000990 t:0.7s
tttg: c8/95 lr:0.000986 t:0.8s
tttg: c9/95 lr:0.000982 t:0.9s
tttg: c10/95 lr:0.000978 t:1.0s
tttg: c11/95 lr:0.000972 t:1.0s
tttg: c12/95 lr:0.000967 t:1.1s
tttg: c13/95 lr:0.000960 t:1.2s
tttg: c14/95 lr:0.000954 t:1.3s
tttg: c15/95 lr:0.000946 t:1.3s
tttg: c16/95 lr:0.000938 t:1.4s
tttg: c17/95 lr:0.000930 t:1.5s
tttg: c18/95 lr:0.000921 t:1.6s
tttg: c19/95 lr:0.000912 t:1.6s
tttg: c20/95 lr:0.000903 t:1.7s
tttg: c21/95 lr:0.000892 t:1.8s
tttg: c22/95 lr:0.000882 t:1.9s
tttg: c23/95 lr:0.000871 t:1.9s
tttg: c24/95 lr:0.000859 t:2.0s
tttg: c25/95 lr:0.000848 t:2.1s
tttg: c26/95 lr:0.000835 t:2.2s
tttg: c27/95 lr:0.000823 t:2.2s
tttg: c28/95 lr:0.000810 t:2.3s
tttg: c29/95 lr:0.000797 t:2.4s
tttg: c30/95 lr:0.000783 t:2.5s
tttg: c31/95 lr:0.000769 t:2.5s
tttg: c32/95 lr:0.000755 t:2.6s
tttg: c33/95 lr:0.000740 t:2.7s
tttg: c34/95 lr:0.000726 t:2.8s
tttg: c35/95 lr:0.000710 t:2.8s
tttg: c36/95 lr:0.000695 t:2.9s
tttg: c37/95 lr:0.000680 t:3.0s
tttg: c38/95 lr:0.000664 t:3.1s
tttg: c39/95 lr:0.000648 t:3.1s
tttg: c40/95 lr:0.000632 t:3.2s
tttg: c41/95 lr:0.000616 t:3.3s
tttg: c42/95 lr:0.000600 t:3.4s
tttg: c43/95 lr:0.000583 t:3.4s
tttg: c44/95 lr:0.000567 t:3.5s
tttg: c45/95 lr:0.000550 t:3.6s
tttg: c46/95 lr:0.000533 t:3.7s
tttg: c47/95 lr:0.000517 t:3.8s
tttg: c48/95 lr:0.000500 t:3.8s
tttg: c49/95 lr:0.000483 t:3.9s
tttg: c50/95 lr:0.000467 t:4.0s
tttg: c51/95 lr:0.000450 t:4.1s
tttg: c52/95 lr:0.000433 t:4.1s
tttg: c53/95 lr:0.000417 t:4.2s
tttg: c54/95 lr:0.000400 t:4.3s
tttg: c55/95 lr:0.000384 t:4.4s
tttg: c56/95 lr:0.000368 t:4.4s
tttg: c57/95 lr:0.000352 t:4.5s
tttg: c58/95 lr:0.000336 t:4.6s
tttg: c59/95 lr:0.000320 t:4.6s
tttg: c60/95 lr:0.000305 t:4.7s
tttg: c61/95 lr:0.000290 t:4.8s
tttg: c62/95 lr:0.000274 t:4.9s
tttg: c63/95 lr:0.000260 t:4.9s
tttg: c64/95 lr:0.000245 t:5.0s
tttg: c65/95 lr:0.000231 t:5.1s
tttg: c66/95 lr:0.000217 t:5.2s
tttg: c67/95 lr:0.000203 t:5.2s
tttg: c68/95 lr:0.000190 t:5.3s
tttg: c69/95 lr:0.000177 t:5.4s
tttg: c70/95 lr:0.000165 t:5.5s
tttg: c71/95 lr:0.000152 t:5.5s
tttg: c72/95 lr:0.000141 t:5.6s
tttg: c73/95 lr:0.000129 t:5.7s
tttg: c74/95 lr:0.000118 t:5.8s
tttg: c75/95 lr:0.000108 t:5.9s
tttg: c76/95 lr:0.000097 t:5.9s
tttg: c77/95 lr:0.000088 t:6.0s
tttg: c78/95 lr:0.000079 t:6.1s
tttg: c79/95 lr:0.000070 t:6.2s
tttg: c80/95 lr:0.000062 t:6.2s
tttg: c81/95 lr:0.000054 t:6.3s
tttg: c82/95 lr:0.000046 t:6.4s
tttg: c83/95 lr:0.000040 t:6.5s
tttg: c84/95 lr:0.000033 t:6.5s
tttg: c85/95 lr:0.000028 t:6.6s
tttg: c86/95 lr:0.000022 t:6.7s
tttg: c87/95 lr:0.000018 t:6.8s
tttg: c88/95 lr:0.000014 t:6.8s
tttg: c89/95 lr:0.000010 t:6.9s
tttg: c90/95 lr:0.000007 t:7.0s
tttg: c91/95 lr:0.000004 t:7.1s
tttg: c92/95 lr:0.000003 t:7.1s
tttg: c93/95 lr:0.000001 t:7.2s
tttg: c94/95 lr:0.000000 t:7.3s
ttpr: phase:1/3 t:196.9s
ttp: b759/782 bl:2.7163 bb:1.0963 rl:2.5795 rb:1.0613 dl:3188-3253 gd:0
ttpp: phase:2/3 pd:1808 gd:1333 t:261.8s
tttg: c1/158 lr:0.001000 t:0.1s
tttg: c2/158 lr:0.001000 t:0.1s
tttg: c3/158 lr:0.001000 t:0.2s
tttg: c4/158 lr:0.000999 t:0.3s
tttg: c5/158 lr:0.000998 t:0.4s
tttg: c6/158 lr:0.000997 t:0.4s
tttg: c7/158 lr:0.000996 t:0.5s
tttg: c8/158 lr:0.000995 t:0.6s
tttg: c9/158 lr:0.000994 t:0.7s
tttg: c10/158 lr:0.000992 t:0.7s
tttg: c11/158 lr:0.000990 t:0.8s
tttg: c12/158 lr:0.000988 t:0.9s
tttg: c13/158 lr:0.000986 t:1.0s
tttg: c14/158 lr:0.000983 t:1.1s
tttg: c15/158 lr:0.000981 t:1.1s
tttg: c16/158 lr:0.000978 t:1.2s
tttg: c17/158 lr:0.000975 t:1.3s
tttg: c18/158 lr:0.000971 t:1.4s
tttg: c19/158 lr:0.000968 t:1.4s
tttg: c20/158 lr:0.000964 t:1.5s
tttg: c21/158 lr:0.000960 t:1.6s
tttg: c22/158 lr:0.000957 t:1.7s
tttg: c23/158 lr:0.000952 t:1.7s
tttg: c24/158 lr:0.000948 t:1.8s
tttg: c25/158 lr:0.000943 t:1.9s
tttg: c26/158 lr:0.000939 t:2.0s
tttg: c27/158 lr:0.000934 t:2.0s
tttg: c28/158 lr:0.000929 t:2.1s
tttg: c29/158 lr:0.000924 t:2.2s
tttg: c30/158 lr:0.000918 t:2.3s
tttg: c31/158 lr:0.000913 t:2.4s
tttg: c32/158 lr:0.000907 t:2.4s
tttg: c33/158 lr:0.000901 t:2.5s
tttg: c34/158 lr:0.000895 t:2.6s
tttg: c35/158 lr:0.000889 t:2.7s
tttg: c36/158 lr:0.000882 t:2.7s
tttg: c37/158 lr:0.000876 t:2.8s
tttg: c38/158 lr:0.000869 t:2.9s
tttg: c39/158 lr:0.000862 t:3.0s
tttg: c40/158 lr:0.000855 t:3.0s
tttg: c41/158 lr:0.000848 t:3.1s
tttg: c42/158 lr:0.000841 t:3.2s
tttg: c43/158 lr:0.000834 t:3.3s
tttg: c44/158 lr:0.000826 t:3.3s
tttg: c45/158 lr:0.000818 t:3.4s
tttg: c46/158 lr:0.000811 t:3.5s
tttg: c47/158 lr:0.000803 t:3.6s
tttg: c48/158 lr:0.000795 t:3.6s
tttg: c49/158 lr:0.000787 t:3.7s
tttg: c50/158 lr:0.000778 t:3.8s
tttg: c51/158 lr:0.000770 t:3.9s
tttg: c52/158 lr:0.000761 t:3.9s
tttg: c53/158 lr:0.000753 t:4.0s
tttg: c54/158 lr:0.000744 t:4.1s
tttg: c55/158 lr:0.000735 t:4.2s
tttg: c56/158 lr:0.000727 t:4.3s
tttg: c57/158 lr:0.000718 t:4.3s
tttg: c58/158 lr:0.000709 t:4.4s
tttg: c59/158 lr:0.000699 t:4.5s
tttg: c60/158 lr:0.000690 t:4.6s
tttg: c61/158 lr:0.000681 t:4.6s
tttg: c62/158 lr:0.000672 t:4.7s
tttg: c63/158 lr:0.000662 t:4.8s
tttg: c64/158 lr:0.000653 t:4.9s
tttg: c65/158 lr:0.000643 t:4.9s
tttg: c66/158 lr:0.000633 t:5.0s
tttg: c67/158 lr:0.000624 t:5.1s
tttg: c68/158 lr:0.000614 t:5.2s
tttg: c69/158 lr:0.000604 t:5.2s
tttg: c70/158 lr:0.000594 t:5.3s
tttg: c71/158 lr:0.000585 t:5.4s
tttg: c72/158 lr:0.000575 t:5.5s
tttg: c73/158 lr:0.000565 t:5.5s
tttg: c74/158 lr:0.000555 t:5.6s
tttg: c75/158 lr:0.000545 t:5.7s
tttg: c76/158 lr:0.000535 t:5.8s
tttg: c77/158 lr:0.000525 t:5.8s
tttg: c78/158 lr:0.000515 t:5.9s
tttg: c79/158 lr:0.000505 t:6.0s
tttg: c80/158 lr:0.000495 t:6.1s
tttg: c81/158 lr:0.000485 t:6.1s
tttg: c82/158 lr:0.000475 t:6.2s
tttg: c83/158 lr:0.000465 t:6.3s
tttg: c84/158 lr:0.000455 t:6.4s
tttg: c85/158 lr:0.000445 t:6.4s
tttg: c86/158 lr:0.000435 t:6.5s
tttg: c87/158 lr:0.000425 t:6.6s
tttg: c88/158 lr:0.000415 t:6.7s
tttg: c89/158 lr:0.000406 t:6.7s
tttg: c90/158 lr:0.000396 t:6.8s
tttg: c91/158 lr:0.000386 t:6.9s
tttg: c92/158 lr:0.000376 t:7.0s
tttg: c93/158 lr:0.000367 t:7.1s
tttg: c94/158 lr:0.000357 t:7.1s
tttg: c95/158 lr:0.000347 t:7.2s
tttg: c96/158 lr:0.000338 t:7.3s
tttg: c97/158 lr:0.000328 t:7.4s
tttg: c98/158 lr:0.000319 t:7.4s
tttg: c99/158 lr:0.000310 t:7.5s
tttg: c100/158 lr:0.000301 t:7.6s
tttg: c101/158 lr:0.000291 t:7.7s
tttg: c102/158 lr:0.000282 t:7.7s
tttg: c103/158 lr:0.000273 t:7.8s
tttg: c104/158 lr:0.000265 t:7.9s
tttg: c105/158 lr:0.000256 t:8.0s
tttg: c106/158 lr:0.000247 t:8.0s
tttg: c107/158 lr:0.000239 t:8.1s
tttg: c108/158 lr:0.000230 t:8.2s
tttg: c109/158 lr:0.000222 t:8.3s
tttg: c110/158 lr:0.000213 t:8.3s
tttg: c111/158 lr:0.000205 t:8.4s
tttg: c112/158 lr:0.000197 t:8.5s
tttg: c113/158 lr:0.000189 t:8.6s
tttg: c114/158 lr:0.000182 t:8.6s
tttg: c115/158 lr:0.000174 t:8.7s
tttg: c116/158 lr:0.000166 t:8.8s
tttg: c117/158 lr:0.000159 t:8.9s
tttg: c118/158 lr:0.000152 t:8.9s
tttg: c119/158 lr:0.000145 t:9.0s
tttg: c120/158 lr:0.000138 t:9.1s
tttg: c121/158 lr:0.000131 t:9.2s
tttg: c122/158 lr:0.000124 t:9.3s
tttg: c123/158 lr:0.000118 t:9.3s
tttg: c124/158 lr:0.000111 t:9.4s
tttg: c125/158 lr:0.000105 t:9.5s
tttg: c126/158 lr:0.000099 t:9.6s
tttg: c127/158 lr:0.000093 t:9.6s
tttg: c128/158 lr:0.000087 t:9.7s
tttg: c129/158 lr:0.000082 t:9.8s
tttg: c130/158 lr:0.000076 t:9.9s
tttg: c131/158 lr:0.000071 t:9.9s
tttg: c132/158 lr:0.000066 t:10.0s
tttg: c133/158 lr:0.000061 t:10.1s
tttg: c134/158 lr:0.000057 t:10.2s
tttg: c135/158 lr:0.000052 t:10.2s
tttg: c136/158 lr:0.000048 t:10.3s
tttg: c137/158 lr:0.000043 t:10.4s
tttg: c138/158 lr:0.000040 t:10.5s
tttg: c139/158 lr:0.000036 t:10.5s
tttg: c140/158 lr:0.000032 t:10.6s
tttg: c141/158 lr:0.000029 t:10.7s
tttg: c142/158 lr:0.000025 t:10.8s
tttg: c143/158 lr:0.000022 t:10.8s
tttg: c144/158 lr:0.000019 t:10.9s
tttg: c145/158 lr:0.000017 t:11.0s
tttg: c146/158 lr:0.000014 t:11.1s
tttg: c147/158 lr:0.000012 t:11.2s
tttg: c148/158 lr:0.000010 t:11.2s
tttg: c149/158 lr:0.000008 t:11.3s
tttg: c150/158 lr:0.000006 t:11.4s
tttg: c151/158 lr:0.000005 t:11.5s
tttg: c152/158 lr:0.000004 t:11.5s
tttg: c153/158 lr:0.000003 t:11.6s
tttg: c154/158 lr:0.000002 t:11.7s
tttg: c155/158 lr:0.000001 t:13.6s
tttg: c156/158 lr:0.000000 t:13.7s
tttg: c157/158 lr:0.000000 t:13.7s
ttpr: phase:2/3 t:277.8s
ttp: b753/782 bl:2.7398 bb:1.0450 rl:2.5977 rb:1.0593 dl:2795-2838 gd:0
ttpp: phase:3/3 pd:2448 gd:2000 t:292.2s
tttg: c1/213 lr:0.001000 t:0.1s
tttg: c2/213 lr:0.001000 t:0.2s
tttg: c3/213 lr:0.001000 t:0.2s
tttg: c4/213 lr:0.001000 t:0.3s
tttg: c5/213 lr:0.000999 t:0.4s
tttg: c6/213 lr:0.000999 t:0.5s
tttg: c7/213 lr:0.000998 t:0.5s
tttg: c8/213 lr:0.000997 t:0.6s
tttg: c9/213 lr:0.000996 t:0.7s
tttg: c10/213 lr:0.000996 t:0.8s
tttg: c11/213 lr:0.000995 t:0.8s
tttg: c12/213 lr:0.000993 t:0.9s
tttg: c13/213 lr:0.000992 t:1.0s
tttg: c14/213 lr:0.000991 t:1.1s
tttg: c15/213 lr:0.000989 t:1.1s
tttg: c16/213 lr:0.000988 t:1.2s
tttg: c17/213 lr:0.000986 t:1.3s
tttg: c18/213 lr:0.000984 t:1.4s
tttg: c19/213 lr:0.000982 t:1.5s
tttg: c20/213 lr:0.000980 t:1.5s
tttg: c21/213 lr:0.000978 t:1.6s
tttg: c22/213 lr:0.000976 t:1.7s
tttg: c23/213 lr:0.000974 t:1.8s
tttg: c24/213 lr:0.000971 t:1.8s
tttg: c25/213 lr:0.000969 t:1.9s
tttg: c26/213 lr:0.000966 t:2.0s
tttg: c27/213 lr:0.000963 t:2.1s
tttg: c28/213 lr:0.000961 t:2.1s
tttg: c29/213 lr:0.000958 t:2.2s
tttg: c30/213 lr:0.000955 t:2.3s
tttg: c31/213 lr:0.000951 t:2.4s
tttg: c32/213 lr:0.000948 t:2.4s
tttg: c33/213 lr:0.000945 t:2.5s
tttg: c34/213 lr:0.000941 t:2.6s
tttg: c35/213 lr:0.000938 t:2.7s
tttg: c36/213 lr:0.000934 t:2.7s
tttg: c37/213 lr:0.000931 t:2.8s
tttg: c38/213 lr:0.000927 t:2.9s
tttg: c39/213 lr:0.000923 t:3.0s
tttg: c40/213 lr:0.000919 t:3.0s
tttg: c41/213 lr:0.000915 t:3.1s
tttg: c42/213 lr:0.000911 t:3.2s
tttg: c43/213 lr:0.000906 t:3.3s
tttg: c44/213 lr:0.000902 t:3.4s
tttg: c45/213 lr:0.000897 t:3.4s
tttg: c46/213 lr:0.000893 t:3.5s
tttg: c47/213 lr:0.000888 t:3.6s
tttg: c48/213 lr:0.000884 t:3.7s
tttg: c49/213 lr:0.000879 t:3.7s
tttg: c50/213 lr:0.000874 t:3.8s
tttg: c51/213 lr:0.000869 t:3.9s
tttg: c52/213 lr:0.000864 t:4.0s
tttg: c53/213 lr:0.000859 t:4.0s
tttg: c54/213 lr:0.000854 t:4.1s
tttg: c55/213 lr:0.000848 t:4.2s
tttg: c56/213 lr:0.000843 t:4.3s
tttg: c57/213 lr:0.000837 t:4.3s
tttg: c58/213 lr:0.000832 t:4.4s
tttg: c59/213 lr:0.000826 t:4.5s
tttg: c60/213 lr:0.000821 t:4.6s
tttg: c61/213 lr:0.000815 t:4.7s
tttg: c62/213 lr:0.000809 t:4.7s
tttg: c63/213 lr:0.000803 t:4.8s
tttg: c64/213 lr:0.000797 t:4.9s
tttg: c65/213 lr:0.000791 t:5.0s
tttg: c66/213 lr:0.000785 t:5.0s
tttg: c67/213 lr:0.000779 t:5.1s
tttg: c68/213 lr:0.000773 t:5.2s
tttg: c69/213 lr:0.000767 t:5.3s
tttg: c70/213 lr:0.000761 t:5.3s
tttg: c71/213 lr:0.000754 t:5.4s
tttg: c72/213 lr:0.000748 t:5.5s
tttg: c73/213 lr:0.000741 t:5.6s
tttg: c74/213 lr:0.000735 t:5.7s
tttg: c75/213 lr:0.000728 t:5.7s
tttg: c76/213 lr:0.000722 t:5.8s
tttg: c77/213 lr:0.000715 t:5.9s
tttg: c78/213 lr:0.000708 t:6.0s
tttg: c79/213 lr:0.000702 t:6.0s
tttg: c80/213 lr:0.000695 t:6.1s
tttg: c81/213 lr:0.000688 t:6.2s
tttg: c82/213 lr:0.000681 t:6.3s
tttg: c83/213 lr:0.000674 t:6.4s
tttg: c84/213 lr:0.000667 t:6.4s
tttg: c85/213 lr:0.000660 t:6.5s
tttg: c86/213 lr:0.000653 t:6.6s
tttg: c87/213 lr:0.000646 t:6.7s
tttg: c88/213 lr:0.000639 t:6.7s
tttg: c89/213 lr:0.000632 t:6.8s
tttg: c90/213 lr:0.000625 t:6.9s
tttg: c91/213 lr:0.000617 t:7.0s
tttg: c92/213 lr:0.000610 t:7.1s
tttg: c93/213 lr:0.000603 t:7.1s
tttg: c94/213 lr:0.000596 t:7.2s
tttg: c95/213 lr:0.000588 t:7.3s
tttg: c96/213 lr:0.000581 t:7.4s
tttg: c97/213 lr:0.000574 t:7.4s
tttg: c98/213 lr:0.000566 t:7.5s
tttg: c99/213 lr:0.000559 t:7.6s
tttg: c100/213 lr:0.000552 t:7.7s
tttg: c101/213 lr:0.000544 t:7.7s
tttg: c102/213 lr:0.000537 t:7.8s
tttg: c103/213 lr:0.000530 t:7.9s
tttg: c104/213 lr:0.000522 t:8.0s
tttg: c105/213 lr:0.000515 t:8.1s
tttg: c106/213 lr:0.000507 t:8.1s
tttg: c107/213 lr:0.000500 t:8.2s
tttg: c108/213 lr:0.000493 t:8.3s
tttg: c109/213 lr:0.000485 t:8.4s
tttg: c110/213 lr:0.000478 t:8.5s
tttg: c111/213 lr:0.000470 t:8.5s
tttg: c112/213 lr:0.000463 t:8.6s
tttg: c113/213 lr:0.000456 t:8.7s
tttg: c114/213 lr:0.000448 t:8.8s
tttg: c115/213 lr:0.000441 t:8.8s
tttg: c116/213 lr:0.000434 t:8.9s
tttg: c117/213 lr:0.000426 t:9.0s
tttg: c118/213 lr:0.000419 t:9.1s
tttg: c119/213 lr:0.000412 t:9.1s
tttg: c120/213 lr:0.000404 t:9.2s
tttg: c121/213 lr:0.000397 t:9.3s
tttg: c122/213 lr:0.000390 t:9.4s
tttg: c123/213 lr:0.000383 t:9.4s
tttg: c124/213 lr:0.000375 t:9.5s
tttg: c125/213 lr:0.000368 t:9.6s
tttg: c126/213 lr:0.000361 t:9.7s
tttg: c127/213 lr:0.000354 t:9.8s
tttg: c128/213 lr:0.000347 t:9.8s
tttg: c129/213 lr:0.000340 t:9.9s
tttg: c130/213 lr:0.000333 t:10.0s
tttg: c131/213 lr:0.000326 t:10.1s
tttg: c132/213 lr:0.000319 t:10.1s
tttg: c133/213 lr:0.000312 t:10.2s
tttg: c134/213 lr:0.000305 t:10.3s
tttg: c135/213 lr:0.000298 t:10.4s
tttg: c136/213 lr:0.000292 t:10.5s
tttg: c137/213 lr:0.000285 t:10.5s
tttg: c138/213 lr:0.000278 t:10.6s
tttg: c139/213 lr:0.000272 t:10.7s
tttg: c140/213 lr:0.000265 t:10.8s
tttg: c141/213 lr:0.000259 t:10.8s
tttg: c142/213 lr:0.000252 t:10.9s
tttg: c143/213 lr:0.000246 t:11.0s
tttg: c144/213 lr:0.000239 t:11.1s
tttg: c145/213 lr:0.000233 t:11.1s
tttg: c146/213 lr:0.000227 t:11.2s
tttg: c147/213 lr:0.000221 t:11.3s
tttg: c148/213 lr:0.000215 t:11.4s
tttg: c149/213 lr:0.000209 t:11.5s
tttg: c150/213 lr:0.000203 t:11.5s
tttg: c151/213 lr:0.000197 t:11.6s
tttg: c152/213 lr:0.000191 t:11.7s
tttg: c153/213 lr:0.000185 t:11.8s
tttg: c154/213 lr:0.000179 t:11.8s
tttg: c155/213 lr:0.000174 t:11.9s
tttg: c156/213 lr:0.000168 t:12.0s
tttg: c157/213 lr:0.000163 t:12.1s
tttg: c158/213 lr:0.000157 t:12.1s
tttg: c159/213 lr:0.000152 t:12.2s
tttg: c160/213 lr:0.000146 t:12.3s
tttg: c161/213 lr:0.000141 t:12.4s
tttg: c162/213 lr:0.000136 t:12.4s
tttg: c163/213 lr:0.000131 t:12.5s
tttg: c164/213 lr:0.000126 t:12.6s
tttg: c165/213 lr:0.000121 t:12.7s
tttg: c166/213 lr:0.000116 t:12.7s
tttg: c167/213 lr:0.000112 t:12.8s
tttg: c168/213 lr:0.000107 t:12.9s
tttg: c169/213 lr:0.000103 t:13.0s
tttg: c170/213 lr:0.000098 t:13.0s
tttg: c171/213 lr:0.000094 t:13.1s
tttg: c172/213 lr:0.000089 t:13.2s
tttg: c173/213 lr:0.000085 t:13.3s
tttg: c174/213 lr:0.000081 t:13.4s
tttg: c175/213 lr:0.000077 t:13.4s
tttg: c176/213 lr:0.000073 t:13.5s
tttg: c177/213 lr:0.000069 t:13.6s
tttg: c178/213 lr:0.000066 t:13.7s
tttg: c179/213 lr:0.000062 t:13.7s
tttg: c180/213 lr:0.000059 t:13.8s
tttg: c181/213 lr:0.000055 t:13.9s
tttg: c182/213 lr:0.000052 t:14.0s
tttg: c183/213 lr:0.000049 t:14.0s
tttg: c184/213 lr:0.000045 t:14.1s
tttg: c185/213 lr:0.000042 t:14.2s
tttg: c186/213 lr:0.000039 t:14.3s
tttg: c187/213 lr:0.000037 t:14.3s
tttg: c188/213 lr:0.000034 t:14.4s
tttg: c189/213 lr:0.000031 t:14.5s
tttg: c190/213 lr:0.000029 t:14.6s
tttg: c191/213 lr:0.000026 t:14.6s
tttg: c192/213 lr:0.000024 t:14.7s
tttg: c193/213 lr:0.000022 t:14.8s
tttg: c194/213 lr:0.000020 t:14.9s
tttg: c195/213 lr:0.000018 t:15.0s
tttg: c196/213 lr:0.000016 t:15.0s
tttg: c197/213 lr:0.000014 t:15.1s
tttg: c198/213 lr:0.000012 t:15.2s
tttg: c199/213 lr:0.000011 t:15.3s
tttg: c200/213 lr:0.000009 t:15.3s
tttg: c201/213 lr:0.000008 t:15.4s
tttg: c202/213 lr:0.000007 t:15.5s
tttg: c203/213 lr:0.000005 t:15.6s
tttg: c204/213 lr:0.000004 t:15.6s
tttg: c205/213 lr:0.000004 t:15.7s
tttg: c206/213 lr:0.000003 t:15.8s
tttg: c207/213 lr:0.000002 t:15.9s
tttg: c208/213 lr:0.000001 t:15.9s
tttg: c209/213 lr:0.000001 t:16.0s
tttg: c210/213 lr:0.000000 t:16.1s
tttg: c211/213 lr:0.000000 t:16.2s
tttg: c212/213 lr:0.000000 t:16.2s
ttpr: phase:3/3 t:310.5s
ttp: b737/782 bl:2.7890 bb:1.0635 rl:2.6131 rb:1.0597 dl:2165-2193 gd:1
ttp: b731/782 bl:2.7644 bb:1.0550 rl:2.6237 rb:1.0593 dl:2017-2041 gd:1
ttp: b720/782 bl:2.8091 bb:1.0730 rl:2.6346 rb:1.0602 dl:1816-1832 gd:1
ttp: b712/782 bl:2.8185 bb:1.0730 rl:2.6442 rb:1.0609 dl:1684-1697 gd:1
ttp: b704/782 bl:2.7311 bb:1.0186 rl:2.6482 rb:1.0588 dl:1595-1606 gd:1
ttp: b696/782 bl:2.7984 bb:1.0697 rl:2.6546 rb:1.0593 dl:1513-1522 gd:1
ttp: b688/782 bl:2.7387 bb:1.0448 rl:2.6579 rb:1.0587 dl:1441-1450 gd:1
ttp: b680/782 bl:2.7901 bb:1.0496 rl:2.6626 rb:1.0583 dl:1375-1383 gd:1
ttp: b672/782 bl:2.8900 bb:1.1026 rl:2.6702 rb:1.0599 dl:1321-1327 gd:1
ttp: b664/782 bl:2.6871 bb:1.0360 rl:2.6707 rb:1.0591 dl:1270-1275 gd:1
ttp: b656/782 bl:2.7321 bb:1.0314 rl:2.6725 rb:1.0583 dl:1220-1227 gd:1
ttp: b648/782 bl:2.7390 bb:1.0382 rl:2.6743 rb:1.0577 dl:1177-1182 gd:1
ttp: b640/782 bl:2.7693 bb:1.0778 rl:2.6767 rb:1.0582 dl:1134-1140 gd:1
ttp: b632/782 bl:2.7214 bb:1.0222 rl:2.6778 rb:1.0573 dl:1096-1101 gd:1
ttp: b624/782 bl:2.7785 bb:1.0691 rl:2.6801 rb:1.0576 dl:1060-1064 gd:1
ttp: b616/782 bl:2.8350 bb:1.0811 rl:2.6834 rb:1.0581 dl:1024-1027 gd:1
ttp: b608/782 bl:2.7154 bb:1.0248 rl:2.6840 rb:1.0574 dl:990-994 gd:1
ttp: b600/782 bl:2.7757 bb:1.0537 rl:2.6858 rb:1.0573 dl:958-963 gd:1
ttp: b592/782 bl:2.7701 bb:1.0429 rl:2.6874 rb:1.0570 dl:930-933 gd:1
ttp: b583/782 bl:2.7865 bb:1.0869 rl:2.6891 rb:1.0576 dl:901-904 gd:1
ttp: b571/782 bl:2.6981 bb:1.0292 rl:2.6892 rb:1.0571 dl:862-865 gd:1
ttp: b564/782 bl:2.8551 bb:1.1046 rl:2.6919 rb:1.0578 dl:840-843 gd:1
ttp: b553/782 bl:2.7516 bb:1.0542 rl:2.6928 rb:1.0578 dl:806-809 gd:1
ttp: b545/782 bl:2.7654 bb:1.0457 rl:2.6938 rb:1.0576 dl:785-788 gd:1
ttp: b537/782 bl:2.6970 bb:1.0198 rl:2.6938 rb:1.0571 dl:764-767 gd:1
ttp: b529/782 bl:2.7613 bb:1.0517 rl:2.6947 rb:1.0570 dl:745-747 gd:1
ttp: b521/782 bl:2.7530 bb:1.0446 rl:2.6955 rb:1.0568 dl:725-727 gd:1
ttp: b513/782 bl:2.7155 bb:1.0051 rl:2.6957 rb:1.0562 dl:705-707 gd:1
ttp: b505/782 bl:2.7542 bb:1.0523 rl:2.6964 rb:1.0561 dl:686-688 gd:1
ttp: b497/782 bl:2.8215 bb:1.0758 rl:2.6978 rb:1.0564 dl:668-671 gd:1
ttp: b489/782 bl:2.7807 bb:1.0752 rl:2.6987 rb:1.0566 dl:651-653 gd:1
ttp: b481/782 bl:2.7828 bb:1.0941 rl:2.6996 rb:1.0570 dl:635-637 gd:1
ttp: b473/782 bl:2.8178 bb:1.0721 rl:2.7008 rb:1.0571 dl:618-620 gd:1
ttp: b465/782 bl:2.7916 bb:1.0530 rl:2.7017 rb:1.0571 dl:602-604 gd:1
ttp: b457/782 bl:2.7496 bb:1.0440 rl:2.7021 rb:1.0569 dl:587-589 gd:1
ttp: b449/782 bl:2.7831 bb:1.0476 rl:2.7029 rb:1.0569 dl:573-575 gd:1
ttp: b441/782 bl:2.6983 bb:1.0387 rl:2.7028 rb:1.0567 dl:559-560 gd:1
ttp: b433/782 bl:2.7650 bb:1.0612 rl:2.7034 rb:1.0567 dl:544-545 gd:1
ttp: b425/782 bl:2.7436 bb:1.0438 rl:2.7037 rb:1.0566 dl:530-532 gd:1
ttp: b417/782 bl:2.7993 bb:1.0497 rl:2.7045 rb:1.0566 dl:516-517 gd:1
ttp: b409/782 bl:2.6931 bb:1.0405 rl:2.7044 rb:1.0564 dl:503-505 gd:1
ttp: b401/782 bl:2.7285 bb:1.0562 rl:2.7045 rb:1.0564 dl:490-492 gd:1
ttp: b391/782 bl:2.8078 bb:1.0935 rl:2.7053 rb:1.0567 dl:475-476 gd:1
ttp: b383/782 bl:2.8178 bb:1.0791 rl:2.7061 rb:1.0569 dl:463-464 gd:1
ttp: b373/782 bl:2.7503 bb:1.0735 rl:2.7064 rb:1.0570 dl:449-450 gd:1
ttp: b364/782 bl:2.7175 bb:1.0600 rl:2.7064 rb:1.0570 dl:436-437 gd:1
ttp: b354/782 bl:2.7800 bb:1.0786 rl:2.7069 rb:1.0571 dl:422-423 gd:1
ttp: b346/782 bl:2.8344 bb:1.0816 rl:2.7076 rb:1.0573 dl:412-413 gd:1
ttp: b338/782 bl:2.8425 bb:1.1087 rl:2.7084 rb:1.0576 dl:400-402 gd:1
ttp: b330/782 bl:2.8500 bb:1.0865 rl:2.7092 rb:1.0577 dl:390-392 gd:1
ttp: b322/782 bl:2.7420 bb:1.0715 rl:2.7094 rb:1.0578 dl:380-381 gd:1
ttp: b314/782 bl:2.7892 bb:1.0601 rl:2.7098 rb:1.0578 dl:369-370 gd:1
ttp: b306/782 bl:2.8631 bb:1.1327 rl:2.7106 rb:1.0582 dl:359-361 gd:1
ttp: b298/782 bl:2.8321 bb:1.0962 rl:2.7112 rb:1.0584 dl:349-351 gd:1
ttp: b290/782 bl:2.8539 bb:1.0812 rl:2.7119 rb:1.0585 dl:340-341 gd:1
ttp: b282/782 bl:2.8087 bb:1.1185 rl:2.7123 rb:1.0588 dl:331-332 gd:1
ttp: b274/782 bl:2.8027 bb:1.0881 rl:2.7127 rb:1.0589 dl:322-323 gd:1
ttp: b266/782 bl:2.8278 bb:1.0875 rl:2.7132 rb:1.0590 dl:313-314 gd:1
ttp: b258/782 bl:2.9347 bb:1.1572 rl:2.7142 rb:1.0594 dl:304-305 gd:1
ttp: b250/782 bl:2.8618 bb:1.1372 rl:2.7148 rb:1.0597 dl:295-296 gd:1
ttp: b242/782 bl:2.8781 bb:1.1004 rl:2.7154 rb:1.0599 dl:287-288 gd:1
ttp: b234/782 bl:2.9001 bb:1.1496 rl:2.7161 rb:1.0602 dl:279-280 gd:1
ttp: b226/782 bl:2.9210 bb:1.1363 rl:2.7168 rb:1.0605 dl:271-272 gd:1
ttp: b217/782 bl:2.8621 bb:1.1211 rl:2.7174 rb:1.0607 dl:262-263 gd:1
ttp: b209/782 bl:2.9022 bb:1.1489 rl:2.7180 rb:1.0610 dl:254-255 gd:1
ttp: b200/782 bl:2.8407 bb:1.0918 rl:2.7184 rb:1.0611 dl:247-247 gd:1
ttp: b191/782 bl:2.9259 bb:1.1425 rl:2.7191 rb:1.0614 dl:238-239 gd:1
ttp: b184/782 bl:2.8999 bb:1.1515 rl:2.7196 rb:1.0617 dl:232-233 gd:1
ttp: b175/782 bl:2.8301 bb:1.1094 rl:2.7200 rb:1.0618 dl:225-225 gd:1
ttp: b167/782 bl:2.9504 bb:1.1794 rl:2.7206 rb:1.0621 dl:218-218 gd:1
ttp: b158/782 bl:2.8755 bb:1.1383 rl:2.7210 rb:1.0624 dl:210-211 gd:1
ttp: b149/782 bl:2.9434 bb:1.1604 rl:2.7216 rb:1.0626 dl:203-204 gd:1
ttp: b141/782 bl:2.8768 bb:1.1341 rl:2.7220 rb:1.0628 dl:196-197 gd:1
ttp: b133/782 bl:3.0119 bb:1.1898 rl:2.7228 rb:1.0631 dl:189-190 gd:1
ttp: b126/782 bl:2.9134 bb:1.1838 rl:2.7232 rb:1.0634 dl:185-185 gd:1
ttp: b116/782 bl:2.9934 bb:1.1837 rl:2.7238 rb:1.0637 dl:177-178 gd:1
ttp: b110/782 bl:3.0072 bb:1.1676 rl:2.7245 rb:1.0639 dl:173-173 gd:1
ttp: b101/782 bl:2.9603 bb:1.1619 rl:2.7250 rb:1.0641 dl:166-167 gd:1
ttp: b92/782 bl:2.8829 bb:1.1660 rl:2.7253 rb:1.0643 dl:159-160 gd:1
ttp: b84/782 bl:3.0063 bb:1.2112 rl:2.7259 rb:1.0646 dl:153-154 gd:1
ttp: b76/782 bl:3.0308 bb:1.2159 rl:2.7264 rb:1.0649 dl:147-148 gd:1
ttp: b68/782 bl:3.0905 bb:1.2006 rl:2.7271 rb:1.0651 dl:141-142 gd:1
ttp: b61/782 bl:2.9165 bb:1.1402 rl:2.7274 rb:1.0652 dl:135-136 gd:1
ttp: b54/782 bl:3.0905 bb:1.2655 rl:2.7280 rb:1.0656 dl:130-130 gd:1
quantized_ttt_phased val_loss:2.76001568 val_bpb:1.06848808 eval_time:394388ms
total_eval_time:394.4s
