W0430 09:50:16.080000 1272 torch/distributed/run.py:803] 
W0430 09:50:16.080000 1272 torch/distributed/run.py:803] *****************************************
W0430 09:50:16.080000 1272 torch/distributed/run.py:803] Setting OMP_NUM_THREADS environment variable for each process to be 1 in default, to avoid your system being overloaded, please further tune the variable for optimal performance in your application as needed. 
W0430 09:50:16.080000 1272 torch/distributed/run.py:803] *****************************************
Hyperparameters:
  adam_eps: 1e-08
  adam_wd: 0.02
  artifact_dir: 
  attn_clip_sigmas: 13.0
  beta1: 0.9
  beta2: 0.95
  compressor: brotli
  data_dir: ./data/
  datasets_dir: ./data/datasets/fineweb10B_sp8192
  distributed: True
  ema_decay: 0.9965
  embed_bits: 7
  embed_clip_sigmas: 15.0
  embed_lr: 0.6
  embed_wd: 0.085
  enable_looping_at: 0.35
  eval_seq_len: 2048
  eval_stride: 64
  gate_attn_out: True
  gate_attn_width: 24
  global_ttt_batch_seqs: 32
  global_ttt_chunk_tokens: 32768
  global_ttt_epochs: 1
  global_ttt_grad_clip: 1.0
  global_ttt_lr: 0.001
  global_ttt_momentum: 0.9
  global_ttt_respect_doc_boundaries: True
  global_ttt_warmup_chunks: 0
  global_ttt_warmup_start_lr: 0.0
  gptq_calibration_batches: 16
  gptq_reserve_seconds: 0.5
  grad_accum_steps: 1
  grad_clip_norm: 0.3
  is_main_process: True
  iterations: 20000
  ln_scale: True
  local_rank: 0
  logfile: logs/ec0b6c3d-9321-4eef-bad5-05d5fe823c03.txt
  logit_softcap: 30.0
  loop_end: 5
  loop_start: 3
  lqer_asym_enabled: True
  lqer_asym_group: 64
  lqer_enabled: True
  lqer_factor_bits: 4
  lqer_rank: 4
  lqer_top_k: 3
  matrix_bits: 6
  matrix_clip_sigmas: 12.85
  matrix_lr: 0.026
  max_wallclock_seconds: 600.0
  min_lr: 0.1
  mlp_clip_sigmas: 12.0
  mlp_mult: 4.0
  model_dim: 512
  model_path: final_model.pt
  muon_backend_steps: 5
  muon_momentum: 0.97
  muon_momentum_warmup_start: 0.92
  muon_momentum_warmup_steps: 1500
  muon_row_normalize: True
  muon_wd: 0.095
  num_heads: 8
  num_kv_heads: 4
  num_layers: 11
  num_loops: 2
  parallel_final_lane: mean
  parallel_start_layer: 8
  phased_ttt_enabled: True
  phased_ttt_num_phases: 3
  phased_ttt_prefix_docs: 2000
  polar_express_ns: True
  qk_gain_init: 5.25
  quantized_model_path: final_model.int6.ptz
  rank: 0
  rope_base: 10000.0
  rope_dims: 16
  rope_train_seq_len: 2048
  rope_yarn: False
  run_id: ec0b6c3d-9321-4eef-bad5-05d5fe823c03
  scalar_lr: 0.02
  seed: 1337
  skip_gates_enabled: True
  sliding_window_enabled: False
  smear_gate_enabled: True
  smear_gate_width: 12
  tie_embeddings: True
  tied_embed_init_std: 0.005
  tied_embed_lr: 0.03
  tokenizer_path: ./data/tokenizers/fineweb_8192_bpe.model
  train_batch_tokens: 786432
  train_files: ./data/datasets/fineweb10B_sp8192/fineweb_train_*.bin
  train_log_every: 500
  train_seq_len: 2048
  ttt_batch_size: 64
  ttt_beta1: 0.0
  ttt_beta2: 0.999
  ttt_chunk_size: 48
  ttt_enabled: True
  ttt_eval_batches: 
  ttt_eval_seq_len: 2048
  ttt_grad_steps: 1
  ttt_k_lora: True
  ttt_lora_lr: 0.0001
  ttt_lora_rank: 128
  ttt_mlp_lora: True
  ttt_o_lora: True
  ttt_optimizer: adam
  ttt_weight_decay: 1.0
  val_batch_tokens: 524288
  val_doc_fraction: 1.0
  val_files: ./data/datasets/fineweb10B_sp8192/fineweb_val_*.bin
  val_loss_every: 0
  vocab_size: 8192
  warmdown_frac: 0.75
  warmup_steps: 20
  world_size: 8
  xsa_last_n: 11
train_shards: 10
val_tokens: 40548352
model_params:35946727
gptq:reserving 0s, effective=599500ms
warmup_cu_buckets:64,128,192,256 iters_each:3
warmup_step: 1/20
warmup_step: 2/20
warmup_step: 3/20
warmup_step: 4/20
warmup_step: 5/20
warmup_step: 6/20
warmup_step: 10/20
warmup_step: 20/20
loop_warmup:enabled encoder:[0, 1, 2, 3, 4, 5, 3, 4] decoder:[5, 3, 4, 5, 6, 7, 8, 9, 10]
loop_warmup_step: 1/20
loop_warmup_step: 2/20
loop_warmup_step: 3/20
loop_warmup_step: 4/20
loop_warmup_step: 5/20
loop_warmup_step: 6/20
loop_warmup_step: 10/20
loop_warmup_step: 20/20
1/20000 train_loss: 9.0075 train_time: 0.0m tok/s: 12344696
2/20000 train_loss: 12.1832 train_time: 0.0m tok/s: 11549579
3/20000 train_loss: 11.2293 train_time: 0.0m tok/s: 10315096
4/20000 train_loss: 9.6062 train_time: 0.0m tok/s: 9714353
5/20000 train_loss: 8.1654 train_time: 0.0m tok/s: 9435593
500/20000 train_loss: 3.2365 train_time: 0.8m tok/s: 8123714
1000/20000 train_loss: 2.9061 train_time: 1.6m tok/s: 8094975
1500/20000 train_loss: 3.3859 train_time: 2.4m tok/s: 8094734
2000/20000 train_loss: 3.0195 train_time: 3.2m tok/s: 8087476
layer_loop:enabled step:2158 frac:0.350 encoder:[0, 1, 2, 3, 4, 5, 3, 4] decoder:[5, 3, 4, 5, 6, 7, 8, 9, 10]
2500/20000 train_loss: 2.9728 train_time: 4.3m tok/s: 7612625
3000/20000 train_loss: 2.9903 train_time: 5.5m tok/s: 7174969
3500/20000 train_loss: 2.9885 train_time: 6.7m tok/s: 6891887
4000/20000 train_loss: 2.8766 train_time: 7.8m tok/s: 6693761
4500/20000 train_loss: 2.9061 train_time: 9.0m tok/s: 6547403
4918/20000 val_loss: 2.8048 val_bpb: 1.0860
stopping_early: wallclock_cap train_time: 599510ms step: 4918/20000
peak memory allocated: 40153 MiB reserved: 44296 MiB
ema:applying EMA weights
diagnostic pre-quantization post-ema val_loss:2.77498397 val_bpb:1.07446979 eval_time:6821ms
Serialized model: 135422397 bytes
Code size (uncompressed): 129630 bytes
Code size (compressed): 32360 bytes
GPTQ:collecting Hessians from calibration data...
GPTQ:collected 67 Hessians in 3.4s
Quantized weights:
  gptq (int6): blocks.attn.c_k.weight, blocks.attn.c_q.weight, blocks.attn.c_v.weight, blocks.attn.proj.weight, blocks.mlp.fc.weight, blocks.mlp.proj.weight
  gptq (int6)+lqer_asym: blocks.mlp.fc.weight
  gptq (int7)+lqer_asym: tok_emb.weight
  passthrough (float16): blocks.attn.attn_gate_proj.weight, blocks.attn.q_gain, blocks.attn_scale, blocks.mlp_scale, blocks.resid_mix, parallel_post_lambdas, parallel_resid_lambdas, skip_gates, skip_weights, smear_gate.weight, smear_lambda
Serialized model quantized+brotli: 15923051 bytes
Total submission size quantized+brotli: 15955411 bytes
diagnostic quantized val_loss:2.80052571 val_bpb:1.08435952 eval_time:59569ms
ttt_lora:warming up compile (random tokens, no val data)
ttt_lora:compile warmup done (167.3s)

beginning TTT eval timer
ttt_phased: total_docs:50000 prefix_docs:2000 suffix_docs:48000 num_phases:3 boundaries:[666, 1333, 2000]
ttp: b782/782 bl:2.5584 bb:1.0340 rl:2.5584 rb:1.0340 dl:26555-79495 gd:0
ttpp: phase:1/3 pd:1104 gd:666 t:213.2s
tttg: c1/95 lr:0.001000 t:1.9s
tttg: c2/95 lr:0.001000 t:2.0s
tttg: c3/95 lr:0.000999 t:2.1s
tttg: c4/95 lr:0.000997 t:2.2s
tttg: c5/95 lr:0.000996 t:2.3s
tttg: c6/95 lr:0.000993 t:2.3s
tttg: c7/95 lr:0.000990 t:2.4s
tttg: c8/95 lr:0.000986 t:2.5s
tttg: c9/95 lr:0.000982 t:2.6s
tttg: c10/95 lr:0.000978 t:2.7s
tttg: c11/95 lr:0.000972 t:2.7s
tttg: c12/95 lr:0.000967 t:2.8s
tttg: c13/95 lr:0.000960 t:2.9s
tttg: c14/95 lr:0.000954 t:3.0s
tttg: c15/95 lr:0.000946 t:3.1s
tttg: c16/95 lr:0.000938 t:3.1s
tttg: c17/95 lr:0.000930 t:3.2s
tttg: c18/95 lr:0.000921 t:3.3s
tttg: c19/95 lr:0.000912 t:3.4s
tttg: c20/95 lr:0.000903 t:3.4s
tttg: c21/95 lr:0.000892 t:3.5s
tttg: c22/95 lr:0.000882 t:3.6s
tttg: c23/95 lr:0.000871 t:3.7s
tttg: c24/95 lr:0.000859 t:3.7s
tttg: c25/95 lr:0.000848 t:3.8s
tttg: c26/95 lr:0.000835 t:3.9s
tttg: c27/95 lr:0.000823 t:4.0s
tttg: c28/95 lr:0.000810 t:4.1s
tttg: c29/95 lr:0.000797 t:4.1s
tttg: c30/95 lr:0.000783 t:4.2s
tttg: c31/95 lr:0.000769 t:4.3s
tttg: c32/95 lr:0.000755 t:4.4s
tttg: c33/95 lr:0.000740 t:4.5s
tttg: c34/95 lr:0.000726 t:4.5s
tttg: c35/95 lr:0.000710 t:4.6s
tttg: c36/95 lr:0.000695 t:4.7s
tttg: c37/95 lr:0.000680 t:4.8s
tttg: c38/95 lr:0.000664 t:4.8s
tttg: c39/95 lr:0.000648 t:4.9s
tttg: c40/95 lr:0.000632 t:5.0s
tttg: c41/95 lr:0.000616 t:5.1s
tttg: c42/95 lr:0.000600 t:5.2s
tttg: c43/95 lr:0.000583 t:5.3s
tttg: c44/95 lr:0.000567 t:5.3s
tttg: c45/95 lr:0.000550 t:5.4s
tttg: c46/95 lr:0.000533 t:5.5s
tttg: c47/95 lr:0.000517 t:5.6s
tttg: c48/95 lr:0.000500 t:5.7s
tttg: c49/95 lr:0.000483 t:5.7s
tttg: c50/95 lr:0.000467 t:5.8s
tttg: c51/95 lr:0.000450 t:5.9s
tttg: c52/95 lr:0.000433 t:6.0s
tttg: c53/95 lr:0.000417 t:6.0s
tttg: c54/95 lr:0.000400 t:6.1s
tttg: c55/95 lr:0.000384 t:6.2s
tttg: c56/95 lr:0.000368 t:6.3s
tttg: c57/95 lr:0.000352 t:6.3s
tttg: c58/95 lr:0.000336 t:6.4s
tttg: c59/95 lr:0.000320 t:6.5s
tttg: c60/95 lr:0.000305 t:6.6s
tttg: c61/95 lr:0.000290 t:6.7s
tttg: c62/95 lr:0.000274 t:6.8s
tttg: c63/95 lr:0.000260 t:6.9s
tttg: c64/95 lr:0.000245 t:6.9s
tttg: c65/95 lr:0.000231 t:7.0s
tttg: c66/95 lr:0.000217 t:7.1s
tttg: c67/95 lr:0.000203 t:7.2s
tttg: c68/95 lr:0.000190 t:7.2s
tttg: c69/95 lr:0.000177 t:7.3s
tttg: c70/95 lr:0.000165 t:7.4s
tttg: c71/95 lr:0.000152 t:7.5s
tttg: c72/95 lr:0.000141 t:7.5s
tttg: c73/95 lr:0.000129 t:7.6s
tttg: c74/95 lr:0.000118 t:7.7s
tttg: c75/95 lr:0.000108 t:7.8s
tttg: c76/95 lr:0.000097 t:7.9s
tttg: c77/95 lr:0.000088 t:7.9s
tttg: c78/95 lr:0.000079 t:8.0s
tttg: c79/95 lr:0.000070 t:8.1s
tttg: c80/95 lr:0.000062 t:8.2s
tttg: c81/95 lr:0.000054 t:8.3s
tttg: c82/95 lr:0.000046 t:8.3s
tttg: c83/95 lr:0.000040 t:8.4s
tttg: c84/95 lr:0.000033 t:8.5s
tttg: c85/95 lr:0.000028 t:8.6s
tttg: c86/95 lr:0.000022 t:8.6s
tttg: c87/95 lr:0.000018 t:8.7s
tttg: c88/95 lr:0.000014 t:8.8s
tttg: c89/95 lr:0.000010 t:8.9s
tttg: c90/95 lr:0.000007 t:8.9s
tttg: c91/95 lr:0.000004 t:9.0s
tttg: c92/95 lr:0.000003 t:9.1s
tttg: c93/95 lr:0.000001 t:9.2s
tttg: c94/95 lr:0.000000 t:9.3s
ttpr: phase:1/3 t:225.2s
ttp: b760/782 bl:2.8176 bb:1.1164 rl:2.6197 rb:1.0538 dl:3252-3335 gd:0
ttp: b754/782 bl:2.6858 bb:1.0533 rl:2.6310 rb:1.0537 dl:2841-2897 gd:0
ttpp: phase:2/3 pd:1808 gd:1333 t:347.4s
tttg: c1/158 lr:0.001000 t:0.1s
tttg: c2/158 lr:0.001000 t:0.2s
tttg: c3/158 lr:0.001000 t:0.2s
tttg: c4/158 lr:0.000999 t:0.3s
tttg: c5/158 lr:0.000998 t:0.4s
tttg: c6/158 lr:0.000997 t:0.5s
tttg: c7/158 lr:0.000996 t:0.5s
tttg: c8/158 lr:0.000995 t:0.6s
tttg: c9/158 lr:0.000994 t:0.7s
tttg: c10/158 lr:0.000992 t:0.8s
tttg: c11/158 lr:0.000990 t:0.9s
tttg: c12/158 lr:0.000988 t:0.9s
tttg: c13/158 lr:0.000986 t:1.0s
tttg: c14/158 lr:0.000983 t:1.1s
tttg: c15/158 lr:0.000981 t:1.2s
tttg: c16/158 lr:0.000978 t:1.2s
tttg: c17/158 lr:0.000975 t:1.3s
tttg: c18/158 lr:0.000971 t:1.4s
tttg: c19/158 lr:0.000968 t:1.5s
tttg: c20/158 lr:0.000964 t:1.5s
tttg: c21/158 lr:0.000960 t:1.6s
tttg: c22/158 lr:0.000957 t:1.7s
tttg: c23/158 lr:0.000952 t:1.8s
tttg: c24/158 lr:0.000948 t:1.9s
tttg: c25/158 lr:0.000943 t:2.0s
tttg: c26/158 lr:0.000939 t:2.0s
tttg: c27/158 lr:0.000934 t:2.1s
tttg: c28/158 lr:0.000929 t:2.2s
tttg: c29/158 lr:0.000924 t:2.3s
tttg: c30/158 lr:0.000918 t:2.3s
tttg: c31/158 lr:0.000913 t:2.4s
tttg: c32/158 lr:0.000907 t:2.5s
tttg: c33/158 lr:0.000901 t:2.6s
tttg: c34/158 lr:0.000895 t:2.6s
tttg: c35/158 lr:0.000889 t:2.7s
tttg: c36/158 lr:0.000882 t:2.8s
tttg: c37/158 lr:0.000876 t:2.9s
tttg: c38/158 lr:0.000869 t:3.0s
tttg: c39/158 lr:0.000862 t:3.0s
tttg: c40/158 lr:0.000855 t:3.1s
tttg: c41/158 lr:0.000848 t:3.2s
tttg: c42/158 lr:0.000841 t:3.3s
tttg: c43/158 lr:0.000834 t:3.3s
tttg: c44/158 lr:0.000826 t:3.4s
tttg: c45/158 lr:0.000818 t:3.5s
tttg: c46/158 lr:0.000811 t:3.6s
tttg: c47/158 lr:0.000803 t:3.7s
tttg: c48/158 lr:0.000795 t:3.7s
tttg: c49/158 lr:0.000787 t:3.8s
tttg: c50/158 lr:0.000778 t:3.9s
tttg: c51/158 lr:0.000770 t:4.0s
tttg: c52/158 lr:0.000761 t:4.0s
tttg: c53/158 lr:0.000753 t:4.1s
tttg: c54/158 lr:0.000744 t:4.2s
tttg: c55/158 lr:0.000735 t:4.3s
tttg: c56/158 lr:0.000727 t:4.3s
tttg: c57/158 lr:0.000718 t:4.4s
tttg: c58/158 lr:0.000709 t:4.5s
tttg: c59/158 lr:0.000699 t:4.6s
tttg: c60/158 lr:0.000690 t:4.7s
tttg: c61/158 lr:0.000681 t:4.7s
tttg: c62/158 lr:0.000672 t:4.8s
tttg: c63/158 lr:0.000662 t:4.9s
tttg: c64/158 lr:0.000653 t:5.0s
tttg: c65/158 lr:0.000643 t:5.0s
tttg: c66/158 lr:0.000633 t:5.1s
tttg: c67/158 lr:0.000624 t:5.2s
tttg: c68/158 lr:0.000614 t:5.3s
tttg: c69/158 lr:0.000604 t:5.4s
tttg: c70/158 lr:0.000594 t:5.4s
tttg: c71/158 lr:0.000585 t:5.5s
tttg: c72/158 lr:0.000575 t:5.6s
tttg: c73/158 lr:0.000565 t:5.7s
tttg: c74/158 lr:0.000555 t:5.8s
tttg: c75/158 lr:0.000545 t:5.8s
tttg: c76/158 lr:0.000535 t:5.9s
tttg: c77/158 lr:0.000525 t:6.0s
tttg: c78/158 lr:0.000515 t:6.1s
tttg: c79/158 lr:0.000505 t:6.2s
tttg: c80/158 lr:0.000495 t:6.2s
tttg: c81/158 lr:0.000485 t:6.3s
tttg: c82/158 lr:0.000475 t:6.4s
tttg: c83/158 lr:0.000465 t:6.5s
tttg: c84/158 lr:0.000455 t:6.5s
tttg: c85/158 lr:0.000445 t:6.6s
tttg: c86/158 lr:0.000435 t:6.7s
tttg: c87/158 lr:0.000425 t:6.8s
tttg: c88/158 lr:0.000415 t:6.8s
tttg: c89/158 lr:0.000406 t:12.1s
tttg: c90/158 lr:0.000396 t:12.2s
tttg: c91/158 lr:0.000386 t:12.3s
tttg: c92/158 lr:0.000376 t:12.4s
tttg: c93/158 lr:0.000367 t:12.4s
tttg: c94/158 lr:0.000357 t:12.5s
tttg: c95/158 lr:0.000347 t:12.6s
tttg: c96/158 lr:0.000338 t:12.7s
tttg: c97/158 lr:0.000328 t:12.8s
tttg: c98/158 lr:0.000319 t:12.8s
tttg: c99/158 lr:0.000310 t:12.9s
tttg: c100/158 lr:0.000301 t:13.0s
tttg: c101/158 lr:0.000291 t:13.1s
tttg: c102/158 lr:0.000282 t:13.1s
tttg: c103/158 lr:0.000273 t:13.2s
tttg: c104/158 lr:0.000265 t:13.3s
tttg: c105/158 lr:0.000256 t:13.4s
tttg: c106/158 lr:0.000247 t:13.4s
tttg: c107/158 lr:0.000239 t:13.5s
tttg: c108/158 lr:0.000230 t:13.6s
tttg: c109/158 lr:0.000222 t:13.7s
tttg: c110/158 lr:0.000213 t:13.7s
tttg: c111/158 lr:0.000205 t:13.8s
tttg: c112/158 lr:0.000197 t:13.9s
tttg: c113/158 lr:0.000189 t:14.0s
tttg: c114/158 lr:0.000182 t:14.1s
tttg: c115/158 lr:0.000174 t:14.1s
tttg: c116/158 lr:0.000166 t:14.2s
tttg: c117/158 lr:0.000159 t:14.3s
tttg: c118/158 lr:0.000152 t:14.4s
tttg: c119/158 lr:0.000145 t:14.4s
tttg: c120/158 lr:0.000138 t:14.5s
tttg: c121/158 lr:0.000131 t:14.6s
tttg: c122/158 lr:0.000124 t:14.7s
tttg: c123/158 lr:0.000118 t:14.8s
tttg: c124/158 lr:0.000111 t:14.8s
tttg: c125/158 lr:0.000105 t:14.9s
tttg: c126/158 lr:0.000099 t:15.0s
tttg: c127/158 lr:0.000093 t:15.1s
tttg: c128/158 lr:0.000087 t:15.2s
tttg: c129/158 lr:0.000082 t:15.2s
tttg: c130/158 lr:0.000076 t:15.3s
tttg: c131/158 lr:0.000071 t:15.4s
tttg: c132/158 lr:0.000066 t:15.5s
tttg: c133/158 lr:0.000061 t:15.5s
tttg: c134/158 lr:0.000057 t:15.6s
tttg: c135/158 lr:0.000052 t:15.7s
tttg: c136/158 lr:0.000048 t:15.8s
tttg: c137/158 lr:0.000043 t:15.8s
tttg: c138/158 lr:0.000040 t:15.9s
tttg: c139/158 lr:0.000036 t:16.0s
tttg: c140/158 lr:0.000032 t:16.1s
tttg: c141/158 lr:0.000029 t:16.2s
tttg: c142/158 lr:0.000025 t:16.2s
tttg: c143/158 lr:0.000022 t:16.3s
tttg: c144/158 lr:0.000019 t:16.4s
tttg: c145/158 lr:0.000017 t:16.5s
tttg: c146/158 lr:0.000014 t:16.5s
tttg: c147/158 lr:0.000012 t:16.6s
tttg: c148/158 lr:0.000010 t:16.7s
tttg: c149/158 lr:0.000008 t:16.8s
tttg: c150/158 lr:0.000006 t:16.9s
tttg: c151/158 lr:0.000005 t:16.9s
tttg: c152/158 lr:0.000004 t:17.0s
tttg: c153/158 lr:0.000003 t:17.1s
tttg: c154/158 lr:0.000002 t:17.2s
tttg: c155/158 lr:0.000001 t:17.3s
tttg: c156/158 lr:0.000000 t:17.3s
tttg: c157/158 lr:0.000000 t:17.4s
ttpr: phase:2/3 t:367.6s
ttp: b746/782 bl:2.6647 bb:1.0560 rl:2.6354 rb:1.0540 dl:2461-2498 gd:0
ttp: b744/782 bl:2.6165 bb:1.0482 rl:2.6333 rb:1.0534 dl:2390-2419 gd:0
ttpp: phase:3/3 pd:2448 gd:2000 t:381.5s
tttg: c1/213 lr:0.001000 t:0.1s
tttg: c2/213 lr:0.001000 t:0.2s
tttg: c3/213 lr:0.001000 t:0.2s
tttg: c4/213 lr:0.001000 t:0.3s
tttg: c5/213 lr:0.000999 t:0.4s
tttg: c6/213 lr:0.000999 t:0.5s
tttg: c7/213 lr:0.000998 t:0.5s
tttg: c8/213 lr:0.000997 t:0.6s
tttg: c9/213 lr:0.000996 t:0.7s
tttg: c10/213 lr:0.000996 t:0.8s
tttg: c11/213 lr:0.000995 t:0.8s
tttg: c12/213 lr:0.000993 t:0.9s
tttg: c13/213 lr:0.000992 t:1.0s
tttg: c14/213 lr:0.000991 t:1.1s
tttg: c15/213 lr:0.000989 t:1.2s
tttg: c16/213 lr:0.000988 t:1.2s
tttg: c17/213 lr:0.000986 t:1.3s
tttg: c18/213 lr:0.000984 t:1.4s
tttg: c19/213 lr:0.000982 t:1.5s
tttg: c20/213 lr:0.000980 t:1.5s
tttg: c21/213 lr:0.000978 t:1.6s
tttg: c22/213 lr:0.000976 t:1.7s
tttg: c23/213 lr:0.000974 t:1.8s
tttg: c24/213 lr:0.000971 t:1.9s
tttg: c25/213 lr:0.000969 t:1.9s
tttg: c26/213 lr:0.000966 t:2.0s
tttg: c27/213 lr:0.000963 t:2.1s
tttg: c28/213 lr:0.000961 t:2.2s
tttg: c29/213 lr:0.000958 t:2.2s
tttg: c30/213 lr:0.000955 t:2.3s
tttg: c31/213 lr:0.000951 t:2.4s
tttg: c32/213 lr:0.000948 t:2.5s
tttg: c33/213 lr:0.000945 t:2.5s
tttg: c34/213 lr:0.000941 t:2.6s
tttg: c35/213 lr:0.000938 t:2.7s
tttg: c36/213 lr:0.000934 t:2.8s
tttg: c37/213 lr:0.000931 t:2.9s
tttg: c38/213 lr:0.000927 t:2.9s
tttg: c39/213 lr:0.000923 t:3.0s
tttg: c40/213 lr:0.000919 t:3.1s
tttg: c41/213 lr:0.000915 t:3.2s
tttg: c42/213 lr:0.000911 t:3.2s
tttg: c43/213 lr:0.000906 t:3.3s
tttg: c44/213 lr:0.000902 t:3.4s
tttg: c45/213 lr:0.000897 t:3.5s
tttg: c46/213 lr:0.000893 t:3.6s
tttg: c47/213 lr:0.000888 t:3.6s
tttg: c48/213 lr:0.000884 t:3.7s
tttg: c49/213 lr:0.000879 t:3.8s
tttg: c50/213 lr:0.000874 t:3.9s
tttg: c51/213 lr:0.000869 t:3.9s
tttg: c52/213 lr:0.000864 t:4.0s
tttg: c53/213 lr:0.000859 t:4.1s
tttg: c54/213 lr:0.000854 t:4.2s
tttg: c55/213 lr:0.000848 t:4.2s
tttg: c56/213 lr:0.000843 t:4.3s
tttg: c57/213 lr:0.000837 t:4.4s
tttg: c58/213 lr:0.000832 t:4.5s
tttg: c59/213 lr:0.000826 t:4.6s
tttg: c60/213 lr:0.000821 t:4.6s
tttg: c61/213 lr:0.000815 t:4.7s
tttg: c62/213 lr:0.000809 t:4.8s
tttg: c63/213 lr:0.000803 t:4.9s
tttg: c64/213 lr:0.000797 t:5.0s
tttg: c65/213 lr:0.000791 t:5.0s
tttg: c66/213 lr:0.000785 t:5.1s
tttg: c67/213 lr:0.000779 t:5.2s
tttg: c68/213 lr:0.000773 t:5.3s
tttg: c69/213 lr:0.000767 t:5.3s
tttg: c70/213 lr:0.000761 t:5.4s
tttg: c71/213 lr:0.000754 t:5.5s
tttg: c72/213 lr:0.000748 t:5.6s
tttg: c73/213 lr:0.000741 t:5.7s
tttg: c74/213 lr:0.000735 t:5.7s
tttg: c75/213 lr:0.000728 t:5.8s
tttg: c76/213 lr:0.000722 t:5.9s
tttg: c77/213 lr:0.000715 t:6.0s
tttg: c78/213 lr:0.000708 t:6.0s
tttg: c79/213 lr:0.000702 t:6.1s
tttg: c80/213 lr:0.000695 t:6.2s
tttg: c81/213 lr:0.000688 t:6.3s
tttg: c82/213 lr:0.000681 t:6.3s
tttg: c83/213 lr:0.000674 t:6.4s
tttg: c84/213 lr:0.000667 t:6.5s
tttg: c85/213 lr:0.000660 t:6.6s
tttg: c86/213 lr:0.000653 t:6.6s
tttg: c87/213 lr:0.000646 t:6.7s
tttg: c88/213 lr:0.000639 t:6.8s
tttg: c89/213 lr:0.000632 t:6.9s
tttg: c90/213 lr:0.000625 t:7.0s
tttg: c91/213 lr:0.000617 t:7.1s
tttg: c92/213 lr:0.000610 t:7.1s
tttg: c93/213 lr:0.000603 t:7.2s
tttg: c94/213 lr:0.000596 t:7.3s
tttg: c95/213 lr:0.000588 t:7.4s
tttg: c96/213 lr:0.000581 t:7.4s
tttg: c97/213 lr:0.000574 t:7.5s
tttg: c98/213 lr:0.000566 t:7.6s
tttg: c99/213 lr:0.000559 t:7.7s
tttg: c100/213 lr:0.000552 t:7.7s
tttg: c101/213 lr:0.000544 t:7.8s
tttg: c102/213 lr:0.000537 t:7.9s
tttg: c103/213 lr:0.000530 t:8.0s
tttg: c104/213 lr:0.000522 t:8.1s
tttg: c105/213 lr:0.000515 t:8.1s
tttg: c106/213 lr:0.000507 t:8.2s
tttg: c107/213 lr:0.000500 t:8.3s
tttg: c108/213 lr:0.000493 t:8.4s
tttg: c109/213 lr:0.000485 t:8.4s
tttg: c110/213 lr:0.000478 t:8.5s
tttg: c111/213 lr:0.000470 t:8.6s
tttg: c112/213 lr:0.000463 t:8.7s
tttg: c113/213 lr:0.000456 t:8.8s
tttg: c114/213 lr:0.000448 t:8.8s
tttg: c115/213 lr:0.000441 t:8.9s
tttg: c116/213 lr:0.000434 t:9.0s
tttg: c117/213 lr:0.000426 t:9.1s
tttg: c118/213 lr:0.000419 t:9.2s
tttg: c119/213 lr:0.000412 t:9.2s
tttg: c120/213 lr:0.000404 t:9.3s
tttg: c121/213 lr:0.000397 t:9.4s
tttg: c122/213 lr:0.000390 t:9.5s
tttg: c123/213 lr:0.000383 t:9.5s
tttg: c124/213 lr:0.000375 t:9.6s
tttg: c125/213 lr:0.000368 t:9.7s
tttg: c126/213 lr:0.000361 t:9.8s
tttg: c127/213 lr:0.000354 t:9.8s
tttg: c128/213 lr:0.000347 t:9.9s
tttg: c129/213 lr:0.000340 t:10.0s
tttg: c130/213 lr:0.000333 t:10.1s
tttg: c131/213 lr:0.000326 t:10.2s
tttg: c132/213 lr:0.000319 t:10.2s
tttg: c133/213 lr:0.000312 t:10.3s
tttg: c134/213 lr:0.000305 t:10.4s
tttg: c135/213 lr:0.000298 t:10.5s
tttg: c136/213 lr:0.000292 t:10.5s
tttg: c137/213 lr:0.000285 t:10.6s
tttg: c138/213 lr:0.000278 t:10.7s
tttg: c139/213 lr:0.000272 t:10.8s
tttg: c140/213 lr:0.000265 t:10.9s
tttg: c141/213 lr:0.000259 t:10.9s
tttg: c142/213 lr:0.000252 t:11.0s
tttg: c143/213 lr:0.000246 t:11.1s
tttg: c144/213 lr:0.000239 t:11.2s
tttg: c145/213 lr:0.000233 t:11.2s
tttg: c146/213 lr:0.000227 t:11.3s
tttg: c147/213 lr:0.000221 t:11.4s
tttg: c148/213 lr:0.000215 t:11.5s
tttg: c149/213 lr:0.000209 t:11.6s
tttg: c150/213 lr:0.000203 t:11.6s
tttg: c151/213 lr:0.000197 t:11.7s
tttg: c152/213 lr:0.000191 t:11.8s
tttg: c153/213 lr:0.000185 t:11.9s
tttg: c154/213 lr:0.000179 t:11.9s
tttg: c155/213 lr:0.000174 t:12.0s
tttg: c156/213 lr:0.000168 t:12.1s
tttg: c157/213 lr:0.000163 t:12.2s
tttg: c158/213 lr:0.000157 t:12.3s
tttg: c159/213 lr:0.000152 t:12.3s
tttg: c160/213 lr:0.000146 t:12.4s
tttg: c161/213 lr:0.000141 t:12.5s
tttg: c162/213 lr:0.000136 t:12.6s
tttg: c163/213 lr:0.000131 t:12.6s
tttg: c164/213 lr:0.000126 t:12.7s
tttg: c165/213 lr:0.000121 t:12.8s
tttg: c166/213 lr:0.000116 t:12.9s
tttg: c167/213 lr:0.000112 t:12.9s
tttg: c168/213 lr:0.000107 t:13.0s
tttg: c169/213 lr:0.000103 t:13.1s
tttg: c170/213 lr:0.000098 t:13.2s
tttg: c171/213 lr:0.000094 t:13.3s
tttg: c172/213 lr:0.000089 t:13.3s
tttg: c173/213 lr:0.000085 t:13.4s
tttg: c174/213 lr:0.000081 t:13.5s
tttg: c175/213 lr:0.000077 t:13.6s
tttg: c176/213 lr:0.000073 t:13.6s
tttg: c177/213 lr:0.000069 t:13.7s
tttg: c178/213 lr:0.000066 t:13.8s
tttg: c179/213 lr:0.000062 t:13.9s
tttg: c180/213 lr:0.000059 t:13.9s
tttg: c181/213 lr:0.000055 t:14.0s
tttg: c182/213 lr:0.000052 t:14.1s
tttg: c183/213 lr:0.000049 t:14.2s
tttg: c184/213 lr:0.000045 t:14.3s
tttg: c185/213 lr:0.000042 t:14.3s
tttg: c186/213 lr:0.000039 t:14.4s
tttg: c187/213 lr:0.000037 t:14.5s
tttg: c188/213 lr:0.000034 t:14.6s
tttg: c189/213 lr:0.000031 t:14.6s
tttg: c190/213 lr:0.000029 t:14.7s
tttg: c191/213 lr:0.000026 t:14.8s
tttg: c192/213 lr:0.000024 t:14.9s
tttg: c193/213 lr:0.000022 t:15.0s
tttg: c194/213 lr:0.000020 t:15.0s
tttg: c195/213 lr:0.000018 t:15.1s
tttg: c196/213 lr:0.000016 t:15.2s
tttg: c197/213 lr:0.000014 t:15.3s
tttg: c198/213 lr:0.000012 t:15.3s
tttg: c199/213 lr:0.000011 t:15.4s
tttg: c200/213 lr:0.000009 t:15.5s
tttg: c201/213 lr:0.000008 t:15.6s
tttg: c202/213 lr:0.000007 t:15.7s
tttg: c203/213 lr:0.000005 t:15.7s
tttg: c204/213 lr:0.000004 t:15.8s
tttg: c205/213 lr:0.000004 t:15.9s
tttg: c206/213 lr:0.000003 t:16.0s
tttg: c207/213 lr:0.000002 t:16.0s
tttg: c208/213 lr:0.000001 t:16.1s
tttg: c209/213 lr:0.000001 t:16.2s
tttg: c210/213 lr:0.000000 t:16.3s
tttg: c211/213 lr:0.000000 t:16.4s
tttg: c212/213 lr:0.000000 t:16.4s
ttpr: phase:3/3 t:400.6s
ttp: b736/782 bl:2.6956 bb:1.0403 rl:2.6389 rb:1.0522 dl:2141-2165 gd:1
ttp: b734/782 bl:2.7233 bb:1.0314 rl:2.6457 rb:1.0504 dl:2093-2114 gd:1
ttp: b722/782 bl:2.7603 bb:1.0535 rl:2.6534 rb:1.0506 dl:1848-1862 gd:1
ttp: b719/782 bl:2.7352 bb:1.0539 rl:2.6584 rb:1.0508 dl:1794-1816 gd:1
ttp: b705/782 bl:2.7688 bb:1.0689 rl:2.6641 rb:1.0518 dl:1606-1617 gd:1
ttp: b702/782 bl:2.7869 bb:1.0496 rl:2.6700 rb:1.0517 dl:1573-1583 gd:1
ttp: b694/782 bl:2.7827 bb:1.0646 rl:2.6749 rb:1.0522 dl:1494-1505 gd:1
ttp: b681/782 bl:2.8319 bb:1.0838 rl:2.6810 rb:1.0535 dl:1384-1393 gd:1
ttp: b679/782 bl:2.8648 bb:1.0743 rl:2.6878 rb:1.0543 dl:1368-1375 gd:1
ttp: b669/782 bl:2.7167 bb:1.0281 rl:2.6888 rb:1.0534 dl:1303-1309 gd:1
ttp: b657/782 bl:2.8096 bb:1.0617 rl:2.6926 rb:1.0537 dl:1227-1233 gd:1
ttp: b653/782 bl:2.7308 bb:1.0299 rl:2.6937 rb:1.0529 dl:1204-1209 gd:1
ttp: b640/782 bl:2.8696 bb:1.1150 rl:2.6985 rb:1.0546 dl:1134-1140 gd:1
ttp: b636/782 bl:2.7395 bb:1.0542 rl:2.6995 rb:1.0546 dl:1116-1120 gd:1
ttp: b626/782 bl:2.8233 bb:1.0505 rl:2.7025 rb:1.0545 dl:1068-1073 gd:1
ttp: b617/782 bl:2.7255 bb:1.0265 rl:2.7031 rb:1.0538 dl:1028-1032 gd:1
ttp: b610/782 bl:2.8359 bb:1.0814 rl:2.7060 rb:1.0545 dl:1000-1004 gd:1
ttp: b606/782 bl:2.7911 bb:1.0753 rl:2.7077 rb:1.0549 dl:982-986 gd:1
ttp: b598/782 bl:2.8081 bb:1.0857 rl:2.7097 rb:1.0555 dl:951-954 gd:1
ttp: b590/782 bl:2.7376 bb:1.0369 rl:2.7102 rb:1.0552 dl:923-927 gd:1
ttp: b580/782 bl:2.7089 bb:1.0194 rl:2.7102 rb:1.0545 dl:891-894 gd:1
ttp: b572/782 bl:2.9652 bb:1.1217 rl:2.7146 rb:1.0557 dl:865-868 gd:1
ttp: b560/782 bl:2.7180 bb:1.0511 rl:2.7146 rb:1.0556 dl:828-831 gd:1
ttp: b552/782 bl:2.7065 bb:1.0097 rl:2.7145 rb:1.0549 dl:804-807 gd:1
ttp: b546/782 bl:2.7620 bb:1.0453 rl:2.7152 rb:1.0547 dl:788-790 gd:1
ttp: b538/782 bl:2.7084 bb:1.0483 rl:2.7151 rb:1.0546 dl:767-770 gd:1
ttp: b528/782 bl:2.7560 bb:1.0243 rl:2.7157 rb:1.0542 dl:742-745 gd:1
ttp: b520/782 bl:2.6812 bb:1.0263 rl:2.7152 rb:1.0538 dl:723-725 gd:1
ttp: b512/782 bl:2.8016 bb:1.0371 rl:2.7163 rb:1.0536 dl:703-705 gd:1
ttp: b504/782 bl:2.7504 bb:1.0629 rl:2.7167 rb:1.0537 dl:685-687 gd:1
ttp: b496/782 bl:2.7708 bb:1.0673 rl:2.7173 rb:1.0539 dl:666-668 gd:1
ttp: b491/782 bl:2.8209 bb:1.0545 rl:2.7185 rb:1.0539 dl:655-657 gd:1
ttp: b483/782 bl:2.7453 bb:1.0409 rl:2.7188 rb:1.0537 dl:639-641 gd:1
ttp: b474/782 bl:2.8056 bb:1.0596 rl:2.7197 rb:1.0538 dl:620-622 gd:1
ttp: b470/782 bl:2.8625 bb:1.0826 rl:2.7212 rb:1.0541 dl:612-614 gd:1
ttp: b462/782 bl:2.8766 bb:1.0827 rl:2.7227 rb:1.0544 dl:597-599 gd:1
ttp: b454/782 bl:2.8462 bb:1.0925 rl:2.7239 rb:1.0548 dl:582-584 gd:1
ttp: b443/782 bl:2.7780 bb:1.1068 rl:2.7244 rb:1.0552 dl:562-564 gd:1
ttp: b435/782 bl:2.7617 bb:1.0550 rl:2.7247 rb:1.0552 dl:547-549 gd:1
ttp: b427/782 bl:2.7448 bb:1.0765 rl:2.7249 rb:1.0554 dl:533-535 gd:1
ttp: b419/782 bl:2.8009 bb:1.0643 rl:2.7255 rb:1.0555 dl:519-521 gd:1
ttp: b410/782 bl:2.7979 bb:1.0318 rl:2.7261 rb:1.0553 dl:505-506 gd:1
ttp: b402/782 bl:2.7900 bb:1.0590 rl:2.7265 rb:1.0553 dl:492-493 gd:1
ttp: b394/782 bl:2.7899 bb:1.0804 rl:2.7270 rb:1.0555 dl:479-481 gd:1
ttp: b389/782 bl:2.8788 bb:1.1166 rl:2.7281 rb:1.0559 dl:471-473 gd:1
ttp: b381/782 bl:2.9887 bb:1.1325 rl:2.7299 rb:1.0565 dl:460-461 gd:1
ttp: b373/782 bl:2.7654 bb:1.0785 rl:2.7302 rb:1.0566 dl:449-450 gd:1
ttp: b365/782 bl:2.8372 bb:1.0879 rl:2.7309 rb:1.0568 dl:437-439 gd:1
ttp: b355/782 bl:2.7255 bb:1.0649 rl:2.7308 rb:1.0569 dl:423-425 gd:1
ttp: b347/782 bl:2.8060 bb:1.0684 rl:2.7313 rb:1.0570 dl:413-414 gd:1
ttp: b338/782 bl:2.8778 bb:1.1065 rl:2.7322 rb:1.0572 dl:400-402 gd:1
ttp: b330/782 bl:2.7957 bb:1.0834 rl:2.7325 rb:1.0574 dl:390-392 gd:1
ttp: b322/782 bl:2.8065 bb:1.1110 rl:2.7329 rb:1.0577 dl:380-381 gd:1
ttp: b315/782 bl:2.7753 bb:1.1028 rl:2.7332 rb:1.0579 dl:370-371 gd:1
ttp: b306/782 bl:2.8917 bb:1.1529 rl:2.7340 rb:1.0584 dl:360-361 gd:1
ttp: b298/782 bl:2.7771 bb:1.0633 rl:2.7342 rb:1.0584 dl:350-351 gd:1
ttp: b290/782 bl:2.9537 bb:1.1359 rl:2.7353 rb:1.0588 dl:340-341 gd:1
ttp: b281/782 bl:2.8080 bb:1.1118 rl:2.7356 rb:1.0590 dl:330-331 gd:1
ttp: b274/782 bl:2.7622 bb:1.0505 rl:2.7357 rb:1.0590 dl:322-323 gd:1
ttp: b266/782 bl:2.8594 bb:1.1029 rl:2.7363 rb:1.0592 dl:313-314 gd:1
ttp: b257/782 bl:2.9171 bb:1.1106 rl:2.7370 rb:1.0594 dl:303-304 gd:1
ttp: b249/782 bl:2.8757 bb:1.1369 rl:2.7376 rb:1.0597 dl:294-295 gd:1
ttp: b241/782 bl:2.8902 bb:1.1389 rl:2.7382 rb:1.0600 dl:286-287 gd:1
ttp: b235/782 bl:2.8161 bb:1.0814 rl:2.7385 rb:1.0601 dl:280-281 gd:1
ttp: b227/782 bl:2.8488 bb:1.0962 rl:2.7389 rb:1.0603 dl:272-273 gd:1
ttp: b219/782 bl:2.8777 bb:1.1184 rl:2.7394 rb:1.0605 dl:264-265 gd:1
ttp: b211/782 bl:2.8851 bb:1.1359 rl:2.7399 rb:1.0607 dl:256-257 gd:1
ttp: b202/782 bl:2.8159 bb:1.1064 rl:2.7402 rb:1.0609 dl:248-249 gd:1
ttp: b194/782 bl:2.8670 bb:1.1080 rl:2.7406 rb:1.0610 dl:241-242 gd:1
ttp: b184/782 bl:2.8456 bb:1.1322 rl:2.7410 rb:1.0613 dl:232-233 gd:1
ttp: b177/782 bl:2.9681 bb:1.1575 rl:2.7416 rb:1.0615 dl:226-227 gd:1
ttp: b169/782 bl:2.9744 bb:1.1608 rl:2.7423 rb:1.0618 dl:219-220 gd:1
ttp: b163/782 bl:2.9681 bb:1.1729 rl:2.7430 rb:1.0622 dl:214-215 gd:1
ttp: b154/782 bl:2.8893 bb:1.1185 rl:2.7434 rb:1.0623 dl:207-208 gd:1
ttp: b147/782 bl:2.9239 bb:1.1109 rl:2.7439 rb:1.0624 dl:201-202 gd:1
ttp: b138/782 bl:2.9412 bb:1.1725 rl:2.7444 rb:1.0627 dl:194-195 gd:1
ttp: b130/782 bl:3.0073 bb:1.1831 rl:2.7450 rb:1.0630 dl:187-188 gd:1
ttp: b124/782 bl:2.9681 bb:1.1832 rl:2.7456 rb:1.0633 dl:183-184 gd:1
ttp: b117/782 bl:2.8966 bb:1.1893 rl:2.7459 rb:1.0636 dl:178-178 gd:1
ttp: b108/782 bl:2.9474 bb:1.1465 rl:2.7464 rb:1.0638 dl:171-172 gd:1
ttp: b99/782 bl:3.0565 bb:1.2138 rl:2.7471 rb:1.0641 dl:164-165 gd:1
ttp: b88/782 bl:3.0045 bb:1.1695 rl:2.7476 rb:1.0643 dl:156-157 gd:1
ttp: b80/782 bl:3.0107 bb:1.2007 rl:2.7481 rb:1.0646 dl:150-151 gd:1
ttp: b73/782 bl:3.0774 bb:1.2378 rl:2.7487 rb:1.0649 dl:144-145 gd:1
ttp: b69/782 bl:3.0766 bb:1.2121 rl:2.7493 rb:1.0651 dl:142-142 gd:1
ttp: b60/782 bl:3.0624 bb:1.2111 rl:2.7499 rb:1.0654 dl:134-135 gd:1
ttp: b52/782 bl:3.0599 bb:1.1920 rl:2.7504 rb:1.0656 dl:128-129 gd:1
ttp: b43/782 bl:3.0332 bb:1.2053 rl:2.7508 rb:1.0658 dl:121-122 gd:1
ttp: b36/782 bl:3.0039 bb:1.2007 rl:2.7512 rb:1.0660 dl:115-116 gd:1
ttp: b28/782 bl:3.0803 bb:1.2532 rl:2.7517 rb:1.0663 dl:108-109 gd:1
ttp: b19/782 bl:3.1872 bb:1.2491 rl:2.7522 rb:1.0665 dl:100-101 gd:1
ttp: b8/782 bl:3.2740 bb:1.2622 rl:2.7528 rb:1.0667 dl:86-87 gd:1
quantized_ttt_phased val_loss:2.77095901 val_bpb:1.07294458 eval_time:481711ms
total_eval_time:481.7s
