W0430 10:21:56.126000 115202 torch/distributed/run.py:803] 
W0430 10:21:56.126000 115202 torch/distributed/run.py:803] *****************************************
W0430 10:21:56.126000 115202 torch/distributed/run.py:803] Setting OMP_NUM_THREADS environment variable for each process to be 1 in default, to avoid your system being overloaded, please further tune the variable for optimal performance in your application as needed. 
W0430 10:21:56.126000 115202 torch/distributed/run.py:803] *****************************************
Hyperparameters:
  adam_eps: 1e-08
  adam_wd: 0.02
  artifact_dir: 
  attn_clip_sigmas: 13.0
  beta1: 0.9
  beta2: 0.95
  compressor: brotli
  data_dir: ./data/
  datasets_dir: ./data/datasets/fineweb10B_sp8192
  distributed: True
  ema_decay: 0.9965
  embed_bits: 7
  embed_clip_sigmas: 15.0
  embed_lr: 0.6
  embed_wd: 0.085
  enable_looping_at: 0.35
  eval_seq_len: 2048
  eval_stride: 64
  gate_attn_out: True
  gate_attn_width: 24
  global_ttt_batch_seqs: 32
  global_ttt_chunk_tokens: 32768
  global_ttt_epochs: 1
  global_ttt_grad_clip: 1.0
  global_ttt_lr: 0.001
  global_ttt_momentum: 0.9
  global_ttt_respect_doc_boundaries: True
  global_ttt_warmup_chunks: 0
  global_ttt_warmup_start_lr: 0.0
  gptq_calibration_batches: 16
  gptq_reserve_seconds: 0.5
  grad_accum_steps: 1
  grad_clip_norm: 0.3
  is_main_process: True
  iterations: 20000
  ln_scale: True
  local_rank: 0
  logfile: logs/3fcb7096-f77b-4ea4-a4bc-41d23eb20fb8.txt
  logit_softcap: 30.0
  loop_end: 5
  loop_start: 3
  lqer_asym_enabled: True
  lqer_asym_group: 64
  lqer_enabled: True
  lqer_factor_bits: 4
  lqer_rank: 4
  lqer_top_k: 3
  matrix_bits: 6
  matrix_clip_sigmas: 12.85
  matrix_lr: 0.026
  max_wallclock_seconds: 600.0
  min_lr: 0.1
  mlp_clip_sigmas: 12.0
  mlp_mult: 4.0
  model_dim: 512
  model_path: final_model.pt
  muon_backend_steps: 5
  muon_momentum: 0.97
  muon_momentum_warmup_start: 0.92
  muon_momentum_warmup_steps: 1500
  muon_row_normalize: True
  muon_wd: 0.095
  num_heads: 8
  num_kv_heads: 4
  num_layers: 11
  num_loops: 2
  parallel_final_lane: mean
  parallel_start_layer: 8
  phased_ttt_enabled: True
  phased_ttt_num_phases: 3
  phased_ttt_prefix_docs: 2000
  polar_express_ns: True
  qk_gain_init: 5.25
  quantized_model_path: final_model.int6.ptz
  rank: 0
  rope_base: 10000.0
  rope_dims: 16
  rope_train_seq_len: 2048
  rope_yarn: False
  run_id: 3fcb7096-f77b-4ea4-a4bc-41d23eb20fb8
  scalar_lr: 0.02
  seed: 42
  skip_gates_enabled: True
  sliding_window_enabled: False
  smear_gate_enabled: True
  smear_gate_width: 12
  tie_embeddings: True
  tied_embed_init_std: 0.005
  tied_embed_lr: 0.03
  tokenizer_path: ./data/tokenizers/fineweb_8192_bpe.model
  train_batch_tokens: 786432
  train_files: ./data/datasets/fineweb10B_sp8192/fineweb_train_*.bin
  train_log_every: 500
  train_seq_len: 2048
  ttt_batch_size: 64
  ttt_beta1: 0.0
  ttt_beta2: 0.999
  ttt_chunk_size: 48
  ttt_enabled: True
  ttt_eval_batches: 
  ttt_eval_seq_len: 2048
  ttt_grad_steps: 1
  ttt_k_lora: True
  ttt_lora_lr: 0.0001
  ttt_lora_rank: 128
  ttt_mlp_lora: True
  ttt_o_lora: True
  ttt_optimizer: adam
  ttt_weight_decay: 1.0
  val_batch_tokens: 524288
  val_doc_fraction: 1.0
  val_files: ./data/datasets/fineweb10B_sp8192/fineweb_val_*.bin
  val_loss_every: 0
  vocab_size: 8192
  warmdown_frac: 0.75
  warmup_steps: 20
  world_size: 8
  xsa_last_n: 11
train_shards: 10
val_tokens: 40548352
model_params:35946727
gptq:reserving 0s, effective=599500ms
warmup_cu_buckets:64,128,192,256 iters_each:3
warmup_step: 1/20
warmup_step: 2/20
warmup_step: 3/20
warmup_step: 4/20
warmup_step: 5/20
warmup_step: 6/20
warmup_step: 10/20
warmup_step: 20/20
loop_warmup:enabled encoder:[0, 1, 2, 3, 4, 5, 3, 4] decoder:[5, 3, 4, 5, 6, 7, 8, 9, 10]
loop_warmup_step: 1/20
loop_warmup_step: 2/20
loop_warmup_step: 3/20
loop_warmup_step: 4/20
loop_warmup_step: 5/20
loop_warmup_step: 6/20
loop_warmup_step: 10/20
loop_warmup_step: 20/20
1/20000 train_loss: 9.0083 train_time: 0.0m tok/s: 12410757
2/20000 train_loss: 12.2374 train_time: 0.0m tok/s: 10996018
3/20000 train_loss: 11.2742 train_time: 0.0m tok/s: 10067646
4/20000 train_loss: 9.6695 train_time: 0.0m tok/s: 9563909
5/20000 train_loss: 8.2425 train_time: 0.0m tok/s: 9303890
500/20000 train_loss: 3.2348 train_time: 0.8m tok/s: 8095003
1000/20000 train_loss: 2.9173 train_time: 1.6m tok/s: 8085350
1500/20000 train_loss: 3.3857 train_time: 2.4m tok/s: 8086761
2000/20000 train_loss: 3.0161 train_time: 3.2m tok/s: 8089875
layer_loop:enabled step:2158 frac:0.350 encoder:[0, 1, 2, 3, 4, 5, 3, 4] decoder:[5, 3, 4, 5, 6, 7, 8, 9, 10]
2500/20000 train_loss: 2.9708 train_time: 4.3m tok/s: 7617346
3000/20000 train_loss: 2.9846 train_time: 5.5m tok/s: 7179813
3500/20000 train_loss: 2.9926 train_time: 6.7m tok/s: 6894858
4000/20000 train_loss: 2.8742 train_time: 7.9m tok/s: 6650509
4500/20000 train_loss: 2.9025 train_time: 9.1m tok/s: 6498938
4890/20000 val_loss: 2.8036 val_bpb: 1.0855
stopping_early: wallclock_cap train_time: 599627ms step: 4890/20000
peak memory allocated: 40144 MiB reserved: 44302 MiB
ema:applying EMA weights
diagnostic pre-quantization post-ema val_loss:2.77426889 val_bpb:1.07419292 eval_time:6858ms
Serialized model: 135422397 bytes
Code size (uncompressed): 129630 bytes
Code size (compressed): 32360 bytes
GPTQ:collecting Hessians from calibration data...
GPTQ:collected 67 Hessians in 3.4s
Quantized weights:
  gptq (int6): blocks.attn.c_k.weight, blocks.attn.c_q.weight, blocks.attn.c_v.weight, blocks.attn.proj.weight, blocks.mlp.fc.weight, blocks.mlp.proj.weight
  gptq (int6)+lqer_asym: blocks.mlp.fc.weight
  gptq (int7)+lqer_asym: tok_emb.weight
  passthrough (float16): blocks.attn.attn_gate_proj.weight, blocks.attn.q_gain, blocks.attn_scale, blocks.mlp_scale, blocks.resid_mix, parallel_post_lambdas, parallel_resid_lambdas, skip_gates, skip_weights, smear_gate.weight, smear_lambda
Serialized model quantized+brotli: 15920819 bytes
Total submission size quantized+brotli: 15953179 bytes
diagnostic quantized val_loss:2.79983477 val_bpb:1.08409199 eval_time:10512ms
ttt_lora:warming up compile (random tokens, no val data)
ttt_lora:compile warmup done (106.5s)

beginning TTT eval timer
ttt_phased: total_docs:50000 prefix_docs:2000 suffix_docs:48000 num_phases:3 boundaries:[666, 1333, 2000]
ttp: b777/782 bl:2.7312 bb:1.0927 rl:2.7312 rb:1.0927 dl:7190-7945 gd:0
ttpp: phase:1/3 pd:1104 gd:666 t:196.2s
tttg: c1/95 lr:0.001000 t:0.3s
tttg: c2/95 lr:0.001000 t:0.4s
tttg: c3/95 lr:0.000999 t:0.5s
tttg: c4/95 lr:0.000997 t:0.6s
tttg: c5/95 lr:0.000996 t:0.7s
tttg: c6/95 lr:0.000993 t:0.7s
tttg: c7/95 lr:0.000990 t:0.8s
tttg: c8/95 lr:0.000986 t:0.9s
tttg: c9/95 lr:0.000982 t:0.9s
tttg: c10/95 lr:0.000978 t:1.0s
tttg: c11/95 lr:0.000972 t:1.1s
tttg: c12/95 lr:0.000967 t:1.2s
tttg: c13/95 lr:0.000960 t:1.2s
tttg: c14/95 lr:0.000954 t:1.3s
tttg: c15/95 lr:0.000946 t:1.4s
tttg: c16/95 lr:0.000938 t:1.5s
tttg: c17/95 lr:0.000930 t:1.5s
tttg: c18/95 lr:0.000921 t:1.6s
tttg: c19/95 lr:0.000912 t:1.7s
tttg: c20/95 lr:0.000903 t:1.8s
tttg: c21/95 lr:0.000892 t:1.8s
tttg: c22/95 lr:0.000882 t:1.9s
tttg: c23/95 lr:0.000871 t:2.0s
tttg: c24/95 lr:0.000859 t:2.1s
tttg: c25/95 lr:0.000848 t:2.1s
tttg: c26/95 lr:0.000835 t:2.2s
tttg: c27/95 lr:0.000823 t:2.3s
tttg: c28/95 lr:0.000810 t:2.4s
tttg: c29/95 lr:0.000797 t:2.4s
tttg: c30/95 lr:0.000783 t:2.5s
tttg: c31/95 lr:0.000769 t:2.6s
tttg: c32/95 lr:0.000755 t:2.7s
tttg: c33/95 lr:0.000740 t:2.7s
tttg: c34/95 lr:0.000726 t:2.8s
tttg: c35/95 lr:0.000710 t:2.9s
tttg: c36/95 lr:0.000695 t:3.0s
tttg: c37/95 lr:0.000680 t:3.1s
tttg: c38/95 lr:0.000664 t:3.1s
tttg: c39/95 lr:0.000648 t:3.2s
tttg: c40/95 lr:0.000632 t:3.3s
tttg: c41/95 lr:0.000616 t:3.3s
tttg: c42/95 lr:0.000600 t:3.4s
tttg: c43/95 lr:0.000583 t:3.5s
tttg: c44/95 lr:0.000567 t:3.6s
tttg: c45/95 lr:0.000550 t:3.6s
tttg: c46/95 lr:0.000533 t:3.7s
tttg: c47/95 lr:0.000517 t:3.8s
tttg: c48/95 lr:0.000500 t:3.9s
tttg: c49/95 lr:0.000483 t:4.0s
tttg: c50/95 lr:0.000467 t:4.0s
tttg: c51/95 lr:0.000450 t:4.1s
tttg: c52/95 lr:0.000433 t:4.2s
tttg: c53/95 lr:0.000417 t:4.3s
tttg: c54/95 lr:0.000400 t:4.3s
tttg: c55/95 lr:0.000384 t:4.4s
tttg: c56/95 lr:0.000368 t:4.5s
tttg: c57/95 lr:0.000352 t:4.5s
tttg: c58/95 lr:0.000336 t:4.6s
tttg: c59/95 lr:0.000320 t:4.7s
tttg: c60/95 lr:0.000305 t:4.8s
tttg: c61/95 lr:0.000290 t:4.8s
tttg: c62/95 lr:0.000274 t:4.9s
tttg: c63/95 lr:0.000260 t:5.0s
tttg: c64/95 lr:0.000245 t:5.1s
tttg: c65/95 lr:0.000231 t:5.1s
tttg: c66/95 lr:0.000217 t:5.2s
tttg: c67/95 lr:0.000203 t:5.3s
tttg: c68/95 lr:0.000190 t:5.4s
tttg: c69/95 lr:0.000177 t:5.5s
tttg: c70/95 lr:0.000165 t:5.5s
tttg: c71/95 lr:0.000152 t:5.6s
tttg: c72/95 lr:0.000141 t:5.7s
tttg: c73/95 lr:0.000129 t:5.8s
tttg: c74/95 lr:0.000118 t:5.8s
tttg: c75/95 lr:0.000108 t:5.9s
tttg: c76/95 lr:0.000097 t:6.0s
tttg: c77/95 lr:0.000088 t:6.1s
tttg: c78/95 lr:0.000079 t:6.1s
tttg: c79/95 lr:0.000070 t:6.2s
tttg: c80/95 lr:0.000062 t:6.3s
tttg: c81/95 lr:0.000054 t:6.3s
tttg: c82/95 lr:0.000046 t:6.4s
tttg: c83/95 lr:0.000040 t:6.5s
tttg: c84/95 lr:0.000033 t:6.6s
tttg: c85/95 lr:0.000028 t:6.6s
tttg: c86/95 lr:0.000022 t:6.7s
tttg: c87/95 lr:0.000018 t:6.8s
tttg: c88/95 lr:0.000014 t:6.9s
tttg: c89/95 lr:0.000010 t:6.9s
tttg: c90/95 lr:0.000007 t:7.0s
tttg: c91/95 lr:0.000004 t:7.1s
tttg: c92/95 lr:0.000003 t:7.2s
tttg: c93/95 lr:0.000001 t:7.2s
tttg: c94/95 lr:0.000000 t:7.3s
ttpr: phase:1/3 t:206.3s
ttp: b757/782 bl:2.6321 bb:1.0132 rl:2.7025 rb:1.0691 dl:3037-3108 gd:0
ttpp: phase:2/3 pd:1808 gd:1333 t:275.0s
tttg: c1/158 lr:0.001000 t:0.1s
tttg: c2/158 lr:0.001000 t:0.2s
tttg: c3/158 lr:0.001000 t:0.2s
tttg: c4/158 lr:0.000999 t:0.3s
tttg: c5/158 lr:0.000998 t:0.4s
tttg: c6/158 lr:0.000997 t:0.5s
tttg: c7/158 lr:0.000996 t:0.5s
tttg: c8/158 lr:0.000995 t:0.6s
tttg: c9/158 lr:0.000994 t:0.7s
tttg: c10/158 lr:0.000992 t:0.8s
tttg: c11/158 lr:0.000990 t:0.8s
tttg: c12/158 lr:0.000988 t:0.9s
tttg: c13/158 lr:0.000986 t:1.0s
tttg: c14/158 lr:0.000983 t:1.1s
tttg: c15/158 lr:0.000981 t:1.1s
tttg: c16/158 lr:0.000978 t:1.2s
tttg: c17/158 lr:0.000975 t:1.3s
tttg: c18/158 lr:0.000971 t:1.4s
tttg: c19/158 lr:0.000968 t:1.4s
tttg: c20/158 lr:0.000964 t:1.5s
tttg: c21/158 lr:0.000960 t:1.6s
tttg: c22/158 lr:0.000957 t:1.7s
tttg: c23/158 lr:0.000952 t:1.7s
tttg: c24/158 lr:0.000948 t:1.8s
tttg: c25/158 lr:0.000943 t:1.9s
tttg: c26/158 lr:0.000939 t:2.0s
tttg: c27/158 lr:0.000934 t:2.0s
tttg: c28/158 lr:0.000929 t:2.1s
tttg: c29/158 lr:0.000924 t:2.2s
tttg: c30/158 lr:0.000918 t:2.3s
tttg: c31/158 lr:0.000913 t:2.3s
tttg: c32/158 lr:0.000907 t:2.4s
tttg: c33/158 lr:0.000901 t:2.5s
tttg: c34/158 lr:0.000895 t:2.6s
tttg: c35/158 lr:0.000889 t:2.6s
tttg: c36/158 lr:0.000882 t:2.7s
tttg: c37/158 lr:0.000876 t:2.8s
tttg: c38/158 lr:0.000869 t:2.9s
tttg: c39/158 lr:0.000862 t:2.9s
tttg: c40/158 lr:0.000855 t:3.0s
tttg: c41/158 lr:0.000848 t:3.1s
tttg: c42/158 lr:0.000841 t:3.2s
tttg: c43/158 lr:0.000834 t:3.2s
tttg: c44/158 lr:0.000826 t:3.3s
tttg: c45/158 lr:0.000818 t:3.4s
tttg: c46/158 lr:0.000811 t:3.5s
tttg: c47/158 lr:0.000803 t:3.5s
tttg: c48/158 lr:0.000795 t:3.6s
tttg: c49/158 lr:0.000787 t:3.7s
tttg: c50/158 lr:0.000778 t:3.8s
tttg: c51/158 lr:0.000770 t:3.8s
tttg: c52/158 lr:0.000761 t:3.9s
tttg: c53/158 lr:0.000753 t:4.0s
tttg: c54/158 lr:0.000744 t:4.1s
tttg: c55/158 lr:0.000735 t:4.1s
tttg: c56/158 lr:0.000727 t:4.2s
tttg: c57/158 lr:0.000718 t:4.3s
tttg: c58/158 lr:0.000709 t:4.4s
tttg: c59/158 lr:0.000699 t:4.4s
tttg: c60/158 lr:0.000690 t:4.5s
tttg: c61/158 lr:0.000681 t:4.6s
tttg: c62/158 lr:0.000672 t:4.7s
tttg: c63/158 lr:0.000662 t:4.7s
tttg: c64/158 lr:0.000653 t:4.8s
tttg: c65/158 lr:0.000643 t:4.9s
tttg: c66/158 lr:0.000633 t:5.0s
tttg: c67/158 lr:0.000624 t:5.1s
tttg: c68/158 lr:0.000614 t:5.1s
tttg: c69/158 lr:0.000604 t:5.2s
tttg: c70/158 lr:0.000594 t:5.3s
tttg: c71/158 lr:0.000585 t:5.3s
tttg: c72/158 lr:0.000575 t:5.4s
tttg: c73/158 lr:0.000565 t:5.5s
tttg: c74/158 lr:0.000555 t:5.6s
tttg: c75/158 lr:0.000545 t:5.6s
tttg: c76/158 lr:0.000535 t:5.7s
tttg: c77/158 lr:0.000525 t:5.8s
tttg: c78/158 lr:0.000515 t:5.9s
tttg: c79/158 lr:0.000505 t:6.0s
tttg: c80/158 lr:0.000495 t:6.0s
tttg: c81/158 lr:0.000485 t:6.1s
tttg: c82/158 lr:0.000475 t:6.2s
tttg: c83/158 lr:0.000465 t:6.3s
tttg: c84/158 lr:0.000455 t:6.4s
tttg: c85/158 lr:0.000445 t:6.4s
tttg: c86/158 lr:0.000435 t:6.5s
tttg: c87/158 lr:0.000425 t:6.6s
tttg: c88/158 lr:0.000415 t:6.7s
tttg: c89/158 lr:0.000406 t:6.7s
tttg: c90/158 lr:0.000396 t:6.8s
tttg: c91/158 lr:0.000386 t:6.9s
tttg: c92/158 lr:0.000376 t:7.0s
tttg: c93/158 lr:0.000367 t:7.0s
tttg: c94/158 lr:0.000357 t:7.1s
tttg: c95/158 lr:0.000347 t:7.2s
tttg: c96/158 lr:0.000338 t:7.3s
tttg: c97/158 lr:0.000328 t:7.3s
tttg: c98/158 lr:0.000319 t:7.4s
tttg: c99/158 lr:0.000310 t:7.5s
tttg: c100/158 lr:0.000301 t:7.6s
tttg: c101/158 lr:0.000291 t:7.6s
tttg: c102/158 lr:0.000282 t:7.7s
tttg: c103/158 lr:0.000273 t:7.8s
tttg: c104/158 lr:0.000265 t:7.9s
tttg: c105/158 lr:0.000256 t:7.9s
tttg: c106/158 lr:0.000247 t:8.0s
tttg: c107/158 lr:0.000239 t:8.1s
tttg: c108/158 lr:0.000230 t:8.2s
tttg: c109/158 lr:0.000222 t:8.2s
tttg: c110/158 lr:0.000213 t:8.3s
tttg: c111/158 lr:0.000205 t:8.4s
tttg: c112/158 lr:0.000197 t:8.5s
tttg: c113/158 lr:0.000189 t:8.5s
tttg: c114/158 lr:0.000182 t:8.6s
tttg: c115/158 lr:0.000174 t:8.7s
tttg: c116/158 lr:0.000166 t:8.8s
tttg: c117/158 lr:0.000159 t:8.9s
tttg: c118/158 lr:0.000152 t:8.9s
tttg: c119/158 lr:0.000145 t:9.0s
tttg: c120/158 lr:0.000138 t:9.1s
tttg: c121/158 lr:0.000131 t:9.2s
tttg: c122/158 lr:0.000124 t:9.2s
tttg: c123/158 lr:0.000118 t:9.3s
tttg: c124/158 lr:0.000111 t:9.4s
tttg: c125/158 lr:0.000105 t:9.5s
tttg: c126/158 lr:0.000099 t:9.5s
tttg: c127/158 lr:0.000093 t:9.6s
tttg: c128/158 lr:0.000087 t:9.7s
tttg: c129/158 lr:0.000082 t:9.8s
tttg: c130/158 lr:0.000076 t:9.8s
tttg: c131/158 lr:0.000071 t:9.9s
tttg: c132/158 lr:0.000066 t:10.0s
tttg: c133/158 lr:0.000061 t:10.1s
tttg: c134/158 lr:0.000057 t:10.1s
tttg: c135/158 lr:0.000052 t:10.2s
tttg: c136/158 lr:0.000048 t:10.3s
tttg: c137/158 lr:0.000043 t:10.3s
tttg: c138/158 lr:0.000040 t:10.4s
tttg: c139/158 lr:0.000036 t:10.5s
tttg: c140/158 lr:0.000032 t:10.6s
tttg: c141/158 lr:0.000029 t:10.6s
tttg: c142/158 lr:0.000025 t:10.7s
tttg: c143/158 lr:0.000022 t:10.8s
tttg: c144/158 lr:0.000019 t:10.9s
tttg: c145/158 lr:0.000017 t:10.9s
tttg: c146/158 lr:0.000014 t:11.0s
tttg: c147/158 lr:0.000012 t:11.1s
tttg: c148/158 lr:0.000010 t:11.2s
tttg: c149/158 lr:0.000008 t:11.2s
tttg: c150/158 lr:0.000006 t:11.3s
tttg: c151/158 lr:0.000005 t:11.4s
tttg: c152/158 lr:0.000004 t:11.5s
tttg: c153/158 lr:0.000003 t:11.5s
tttg: c154/158 lr:0.000002 t:11.6s
tttg: c155/158 lr:0.000001 t:11.7s
tttg: c156/158 lr:0.000000 t:11.8s
tttg: c157/158 lr:0.000000 t:11.8s
ttpr: phase:2/3 t:289.6s
ttp: b752/782 bl:2.7801 bb:1.0676 rl:2.7185 rb:1.0688 dl:2739-2795 gd:0
ttpp: phase:3/3 pd:2448 gd:2000 t:303.5s
tttg: c1/213 lr:0.001000 t:0.1s
tttg: c2/213 lr:0.001000 t:0.2s
tttg: c3/213 lr:0.001000 t:0.2s
tttg: c4/213 lr:0.001000 t:0.3s
tttg: c5/213 lr:0.000999 t:0.4s
tttg: c6/213 lr:0.000999 t:0.4s
tttg: c7/213 lr:0.000998 t:0.5s
tttg: c8/213 lr:0.000997 t:0.6s
tttg: c9/213 lr:0.000996 t:0.7s
tttg: c10/213 lr:0.000996 t:0.7s
tttg: c11/213 lr:0.000995 t:0.8s
tttg: c12/213 lr:0.000993 t:0.9s
tttg: c13/213 lr:0.000992 t:1.0s
tttg: c14/213 lr:0.000991 t:1.0s
tttg: c15/213 lr:0.000989 t:1.1s
tttg: c16/213 lr:0.000988 t:1.2s
tttg: c17/213 lr:0.000986 t:1.3s
tttg: c18/213 lr:0.000984 t:1.3s
tttg: c19/213 lr:0.000982 t:1.4s
tttg: c20/213 lr:0.000980 t:1.5s
tttg: c21/213 lr:0.000978 t:1.6s
tttg: c22/213 lr:0.000976 t:1.6s
tttg: c23/213 lr:0.000974 t:1.7s
tttg: c24/213 lr:0.000971 t:1.8s
tttg: c25/213 lr:0.000969 t:1.9s
tttg: c26/213 lr:0.000966 t:1.9s
tttg: c27/213 lr:0.000963 t:2.0s
tttg: c28/213 lr:0.000961 t:2.1s
tttg: c29/213 lr:0.000958 t:2.2s
tttg: c30/213 lr:0.000955 t:2.2s
tttg: c31/213 lr:0.000951 t:2.3s
tttg: c32/213 lr:0.000948 t:2.4s
tttg: c33/213 lr:0.000945 t:2.5s
tttg: c34/213 lr:0.000941 t:2.5s
tttg: c35/213 lr:0.000938 t:2.6s
tttg: c36/213 lr:0.000934 t:2.7s
tttg: c37/213 lr:0.000931 t:2.8s
tttg: c38/213 lr:0.000927 t:2.8s
tttg: c39/213 lr:0.000923 t:2.9s
tttg: c40/213 lr:0.000919 t:3.0s
tttg: c41/213 lr:0.000915 t:3.1s
tttg: c42/213 lr:0.000911 t:3.1s
tttg: c43/213 lr:0.000906 t:3.2s
tttg: c44/213 lr:0.000902 t:3.3s
tttg: c45/213 lr:0.000897 t:3.4s
tttg: c46/213 lr:0.000893 t:3.4s
tttg: c47/213 lr:0.000888 t:3.5s
tttg: c48/213 lr:0.000884 t:3.6s
tttg: c49/213 lr:0.000879 t:3.7s
tttg: c50/213 lr:0.000874 t:3.7s
tttg: c51/213 lr:0.000869 t:3.8s
tttg: c52/213 lr:0.000864 t:3.9s
tttg: c53/213 lr:0.000859 t:4.0s
tttg: c54/213 lr:0.000854 t:4.0s
tttg: c55/213 lr:0.000848 t:4.1s
tttg: c56/213 lr:0.000843 t:4.2s
tttg: c57/213 lr:0.000837 t:4.3s
tttg: c58/213 lr:0.000832 t:4.4s
tttg: c59/213 lr:0.000826 t:4.4s
tttg: c60/213 lr:0.000821 t:4.5s
tttg: c61/213 lr:0.000815 t:4.6s
tttg: c62/213 lr:0.000809 t:4.7s
tttg: c63/213 lr:0.000803 t:4.7s
tttg: c64/213 lr:0.000797 t:4.8s
tttg: c65/213 lr:0.000791 t:4.9s
tttg: c66/213 lr:0.000785 t:4.9s
tttg: c67/213 lr:0.000779 t:5.0s
tttg: c68/213 lr:0.000773 t:5.1s
tttg: c69/213 lr:0.000767 t:5.2s
tttg: c70/213 lr:0.000761 t:5.2s
tttg: c71/213 lr:0.000754 t:5.3s
tttg: c72/213 lr:0.000748 t:5.4s
tttg: c73/213 lr:0.000741 t:5.5s
tttg: c74/213 lr:0.000735 t:5.5s
tttg: c75/213 lr:0.000728 t:5.6s
tttg: c76/213 lr:0.000722 t:5.7s
tttg: c77/213 lr:0.000715 t:5.8s
tttg: c78/213 lr:0.000708 t:5.9s
tttg: c79/213 lr:0.000702 t:5.9s
tttg: c80/213 lr:0.000695 t:6.0s
tttg: c81/213 lr:0.000688 t:6.1s
tttg: c82/213 lr:0.000681 t:6.1s
tttg: c83/213 lr:0.000674 t:6.2s
tttg: c84/213 lr:0.000667 t:6.3s
tttg: c85/213 lr:0.000660 t:6.4s
tttg: c86/213 lr:0.000653 t:6.4s
tttg: c87/213 lr:0.000646 t:6.5s
tttg: c88/213 lr:0.000639 t:6.6s
tttg: c89/213 lr:0.000632 t:6.7s
tttg: c90/213 lr:0.000625 t:6.7s
tttg: c91/213 lr:0.000617 t:6.8s
tttg: c92/213 lr:0.000610 t:6.9s
tttg: c93/213 lr:0.000603 t:7.0s
tttg: c94/213 lr:0.000596 t:7.0s
tttg: c95/213 lr:0.000588 t:7.1s
tttg: c96/213 lr:0.000581 t:7.2s
tttg: c97/213 lr:0.000574 t:7.3s
tttg: c98/213 lr:0.000566 t:7.3s
tttg: c99/213 lr:0.000559 t:7.4s
tttg: c100/213 lr:0.000552 t:7.5s
tttg: c101/213 lr:0.000544 t:7.6s
tttg: c102/213 lr:0.000537 t:7.6s
tttg: c103/213 lr:0.000530 t:7.7s
tttg: c104/213 lr:0.000522 t:7.8s
tttg: c105/213 lr:0.000515 t:7.9s
tttg: c106/213 lr:0.000507 t:7.9s
tttg: c107/213 lr:0.000500 t:8.0s
tttg: c108/213 lr:0.000493 t:8.1s
tttg: c109/213 lr:0.000485 t:8.2s
tttg: c110/213 lr:0.000478 t:8.3s
tttg: c111/213 lr:0.000470 t:8.3s
tttg: c112/213 lr:0.000463 t:8.4s
tttg: c113/213 lr:0.000456 t:8.5s
tttg: c114/213 lr:0.000448 t:8.5s
tttg: c115/213 lr:0.000441 t:8.6s
tttg: c116/213 lr:0.000434 t:8.7s
tttg: c117/213 lr:0.000426 t:8.8s
tttg: c118/213 lr:0.000419 t:8.8s
tttg: c119/213 lr:0.000412 t:8.9s
tttg: c120/213 lr:0.000404 t:9.0s
tttg: c121/213 lr:0.000397 t:9.1s
tttg: c122/213 lr:0.000390 t:9.1s
tttg: c123/213 lr:0.000383 t:9.2s
tttg: c124/213 lr:0.000375 t:9.3s
tttg: c125/213 lr:0.000368 t:9.4s
tttg: c126/213 lr:0.000361 t:9.5s
tttg: c127/213 lr:0.000354 t:9.5s
tttg: c128/213 lr:0.000347 t:9.6s
tttg: c129/213 lr:0.000340 t:9.7s
tttg: c130/213 lr:0.000333 t:9.8s
tttg: c131/213 lr:0.000326 t:9.8s
tttg: c132/213 lr:0.000319 t:9.9s
tttg: c133/213 lr:0.000312 t:10.0s
tttg: c134/213 lr:0.000305 t:10.1s
tttg: c135/213 lr:0.000298 t:10.1s
tttg: c136/213 lr:0.000292 t:10.2s
tttg: c137/213 lr:0.000285 t:10.3s
tttg: c138/213 lr:0.000278 t:10.4s
tttg: c139/213 lr:0.000272 t:10.4s
tttg: c140/213 lr:0.000265 t:10.5s
tttg: c141/213 lr:0.000259 t:10.6s
tttg: c142/213 lr:0.000252 t:10.7s
tttg: c143/213 lr:0.000246 t:10.7s
tttg: c144/213 lr:0.000239 t:10.8s
tttg: c145/213 lr:0.000233 t:10.9s
tttg: c146/213 lr:0.000227 t:10.9s
tttg: c147/213 lr:0.000221 t:11.0s
tttg: c148/213 lr:0.000215 t:11.1s
tttg: c149/213 lr:0.000209 t:11.2s
tttg: c150/213 lr:0.000203 t:11.3s
tttg: c151/213 lr:0.000197 t:11.3s
tttg: c152/213 lr:0.000191 t:11.4s
tttg: c153/213 lr:0.000185 t:11.5s
tttg: c154/213 lr:0.000179 t:11.6s
tttg: c155/213 lr:0.000174 t:11.6s
tttg: c156/213 lr:0.000168 t:11.7s
tttg: c157/213 lr:0.000163 t:11.8s
tttg: c158/213 lr:0.000157 t:11.9s
tttg: c159/213 lr:0.000152 t:11.9s
tttg: c160/213 lr:0.000146 t:12.0s
tttg: c161/213 lr:0.000141 t:12.1s
tttg: c162/213 lr:0.000136 t:12.2s
tttg: c163/213 lr:0.000131 t:12.2s
tttg: c164/213 lr:0.000126 t:12.3s
tttg: c165/213 lr:0.000121 t:12.4s
tttg: c166/213 lr:0.000116 t:12.5s
tttg: c167/213 lr:0.000112 t:12.5s
tttg: c168/213 lr:0.000107 t:12.6s
tttg: c169/213 lr:0.000103 t:12.7s
tttg: c170/213 lr:0.000098 t:12.8s
tttg: c171/213 lr:0.000094 t:12.8s
tttg: c172/213 lr:0.000089 t:12.9s
tttg: c173/213 lr:0.000085 t:13.0s
tttg: c174/213 lr:0.000081 t:13.1s
tttg: c175/213 lr:0.000077 t:13.1s
tttg: c176/213 lr:0.000073 t:13.2s
tttg: c177/213 lr:0.000069 t:13.3s
tttg: c178/213 lr:0.000066 t:13.4s
tttg: c179/213 lr:0.000062 t:13.4s
tttg: c180/213 lr:0.000059 t:13.5s
tttg: c181/213 lr:0.000055 t:13.6s
tttg: c182/213 lr:0.000052 t:13.7s
tttg: c183/213 lr:0.000049 t:13.7s
tttg: c184/213 lr:0.000045 t:13.8s
tttg: c185/213 lr:0.000042 t:13.9s
tttg: c186/213 lr:0.000039 t:14.0s
tttg: c187/213 lr:0.000037 t:14.0s
tttg: c188/213 lr:0.000034 t:14.1s
tttg: c189/213 lr:0.000031 t:14.2s
tttg: c190/213 lr:0.000029 t:14.3s
tttg: c191/213 lr:0.000026 t:14.3s
tttg: c192/213 lr:0.000024 t:14.4s
tttg: c193/213 lr:0.000022 t:14.5s
tttg: c194/213 lr:0.000020 t:14.6s
tttg: c195/213 lr:0.000018 t:14.6s
tttg: c196/213 lr:0.000016 t:14.7s
tttg: c197/213 lr:0.000014 t:14.8s
tttg: c198/213 lr:0.000012 t:14.8s
tttg: c199/213 lr:0.000011 t:14.9s
tttg: c200/213 lr:0.000009 t:15.0s
tttg: c201/213 lr:0.000008 t:15.1s
tttg: c202/213 lr:0.000007 t:15.2s
tttg: c203/213 lr:0.000005 t:15.2s
tttg: c204/213 lr:0.000004 t:15.3s
tttg: c205/213 lr:0.000004 t:15.4s
tttg: c206/213 lr:0.000003 t:15.5s
tttg: c207/213 lr:0.000002 t:15.5s
tttg: c208/213 lr:0.000001 t:15.6s
tttg: c209/213 lr:0.000001 t:15.7s
tttg: c210/213 lr:0.000000 t:15.8s
tttg: c211/213 lr:0.000000 t:15.8s
tttg: c212/213 lr:0.000000 t:15.9s
ttpr: phase:3/3 t:322.1s
ttp: b737/782 bl:2.7727 bb:1.0640 rl:2.7261 rb:1.0681 dl:2165-2194 gd:1
ttp: b735/782 bl:2.8573 bb:1.0965 rl:2.7419 rb:1.0716 dl:2115-2141 gd:1
ttp: b724/782 bl:2.7561 bb:1.0527 rl:2.7433 rb:1.0697 dl:1884-1899 gd:1
ttp: b717/782 bl:2.7655 bb:1.0395 rl:2.7451 rb:1.0671 dl:1754-1773 gd:1
ttp: b709/782 bl:2.7358 bb:1.0448 rl:2.7444 rb:1.0655 dl:1648-1660 gd:1
ttp: b699/782 bl:2.7857 bb:1.0379 rl:2.7470 rb:1.0637 dl:1544-1553 gd:1
ttp: b691/782 bl:2.7051 bb:1.0171 rl:2.7447 rb:1.0610 dl:1466-1476 gd:1
ttp: b686/782 bl:2.7556 bb:1.0472 rl:2.7452 rb:1.0602 dl:1422-1433 gd:1
ttp: b678/782 bl:2.7910 bb:1.0641 rl:2.7474 rb:1.0604 dl:1360-1368 gd:1
ttp: b668/782 bl:2.8309 bb:1.0720 rl:2.7510 rb:1.0609 dl:1295-1303 gd:1
ttp: b658/782 bl:2.7485 bb:1.0637 rl:2.7509 rb:1.0610 dl:1233-1239 gd:1
ttp: b655/782 bl:2.7104 bb:1.0267 rl:2.7494 rb:1.0597 dl:1215-1220 gd:1
ttp: b644/782 bl:2.8131 bb:1.0680 rl:2.7516 rb:1.0600 dl:1156-1161 gd:1
ttp: b635/782 bl:2.7283 bb:1.0762 rl:2.7508 rb:1.0605 dl:1111-1115 gd:1
ttp: b626/782 bl:2.8219 bb:1.0499 rl:2.7530 rb:1.0602 dl:1068-1073 gd:1
ttp: b618/782 bl:2.7489 bb:1.0470 rl:2.7528 rb:1.0598 dl:1032-1037 gd:1
ttp: b611/782 bl:2.7742 bb:1.0490 rl:2.7534 rb:1.0595 dl:1004-1008 gd:1
ttp: b607/782 bl:2.7683 bb:1.0419 rl:2.7538 rb:1.0591 dl:986-990 gd:1
ttp: b599/782 bl:2.7388 bb:1.0592 rl:2.7534 rb:1.0591 dl:954-958 gd:1
ttp: b591/782 bl:2.7283 bb:1.0334 rl:2.7529 rb:1.0585 dl:927-930 gd:1
ttp: b582/782 bl:2.8168 bb:1.0749 rl:2.7542 rb:1.0588 dl:897-901 gd:1
ttp: b574/782 bl:2.7277 bb:1.0271 rl:2.7537 rb:1.0582 dl:871-873 gd:1
ttp: b563/782 bl:2.8419 bb:1.0762 rl:2.7554 rb:1.0585 dl:838-840 gd:1
ttp: b556/782 bl:2.8186 bb:1.0688 rl:2.7566 rb:1.0587 dl:815-818 gd:1
ttp: b548/782 bl:2.7745 bb:1.0596 rl:2.7569 rb:1.0587 dl:793-795 gd:1
ttp: b541/782 bl:2.8549 bb:1.0661 rl:2.7585 rb:1.0589 dl:774-777 gd:1
ttp: b533/782 bl:2.7419 bb:1.0400 rl:2.7583 rb:1.0586 dl:754-757 gd:1
ttp: b525/782 bl:2.7586 bb:1.0392 rl:2.7583 rb:1.0583 dl:735-737 gd:1
ttp: b518/782 bl:2.7804 bb:1.0505 rl:2.7586 rb:1.0581 dl:717-720 gd:1
ttp: b513/782 bl:2.7665 bb:1.0475 rl:2.7587 rb:1.0580 dl:705-707 gd:1
ttp: b505/782 bl:2.7680 bb:1.0548 rl:2.7588 rb:1.0579 dl:687-689 gd:1
ttp: b497/782 bl:2.8510 bb:1.0834 rl:2.7601 rb:1.0583 dl:668-670 gd:1
ttp: b489/782 bl:2.8026 bb:1.0670 rl:2.7606 rb:1.0584 dl:651-653 gd:1
ttp: b481/782 bl:2.7247 bb:1.0442 rl:2.7602 rb:1.0582 dl:635-637 gd:1
ttp: b473/782 bl:2.7679 bb:1.0558 rl:2.7603 rb:1.0582 dl:618-620 gd:1
ttp: b464/782 bl:2.7425 bb:1.0655 rl:2.7601 rb:1.0583 dl:601-602 gd:1
ttp: b455/782 bl:2.7255 bb:1.0468 rl:2.7597 rb:1.0581 dl:584-586 gd:1
ttp: b447/782 bl:2.8116 bb:1.0737 rl:2.7602 rb:1.0583 dl:569-571 gd:1
ttp: b439/782 bl:2.8085 bb:1.0530 rl:2.7607 rb:1.0583 dl:555-557 gd:1
ttp: b431/782 bl:2.8030 bb:1.0879 rl:2.7611 rb:1.0585 dl:540-542 gd:1
ttp: b423/782 bl:2.7562 bb:1.0563 rl:2.7611 rb:1.0585 dl:526-528 gd:1
ttp: b417/782 bl:2.6901 bb:1.0016 rl:2.7604 rb:1.0580 dl:516-518 gd:1
ttp: b409/782 bl:2.7228 bb:1.0569 rl:2.7601 rb:1.0580 dl:503-505 gd:1
ttp: b401/782 bl:2.7250 bb:1.0365 rl:2.7598 rb:1.0578 dl:490-492 gd:1
ttp: b393/782 bl:2.8612 bb:1.0911 rl:2.7606 rb:1.0581 dl:478-479 gd:1
ttp: b385/782 bl:2.8948 bb:1.1095 rl:2.7617 rb:1.0585 dl:466-467 gd:1
ttp: b377/782 bl:2.7926 bb:1.0893 rl:2.7620 rb:1.0587 dl:454-456 gd:1
ttp: b370/782 bl:2.7938 bb:1.0488 rl:2.7622 rb:1.0586 dl:444-446 gd:1
ttp: b363/782 bl:2.6479 bb:1.0465 rl:2.7614 rb:1.0585 dl:435-436 gd:1
ttp: b354/782 bl:2.7293 bb:1.0581 rl:2.7611 rb:1.0585 dl:421-423 gd:1
ttp: b346/782 bl:2.8251 bb:1.0833 rl:2.7616 rb:1.0587 dl:412-413 gd:1
ttp: b338/782 bl:2.8763 bb:1.1059 rl:2.7623 rb:1.0590 dl:400-402 gd:1
ttp: b330/782 bl:2.7936 bb:1.0826 rl:2.7625 rb:1.0592 dl:390-392 gd:1
ttp: b322/782 bl:2.8026 bb:1.1095 rl:2.7628 rb:1.0595 dl:380-381 gd:1
ttp: b314/782 bl:2.7286 bb:1.0587 rl:2.7626 rb:1.0595 dl:369-370 gd:1
ttp: b306/782 bl:2.8879 bb:1.1514 rl:2.7633 rb:1.0600 dl:360-361 gd:1
ttp: b298/782 bl:2.7725 bb:1.0615 rl:2.7634 rb:1.0600 dl:350-351 gd:1
ttp: b290/782 bl:2.9484 bb:1.1338 rl:2.7644 rb:1.0604 dl:340-341 gd:1
ttp: b282/782 bl:2.8032 bb:1.0914 rl:2.7646 rb:1.0606 dl:331-332 gd:1
ttp: b274/782 bl:2.7604 bb:1.0498 rl:2.7646 rb:1.0605 dl:322-323 gd:1
ttp: b266/782 bl:2.8559 bb:1.1015 rl:2.7650 rb:1.0607 dl:313-314 gd:1
ttp: b258/782 bl:2.8873 bb:1.1687 rl:2.7656 rb:1.0612 dl:304-305 gd:1
ttp: b252/782 bl:2.8995 bb:1.1320 rl:2.7662 rb:1.0615 dl:297-298 gd:1
ttp: b245/782 bl:2.9068 bb:1.1261 rl:2.7668 rb:1.0618 dl:290-291 gd:1
ttp: b237/782 bl:2.9786 bb:1.1669 rl:2.7678 rb:1.0622 dl:282-283 gd:1
ttp: b229/782 bl:2.9339 bb:1.1189 rl:2.7685 rb:1.0625 dl:274-275 gd:1
ttp: b220/782 bl:2.8179 bb:1.1164 rl:2.7687 rb:1.0627 dl:265-266 gd:1
ttp: b212/782 bl:2.9436 bb:1.1482 rl:2.7693 rb:1.0630 dl:257-258 gd:1
ttp: b204/782 bl:2.8194 bb:1.1343 rl:2.7695 rb:1.0633 dl:250-251 gd:1
ttp: b196/782 bl:2.9285 bb:1.1609 rl:2.7701 rb:1.0636 dl:243-244 gd:1
ttp: b189/782 bl:2.8790 bb:1.1356 rl:2.7705 rb:1.0639 dl:237-237 gd:1
ttp: b182/782 bl:2.8336 bb:1.1161 rl:2.7707 rb:1.0641 dl:230-231 gd:1
ttp: b175/782 bl:2.8467 bb:1.0979 rl:2.7710 rb:1.0642 dl:225-225 gd:1
ttp: b166/782 bl:2.9321 bb:1.1568 rl:2.7715 rb:1.0645 dl:217-218 gd:1
ttp: b158/782 bl:2.7887 bb:1.1153 rl:2.7716 rb:1.0646 dl:210-211 gd:1
ttp: b148/782 bl:2.9092 bb:1.1603 rl:2.7720 rb:1.0649 dl:202-203 gd:1
ttp: b140/782 bl:2.9873 bb:1.1883 rl:2.7726 rb:1.0652 dl:195-196 gd:1
ttp: b133/782 bl:3.0154 bb:1.2075 rl:2.7733 rb:1.0656 dl:190-190 gd:1
ttp: b124/782 bl:2.9566 bb:1.1787 rl:2.7738 rb:1.0659 dl:183-184 gd:1
ttp: b117/782 bl:2.9019 bb:1.1915 rl:2.7741 rb:1.0662 dl:178-178 gd:1
ttp: b108/782 bl:2.9342 bb:1.1414 rl:2.7745 rb:1.0664 dl:171-172 gd:1
ttp: b100/782 bl:2.9930 bb:1.1591 rl:2.7750 rb:1.0666 dl:165-166 gd:1
ttp: b93/782 bl:3.0343 bb:1.2057 rl:2.7756 rb:1.0669 dl:160-160 gd:1
ttp: b85/782 bl:3.0219 bb:1.2103 rl:2.7762 rb:1.0672 dl:154-154 gd:1
ttp: b77/782 bl:3.0735 bb:1.1743 rl:2.7768 rb:1.0675 dl:148-148 gd:1
ttp: b69/782 bl:3.0770 bb:1.2123 rl:2.7774 rb:1.0678 dl:142-142 gd:1
ttp: b60/782 bl:3.0701 bb:1.2141 rl:2.7780 rb:1.0680 dl:134-135 gd:1
ttp: b52/782 bl:3.0460 bb:1.1865 rl:2.7785 rb:1.0683 dl:128-129 gd:1
ttp: b43/782 bl:3.0406 bb:1.2082 rl:2.7789 rb:1.0685 dl:121-122 gd:1
ttp: b36/782 bl:3.0217 bb:1.2078 rl:2.7793 rb:1.0687 dl:115-116 gd:1
ttp: b28/782 bl:3.0811 bb:1.2535 rl:2.7798 rb:1.0690 dl:108-109 gd:1
ttp: b20/782 bl:3.1389 bb:1.2529 rl:2.7803 rb:1.0692 dl:101-102 gd:1
ttp: b13/782 bl:3.1166 bb:1.2412 rl:2.7808 rb:1.0695 dl:93-94 gd:1
ttp: b4/782 bl:3.1677 bb:1.2089 rl:2.7812 rb:1.0696 dl:78-80 gd:1
quantized_ttt_phased val_loss:2.77033844 val_bpb:1.07270429 eval_time:406754ms
total_eval_time:406.8s
