W0330 15:03:28.093000 61267 torch/distributed/run.py:803] 
W0330 15:03:28.093000 61267 torch/distributed/run.py:803] *****************************************
W0330 15:03:28.093000 61267 torch/distributed/run.py:803] Setting OMP_NUM_THREADS environment variable for each process to be 1 in default, to avoid your system being overloaded, please further tune the variable for optimal performance in your application as needed. 
W0330 15:03:28.093000 61267 torch/distributed/run.py:803] *****************************************
logs/673d9e95-056c-4e08-8377-b3b6e4499082.txt
val_bpb:enabled tokenizer_kind=sentencepiece tokenizer_path=./data/tokenizers/fineweb_1024_bpe.model
train_loader:dataset:fineweb10B_sp1024 train_shards:80
val_loader:shards pattern=./data/datasets/fineweb10B_sp1024/fineweb_val_*.bin tokens:62021632
model_params:26993756
mtp_num_heads:0 mtp_loss_weight:0.2 mtp_params:0
XSA:last_4 active_layers:[7, 8, 9, 10]
world_size:8 grad_accum_steps:1
sdp_backends:cudnn=False flash=True mem_efficient=False math=False
attention_mode:gqa num_heads:8 num_kv_heads:4
tie_embeddings:True embed_lr:0.035 head_lr:0.0 matrix_lr:0.025 scalar_lr:0.025
train_batch_tokens:786432 train_seq_len:2048 iterations:20000 warmup_steps:20 max_wallclock_seconds:600.000
seed:42
warmup_step:1/20
warmup_step:2/20
warmup_step:3/20
warmup_step:4/20
warmup_step:5/20
warmup_step:6/20
warmup_step:7/20
warmup_step:8/20
warmup_step:9/20
warmup_step:10/20
warmup_step:11/20
warmup_step:12/20
warmup_step:13/20
warmup_step:14/20
warmup_step:15/20
warmup_step:16/20
warmup_step:17/20
warmup_step:18/20
warmup_step:19/20
warmup_step:20/20
step:0/20000 val_loss:6.9297 val_bpb:4.1042 train_time:0ms step_avg:0.01ms
step:1/20000 train_loss:6.9319 train_time:131ms step_avg:131.21ms
step:2/20000 train_loss:8.6254 train_time:163ms step_avg:81.69ms
step:3/20000 train_loss:7.7122 train_time:243ms step_avg:81.09ms
step:4/20000 train_loss:7.2838 train_time:326ms step_avg:81.57ms
step:5/20000 train_loss:7.1730 train_time:410ms step_avg:82.09ms
step:6/20000 train_loss:7.0089 train_time:491ms step_avg:81.88ms
step:7/20000 train_loss:6.9173 train_time:572ms step_avg:81.72ms
step:8/20000 train_loss:6.8681 train_time:653ms step_avg:81.62ms
step:9/20000 train_loss:6.5562 train_time:734ms step_avg:81.56ms
step:10/20000 train_loss:6.2101 train_time:816ms step_avg:81.63ms
step:500/20000 train_loss:2.3987 train_time:41697ms step_avg:83.39ms
step:1000/20000 train_loss:2.2653 train_time:83666ms step_avg:83.67ms
step:1500/20000 train_loss:2.2104 train_time:125646ms step_avg:83.76ms
step:2000/20000 train_loss:2.0534 train_time:167632ms step_avg:83.82ms
step:2500/20000 train_loss:2.1560 train_time:209603ms step_avg:83.84ms
step:3000/20000 train_loss:2.1502 train_time:251570ms step_avg:83.86ms
step:3500/20000 train_loss:2.1711 train_time:293518ms step_avg:83.86ms
step:4000/20000 train_loss:1.9634 train_time:335480ms step_avg:83.87ms
step:4000/20000 val_loss:2.0569 val_bpb:1.2182 train_time:335529ms step_avg:83.88ms
step:4500/20000 train_loss:2.1154 train_time:377465ms step_avg:83.88ms
step:5000/20000 train_loss:2.0971 train_time:419373ms step_avg:83.87ms
step:5500/20000 train_loss:2.0142 train_time:461264ms step_avg:83.87ms
step:6000/20000 train_loss:1.9379 train_time:503155ms step_avg:83.86ms
swa:start step:6500
step:6500/20000 train_loss:2.0783 train_time:545043ms step_avg:83.85ms
late_qat:enabled step:6627 scale:0.1500
step:7000/20000 train_loss:1.7875 train_time:587587ms step_avg:83.94ms
step:7147/20000 val_loss:1.9212 val_bpb:1.1379 train_time:600106ms step_avg:83.97ms
stopping_early: wallclock_cap train_time:600106ms step:7147/20000
peak memory allocated: 21472 MiB reserved: 22004 MiB
ema:applying EMA weights
DIAGNOSTIC post_ema val_loss:1.9195 val_bpb:1.1368 eval_time:1993ms
Serialized model: 106158518 bytes
Code size: 107448 bytes
Serialized model int6+lzma: 15838836 bytes
Total submission size int6+lzma: 15946284 bytes
final_int6_roundtrip val_loss:1.9339 val_bpb:1.1454 eval_time:6318ms
final_int6_roundtrip_exact val_loss:1.93387639 val_bpb:1.14535053
final_int6_sliding_window val_loss:1.8942 val_bpb:1.1218 stride:64 eval_time:74755ms
final_int6_sliding_window_exact val_loss:1.89417975 val_bpb:1.12184291
final_int8_zlib_roundtrip_exact val_loss:1.89417975 val_bpb:1.12184291
ttt_sliding:start chunks=1893 chunk_tokens=32768 total_windows=969088 stride=64 ttt_lr=0.002 ttt_epochs=3 freeze_blocks=0 slot_lr=0.003 slot_steps=5
ttt_sliding:params unfrozen=26993756 frozen=0
  ttt_chunk [1/1893] bpb=1.147060 time=0.6s
  ttt_chunk [11/1893] bpb=1.144061 time=3.6s
  ttt_chunk [21/1893] bpb=1.129838 time=6.6s
  ttt_chunk [31/1893] bpb=1.127707 time=9.6s
  ttt_chunk [41/1893] bpb=1.113835 time=12.6s
  ttt_chunk [51/1893] bpb=1.107767 time=15.6s
  ttt_chunk [61/1893] bpb=1.114153 time=18.6s
  ttt_chunk [71/1893] bpb=1.112598 time=21.6s
  ttt_chunk [81/1893] bpb=1.111816 time=24.6s
  ttt_chunk [91/1893] bpb=1.112676 time=27.6s
  ttt_chunk [101/1893] bpb=1.116250 time=30.6s
  ttt_chunk [111/1893] bpb=1.118665 time=33.5s
  ttt_chunk [121/1893] bpb=1.112120 time=36.5s
  ttt_chunk [131/1893] bpb=1.112096 time=39.6s
  ttt_chunk [141/1893] bpb=1.117718 time=42.5s
  ttt_chunk [151/1893] bpb=1.119395 time=45.5s
  ttt_chunk [161/1893] bpb=1.118944 time=48.5s
  ttt_chunk [171/1893] bpb=1.123423 time=51.6s
  ttt_chunk [181/1893] bpb=1.125634 time=54.5s
  ttt_chunk [191/1893] bpb=1.132988 time=57.5s
  ttt_chunk [201/1893] bpb=1.131793 time=60.5s
  ttt_chunk [211/1893] bpb=1.129559 time=63.5s
  ttt_chunk [221/1893] bpb=1.131087 time=66.5s
  ttt_chunk [231/1893] bpb=1.129795 time=69.6s
  ttt_chunk [241/1893] bpb=1.130081 time=72.6s
  ttt_chunk [251/1893] bpb=1.129487 time=75.6s
  ttt_chunk [261/1893] bpb=1.126599 time=78.6s
  ttt_chunk [271/1893] bpb=1.125467 time=81.6s
  ttt_chunk [281/1893] bpb=1.126767 time=84.7s
  ttt_chunk [291/1893] bpb=1.128416 time=87.7s
  ttt_chunk [301/1893] bpb=1.129082 time=90.7s
  ttt_chunk [311/1893] bpb=1.131113 time=93.7s
  ttt_chunk [321/1893] bpb=1.133073 time=96.7s
  ttt_chunk [331/1893] bpb=1.132848 time=99.7s
  ttt_chunk [341/1893] bpb=1.131796 time=102.7s
  ttt_chunk [351/1893] bpb=1.134000 time=105.7s
  ttt_chunk [361/1893] bpb=1.134116 time=108.7s
  ttt_chunk [371/1893] bpb=1.133418 time=111.7s
  ttt_chunk [381/1893] bpb=1.133558 time=114.7s
  ttt_chunk [391/1893] bpb=1.133369 time=117.7s
  ttt_chunk [401/1893] bpb=1.131308 time=120.7s
  ttt_chunk [411/1893] bpb=1.130181 time=123.7s
  ttt_chunk [421/1893] bpb=1.129263 time=126.7s
  ttt_chunk [431/1893] bpb=1.129088 time=129.7s
  ttt_chunk [441/1893] bpb=1.129439 time=132.7s
  ttt_chunk [451/1893] bpb=1.129698 time=135.7s
  ttt_chunk [461/1893] bpb=1.128587 time=138.7s
  ttt_chunk [471/1893] bpb=1.129192 time=141.7s
  ttt_chunk [481/1893] bpb=1.128850 time=144.7s
  ttt_chunk [491/1893] bpb=1.127797 time=147.7s
  ttt_chunk [501/1893] bpb=1.127314 time=150.7s
  ttt_chunk [511/1893] bpb=1.126605 time=153.7s
  ttt_chunk [521/1893] bpb=1.124216 time=156.7s
  ttt_chunk [531/1893] bpb=1.125409 time=159.7s
  ttt_chunk [541/1893] bpb=1.125726 time=162.7s
  ttt_chunk [551/1893] bpb=1.124683 time=165.7s
  ttt_chunk [561/1893] bpb=1.125178 time=168.7s
  ttt_chunk [571/1893] bpb=1.124165 time=171.7s
  ttt_chunk [581/1893] bpb=1.123367 time=174.7s
  ttt_chunk [591/1893] bpb=1.122732 time=177.7s
  ttt_chunk [601/1893] bpb=1.123246 time=180.7s
  ttt_chunk [611/1893] bpb=1.123185 time=183.7s
  ttt_chunk [621/1893] bpb=1.123033 time=186.7s
  ttt_chunk [631/1893] bpb=1.123695 time=189.7s
  ttt_chunk [641/1893] bpb=1.123467 time=192.8s
  ttt_chunk [651/1893] bpb=1.123592 time=195.8s
  ttt_chunk [661/1893] bpb=1.123046 time=198.8s
  ttt_chunk [671/1893] bpb=1.123385 time=201.8s
  ttt_chunk [681/1893] bpb=1.124077 time=204.8s
  ttt_chunk [691/1893] bpb=1.125036 time=207.7s
  ttt_chunk [701/1893] bpb=1.124504 time=210.7s
  ttt_chunk [711/1893] bpb=1.124493 time=213.7s
  ttt_chunk [721/1893] bpb=1.124169 time=216.7s
  ttt_chunk [731/1893] bpb=1.124198 time=219.7s
  ttt_chunk [741/1893] bpb=1.124289 time=222.7s
  ttt_chunk [751/1893] bpb=1.124147 time=225.7s
  ttt_chunk [761/1893] bpb=1.124067 time=228.7s
  ttt_chunk [771/1893] bpb=1.123717 time=231.7s
  ttt_chunk [781/1893] bpb=1.124422 time=234.8s
  ttt_chunk [791/1893] bpb=1.124012 time=237.8s
  ttt_chunk [801/1893] bpb=1.124322 time=240.8s
  ttt_chunk [811/1893] bpb=1.124096 time=243.8s
  ttt_chunk [821/1893] bpb=1.123870 time=246.7s
  ttt_chunk [831/1893] bpb=1.123721 time=249.8s
  ttt_chunk [841/1893] bpb=1.123080 time=252.8s
  ttt_chunk [851/1893] bpb=1.122803 time=255.8s
  ttt_chunk [861/1893] bpb=1.122568 time=258.7s
  ttt_chunk [871/1893] bpb=1.122842 time=261.7s
  ttt_chunk [881/1893] bpb=1.122998 time=264.7s
  ttt_chunk [891/1893] bpb=1.122565 time=267.7s
  ttt_chunk [901/1893] bpb=1.122274 time=270.7s
  ttt_chunk [911/1893] bpb=1.122397 time=273.7s
  ttt_chunk [921/1893] bpb=1.122883 time=276.7s
  ttt_chunk [931/1893] bpb=1.122879 time=279.8s
  ttt_chunk [941/1893] bpb=1.122572 time=282.8s
  ttt_chunk [951/1893] bpb=1.122966 time=285.8s
  ttt_chunk [961/1893] bpb=1.123055 time=288.8s
  ttt_chunk [971/1893] bpb=1.123879 time=291.8s
  ttt_chunk [981/1893] bpb=1.123961 time=294.7s
  ttt_chunk [991/1893] bpb=1.123981 time=297.7s
  ttt_chunk [1001/1893] bpb=1.123932 time=300.7s
  ttt_chunk [1011/1893] bpb=1.123727 time=303.7s
  ttt_chunk [1021/1893] bpb=1.124061 time=306.7s
  ttt_chunk [1031/1893] bpb=1.124493 time=309.7s
  ttt_chunk [1041/1893] bpb=1.124149 time=312.8s
  ttt_chunk [1051/1893] bpb=1.123888 time=315.8s
  ttt_chunk [1061/1893] bpb=1.123941 time=318.8s
  ttt_chunk [1071/1893] bpb=1.124540 time=321.7s
  ttt_chunk [1081/1893] bpb=1.124810 time=324.7s
  ttt_chunk [1091/1893] bpb=1.125524 time=327.7s
  ttt_chunk [1101/1893] bpb=1.125518 time=330.7s
  ttt_chunk [1111/1893] bpb=1.125364 time=333.7s
  ttt_chunk [1121/1893] bpb=1.125157 time=336.7s
  ttt_chunk [1131/1893] bpb=1.125035 time=339.7s
  ttt_chunk [1141/1893] bpb=1.124730 time=342.7s
  ttt_chunk [1151/1893] bpb=1.124751 time=345.7s
  ttt_chunk [1161/1893] bpb=1.124354 time=348.7s
  ttt_chunk [1171/1893] bpb=1.124694 time=351.7s
  ttt_chunk [1181/1893] bpb=1.123949 time=354.7s
  ttt_chunk [1191/1893] bpb=1.123820 time=357.7s
  ttt_chunk [1201/1893] bpb=1.124224 time=360.7s
  ttt_chunk [1211/1893] bpb=1.123744 time=363.7s
  ttt_chunk [1221/1893] bpb=1.123429 time=366.7s
  ttt_chunk [1231/1893] bpb=1.123150 time=369.7s
  ttt_chunk [1241/1893] bpb=1.122810 time=372.7s
  ttt_chunk [1251/1893] bpb=1.122230 time=375.7s
  ttt_chunk [1261/1893] bpb=1.122208 time=378.7s
  ttt_chunk [1271/1893] bpb=1.121825 time=381.7s
  ttt_chunk [1281/1893] bpb=1.121618 time=384.7s
  ttt_chunk [1291/1893] bpb=1.121385 time=387.7s
  ttt_chunk [1301/1893] bpb=1.120816 time=390.7s
  ttt_chunk [1311/1893] bpb=1.120421 time=393.7s
  ttt_chunk [1321/1893] bpb=1.120092 time=396.7s
  ttt_chunk [1331/1893] bpb=1.120031 time=399.8s
  ttt_chunk [1341/1893] bpb=1.119911 time=402.7s
  ttt_chunk [1351/1893] bpb=1.119840 time=405.7s
  ttt_chunk [1361/1893] bpb=1.119902 time=408.7s
  ttt_chunk [1371/1893] bpb=1.119748 time=411.7s
  ttt_chunk [1381/1893] bpb=1.119749 time=414.7s
  ttt_chunk [1391/1893] bpb=1.119366 time=417.7s
  ttt_chunk [1401/1893] bpb=1.119339 time=420.7s
  ttt_chunk [1411/1893] bpb=1.119468 time=423.7s
  ttt_chunk [1421/1893] bpb=1.119714 time=426.7s
  ttt_chunk [1431/1893] bpb=1.119408 time=429.7s
  ttt_chunk [1441/1893] bpb=1.119908 time=432.7s
  ttt_chunk [1451/1893] bpb=1.120252 time=435.7s
  ttt_chunk [1461/1893] bpb=1.119792 time=438.7s
  ttt_chunk [1471/1893] bpb=1.120836 time=441.7s
  ttt_chunk [1481/1893] bpb=1.120381 time=444.7s
  ttt_chunk [1491/1893] bpb=1.120204 time=447.7s
  ttt_chunk [1501/1893] bpb=1.120117 time=450.7s
  ttt_chunk [1511/1893] bpb=1.120135 time=453.8s
  ttt_chunk [1521/1893] bpb=1.120157 time=456.8s
  ttt_chunk [1531/1893] bpb=1.119657 time=459.8s
  ttt_chunk [1541/1893] bpb=1.119515 time=462.8s
  ttt_chunk [1551/1893] bpb=1.119839 time=465.8s
  ttt_chunk [1561/1893] bpb=1.119828 time=468.8s
  ttt_chunk [1571/1893] bpb=1.119658 time=471.8s
  ttt_chunk [1581/1893] bpb=1.119782 time=474.8s
  ttt_chunk [1591/1893] bpb=1.119623 time=477.8s
  ttt_chunk [1601/1893] bpb=1.119795 time=480.8s
  ttt_chunk [1611/1893] bpb=1.119731 time=483.8s
  ttt_chunk [1621/1893] bpb=1.119326 time=486.8s
  ttt_chunk [1631/1893] bpb=1.119643 time=489.8s
  ttt_chunk [1641/1893] bpb=1.119650 time=492.8s
  ttt_chunk [1651/1893] bpb=1.119611 time=495.8s
  ttt_chunk [1661/1893] bpb=1.119478 time=498.8s
  ttt_chunk [1671/1893] bpb=1.119962 time=501.8s
  ttt_chunk [1681/1893] bpb=1.120106 time=504.8s
  ttt_chunk [1691/1893] bpb=1.119946 time=507.8s
  ttt_chunk [1701/1893] bpb=1.120109 time=510.8s
  ttt_chunk [1711/1893] bpb=1.120107 time=513.8s
  ttt_chunk [1721/1893] bpb=1.120118 time=516.8s
  ttt_chunk [1731/1893] bpb=1.119993 time=519.8s
  ttt_chunk [1741/1893] bpb=1.119797 time=522.8s
  ttt_chunk [1751/1893] bpb=1.119634 time=525.8s
  ttt_chunk [1761/1893] bpb=1.119779 time=528.8s
  ttt_chunk [1771/1893] bpb=1.119673 time=531.8s
  ttt_chunk [1781/1893] bpb=1.119704 time=534.8s
  ttt_chunk [1791/1893] bpb=1.119303 time=537.8s
  ttt_chunk [1801/1893] bpb=1.119189 time=540.8s
  ttt_chunk [1811/1893] bpb=1.119090 time=543.7s
  ttt_chunk [1821/1893] bpb=1.119138 time=546.7s
  ttt_chunk [1831/1893] bpb=1.118538 time=549.7s
  ttt_chunk [1841/1893] bpb=1.118482 time=552.8s
  ttt_chunk [1851/1893] bpb=1.118267 time=555.8s
  ttt_chunk [1861/1893] bpb=1.117898 time=558.7s
  ttt_chunk [1871/1893] bpb=1.117888 time=561.8s
  ttt_chunk [1881/1893] bpb=1.117438 time=564.8s
  ttt_chunk [1891/1893] bpb=1.117206 time=567.8s
  ttt_chunk [1893/1893] bpb=1.117246 time=568.2s
ttt_sliding:done val_loss=1.882830 val_bpb=1.115121 elapsed=568.2s
legal_ttt val_loss:1.8828 val_bpb:1.1151 eval_time:568707ms
legal_ttt_exact val_loss:1.88282969 val_bpb:1.11512075
